#
# There is insufficient memory for the Java Runtime Environment to continue.
# Native memory allocation (malloc) failed to allocate 1396496 bytes for Chunk::new
# Possible reasons:
#   The system is out of physical RAM or swap space
#   The process is running with CompressedOops enabled, and the Java Heap may be blocking the growth of the native heap
# Possible solutions:
#   Reduce memory load on the system
#   Increase physical memory or swap space
#   Check if swap backing store is full
#   Decrease Java heap size (-Xmx/-Xms)
#   Decrease number of Java threads
#   Decrease Java thread stack sizes (-Xss)
#   Set larger code cache with -XX:ReservedCodeCacheSize=
#   JVM is running with Unscaled Compressed Oops mode in which the Java heap is
#     placed in the first 4GB address space. The Java Heap base address is the
#     maximum limit for the native heap growth. Please use -XX:HeapBaseMinAddress
#     to set the Java Heap base and to place the Java Heap above 4GB virtual address.
# This output file may be truncated or incomplete.
#
#  Out of Memory Error (./src/hotspot/share/memory/arena.cpp:197), pid=24900, tid=8624
#
# JRE version: OpenJDK Runtime Environment (11.0.12+7) (build 11.0.12+7-b1504.28-7817840)
# Java VM: OpenJDK 64-Bit Server VM (11.0.12+7-b1504.28-7817840, mixed mode, tiered, compressed oops, g1 gc, windows-amd64)
# No core dump will be written. Minidumps are not enabled by default on client versions of Windows
#

---------------  S U M M A R Y ------------

Command Line: --add-opens=java.base/java.util=ALL-UNNAMED --add-opens=java.base/java.lang=ALL-UNNAMED --add-opens=java.base/java.lang.invoke=ALL-UNNAMED --add-opens=java.base/java.util=ALL-UNNAMED --add-opens=java.prefs/java.util.prefs=ALL-UNNAMED --add-opens=java.prefs/java.util.prefs=ALL-UNNAMED --add-opens=java.base/java.nio.charset=ALL-UNNAMED --add-opens=java.base/java.net=ALL-UNNAMED --add-opens=java.base/java.util.concurrent.atomic=ALL-UNNAMED -Xmx1536M -Dfile.encoding=windows-1252 -Duser.country=TR -Duser.language=tr -Duser.variant org.gradle.launcher.daemon.bootstrap.GradleDaemon 7.4

Host: Intel(R) Core(TM) i7-7700HQ CPU @ 2.80GHz, 8 cores, 15G,  Windows 10 , 64 bit Build 19041 (10.0.19041.2546)
Time: Tue Apr 11 16:42:00 2023 Türkiye Standart Saati elapsed time: 7.596498 seconds (0d 0h 0m 7s)

---------------  T H R E A D  ---------------

Current thread (0x000001a1f072e000):  JavaThread "C2 CompilerThread1" daemon [_thread_in_native, id=8624, stack(0x00000083d7f00000,0x00000083d8000000)]


Current CompileTask:
C2:   7596 2315   !   4       java.net.URL::<init> (543 bytes)

Stack: [0x00000083d7f00000,0x00000083d8000000]
Native frames: (J=compiled Java code, j=interpreted, Vv=VM code, C=native code)
V  [jvm.dll+0x5fbcea]
V  [jvm.dll+0x731905]
V  [jvm.dll+0x732f1d]
V  [jvm.dll+0x7335d3]
V  [jvm.dll+0x247bf8]
V  [jvm.dll+0xc018c]
V  [jvm.dll+0xc06cc]
V  [jvm.dll+0x35b31d]
V  [jvm.dll+0x328803]
V  [jvm.dll+0x327cfa]
V  [jvm.dll+0x200602]
V  [jvm.dll+0x1ff794]
V  [jvm.dll+0x18868c]
V  [jvm.dll+0x20e0d7]
V  [jvm.dll+0x20c901]
V  [jvm.dll+0x6f9b7f]
V  [jvm.dll+0x6f26a5]
V  [jvm.dll+0x5fabf6]
C  [ucrtbase.dll+0x21bb2]
C  [KERNEL32.DLL+0x17614]
C  [ntdll.dll+0x526a1]


---------------  P R O C E S S  ---------------

Threads class SMR info:
_java_thread_list=0x000001a1f3dccac0, length=30, elements={
0x000001a1d6811000, 0x000001a1ef9de800, 0x000001a1f0219000, 0x000001a1f0270800,
0x000001a1f0274800, 0x000001a1f0276800, 0x000001a1f0277800, 0x000001a1f0283000,
0x000001a1f028b800, 0x000001a1f03ef000, 0x000001a1f11eb000, 0x000001a1f11eb800,
0x000001a1f11e7800, 0x000001a1f11ec800, 0x000001a1f11ea000, 0x000001a1f11e7000,
0x000001a1f11ed800, 0x000001a1f11e8800, 0x000001a1f11e9800, 0x000001a1f1345000,
0x000001a1f1347800, 0x000001a1f1342000, 0x000001a1f1343800, 0x000001a1f072e000,
0x000001a1f1348800, 0x000001a1f1344800, 0x000001a1f1346000, 0x000001a1f1347000,
0x000001a1f1342800, 0x000001a1f2d7c800
}

Java Threads: ( => current thread )
  0x000001a1d6811000 JavaThread "main" [_thread_blocked, id=15216, stack(0x00000083d5900000,0x00000083d5a00000)]
  0x000001a1ef9de800 JavaThread "Reference Handler" daemon [_thread_blocked, id=6736, stack(0x00000083d6000000,0x00000083d6100000)]
  0x000001a1f0219000 JavaThread "Finalizer" daemon [_thread_blocked, id=5940, stack(0x00000083d6100000,0x00000083d6200000)]
  0x000001a1f0270800 JavaThread "Signal Dispatcher" daemon [_thread_blocked, id=12540, stack(0x00000083d6200000,0x00000083d6300000)]
  0x000001a1f0274800 JavaThread "Attach Listener" daemon [_thread_blocked, id=24332, stack(0x00000083d6300000,0x00000083d6400000)]
  0x000001a1f0276800 JavaThread "Service Thread" daemon [_thread_blocked, id=11376, stack(0x00000083d6400000,0x00000083d6500000)]
  0x000001a1f0277800 JavaThread "C2 CompilerThread0" daemon [_thread_in_native, id=11452, stack(0x00000083d6500000,0x00000083d6600000)]
  0x000001a1f0283000 JavaThread "C1 CompilerThread0" daemon [_thread_blocked, id=15252, stack(0x00000083d6600000,0x00000083d6700000)]
  0x000001a1f028b800 JavaThread "Sweeper thread" daemon [_thread_blocked, id=3284, stack(0x00000083d6700000,0x00000083d6800000)]
  0x000001a1f03ef000 JavaThread "Common-Cleaner" daemon [_thread_blocked, id=19444, stack(0x00000083d6800000,0x00000083d6900000)]
  0x000001a1f11eb000 JavaThread "Daemon health stats" [_thread_blocked, id=16028, stack(0x00000083d7100000,0x00000083d7200000)]
  0x000001a1f11eb800 JavaThread "Incoming local TCP Connector on port 56451" [_thread_in_native, id=2312, stack(0x00000083d6a00000,0x00000083d6b00000)]
  0x000001a1f11e7800 JavaThread "Daemon periodic checks" [_thread_blocked, id=24416, stack(0x00000083d7000000,0x00000083d7100000)]
  0x000001a1f11ec800 JavaThread "Daemon" [_thread_blocked, id=10732, stack(0x00000083d7200000,0x00000083d7300000)]
  0x000001a1f11ea000 JavaThread "Handler for socket connection from /127.0.0.1:56451 to /127.0.0.1:56453" [_thread_in_native, id=6568, stack(0x00000083d7300000,0x00000083d7400000)]
  0x000001a1f11e7000 JavaThread "Cancel handler" [_thread_blocked, id=7136, stack(0x00000083d7400000,0x00000083d7500000)]
  0x000001a1f11ed800 JavaThread "Daemon worker" [_thread_in_vm, id=19652, stack(0x00000083d7500000,0x00000083d7600000)]
  0x000001a1f11e8800 JavaThread "Asynchronous log dispatcher for DefaultDaemonConnection: socket connection from /127.0.0.1:56451 to /127.0.0.1:56453" [_thread_blocked, id=12016, stack(0x00000083d7600000,0x00000083d7700000)]
  0x000001a1f11e9800 JavaThread "Stdin handler" [_thread_blocked, id=20912, stack(0x00000083d7700000,0x00000083d7800000)]
  0x000001a1f1345000 JavaThread "Daemon client event forwarder" [_thread_blocked, id=15344, stack(0x00000083d7800000,0x00000083d7900000)]
  0x000001a1f1347800 JavaThread "Cache worker for journal cache (C:\Users\ASUS\.gradle\caches\journal-1)" [_thread_blocked, id=2172, stack(0x00000083d7b00000,0x00000083d7c00000)]
  0x000001a1f1342000 JavaThread "File lock request listener" [_thread_in_native, id=10532, stack(0x00000083d7c00000,0x00000083d7d00000)]
  0x000001a1f1343800 JavaThread "Cache worker for file hash cache (C:\Users\ASUS\.gradle\caches\7.4\fileHashes)" [_thread_blocked, id=5592, stack(0x00000083d7d00000,0x00000083d7e00000)]
=>0x000001a1f072e000 JavaThread "C2 CompilerThread1" daemon [_thread_in_native, id=8624, stack(0x00000083d7f00000,0x00000083d8000000)]
  0x000001a1f1348800 JavaThread "File watcher server" daemon [_thread_in_native, id=18560, stack(0x00000083d8000000,0x00000083d8100000)]
  0x000001a1f1344800 JavaThread "File watcher consumer" daemon [_thread_blocked, id=3080, stack(0x00000083d8100000,0x00000083d8200000)]
  0x000001a1f1346000 JavaThread "Cache worker for checksums cache (C:\Users\ASUS\AndroidStudioProjects\beklenenYasamSuresiHesaplama\android\.gradle\7.4\checksums)" [_thread_blocked, id=21424, stack(0x00000083d8200000,0x00000083d8300000)]
  0x000001a1f1347000 JavaThread "Cache worker for cache directory md-rule (C:\Users\ASUS\.gradle\caches\7.4\md-rule)" [_thread_blocked, id=11952, stack(0x00000083d8300000,0x00000083d8400000)]
  0x000001a1f1342800 JavaThread "Cache worker for file hash cache (C:\Users\ASUS\AndroidStudioProjects\beklenenYasamSuresiHesaplama\android\.gradle\7.4\fileHashes)" [_thread_blocked, id=15392, stack(0x00000083d8400000,0x00000083d8500000)]
  0x000001a1f2d7c800 JavaThread "Cache worker for cache directory md-supplier (C:\Users\ASUS\.gradle\caches\7.4\md-supplier)" [_thread_blocked, id=11924, stack(0x00000083d8500000,0x00000083d8600000)]

Other Threads:
  0x000001a1ef9db000 VMThread "VM Thread" [stack: 0x00000083d5f00000,0x00000083d6000000] [id=4728]
  0x000001a1f040a000 WatcherThread [stack: 0x00000083d6900000,0x00000083d6a00000] [id=16280]
  0x000001a1d682a000 GCTaskThread "GC Thread#0" [stack: 0x00000083d5a00000,0x00000083d5b00000] [id=9376]
  0x000001a1f0fad800 GCTaskThread "GC Thread#1" [stack: 0x00000083d6b00000,0x00000083d6c00000] [id=7308]
  0x000001a1f09a6800 GCTaskThread "GC Thread#2" [stack: 0x00000083d6c00000,0x00000083d6d00000] [id=23244]
  0x000001a1f1241800 GCTaskThread "GC Thread#3" [stack: 0x00000083d6d00000,0x00000083d6e00000] [id=22092]
  0x000001a1f0db1000 GCTaskThread "GC Thread#4" [stack: 0x00000083d6e00000,0x00000083d6f00000] [id=3464]
  0x000001a1f12d9000 GCTaskThread "GC Thread#5" [stack: 0x00000083d6f00000,0x00000083d7000000] [id=8256]
  0x000001a1f1803000 GCTaskThread "GC Thread#6" [stack: 0x00000083d7900000,0x00000083d7a00000] [id=11060]
  0x000001a1f2b85000 GCTaskThread "GC Thread#7" [stack: 0x00000083d7a00000,0x00000083d7b00000] [id=1816]
  0x000001a1d6851800 ConcurrentGCThread "G1 Main Marker" [stack: 0x00000083d5b00000,0x00000083d5c00000] [id=11292]
  0x000001a1d6853800 ConcurrentGCThread "G1 Conc#0" [stack: 0x00000083d5c00000,0x00000083d5d00000] [id=12152]
  0x000001a1f0f27800 ConcurrentGCThread "G1 Conc#1" [stack: 0x00000083d7e00000,0x00000083d7f00000] [id=9440]
  0x000001a1ef854800 ConcurrentGCThread "G1 Refine#0" [stack: 0x00000083d5d00000,0x00000083d5e00000] [id=7732]
  0x000001a1ef855000 ConcurrentGCThread "G1 Young RemSet Sampling" [stack: 0x00000083d5e00000,0x00000083d5f00000] [id=12900]

Threads with active compile tasks:
C2 CompilerThread0   7629 2420       4       java.lang.StringLatin1::toUpperCase (180 bytes)
C2 CompilerThread1   7629 2315   !   4       java.net.URL::<init> (543 bytes)

VM state:not at safepoint (normal execution)

VM Mutex/Monitor currently owned by a thread: None

Heap address: 0x00000000a0000000, size: 1536 MB, Compressed Oops mode: 32-bit
Narrow klass base: 0x0000000000000000, Narrow klass shift: 3
Compressed class space size: 1073741824 Address: 0x0000000100000000

Heap:
 garbage-first heap   total 262144K, used 31337K [0x00000000a0000000, 0x0000000100000000)
  region size 1024K, 16 young (16384K), 4 survivors (4096K)
 Metaspace       used 28597K, capacity 29245K, committed 29440K, reserved 1075200K
  class space    used 3761K, capacity 3999K, committed 4096K, reserved 1048576K
Heap Regions: E=young(eden), S=young(survivor), O=old, HS=humongous(starts), HC=humongous(continues), CS=collection set, F=free, A=archive, TAMS=top-at-mark-start (previous, next)
|   0|0x00000000a0000000, 0x00000000a0100000, 0x00000000a0100000|100%| O|  |TAMS 0x00000000a0100000, 0x00000000a0000000| Untracked 
|   1|0x00000000a0100000, 0x00000000a0200000, 0x00000000a0200000|100%| O|  |TAMS 0x00000000a0200000, 0x00000000a0100000| Untracked 
|   2|0x00000000a0200000, 0x00000000a0300000, 0x00000000a0300000|100%| O|  |TAMS 0x00000000a0300000, 0x00000000a0200000| Untracked 
|   3|0x00000000a0300000, 0x00000000a0400000, 0x00000000a0400000|100%|HS|  |TAMS 0x00000000a0400000, 0x00000000a0300000| Complete 
|   4|0x00000000a0400000, 0x00000000a0500000, 0x00000000a0500000|100%|HC|  |TAMS 0x00000000a0500000, 0x00000000a0400000| Complete 
|   5|0x00000000a0500000, 0x00000000a0600000, 0x00000000a0600000|100%|HC|  |TAMS 0x00000000a0600000, 0x00000000a0500000| Complete 
|   6|0x00000000a0600000, 0x00000000a0700000, 0x00000000a0700000|100%| O|  |TAMS 0x00000000a0700000, 0x00000000a0600000| Untracked 
|   7|0x00000000a0700000, 0x00000000a0800000, 0x00000000a0800000|100%| O|  |TAMS 0x00000000a0800000, 0x00000000a0700000| Untracked 
|   8|0x00000000a0800000, 0x00000000a0900000, 0x00000000a0900000|100%| O|  |TAMS 0x00000000a0900000, 0x00000000a0800000| Untracked 
|   9|0x00000000a0900000, 0x00000000a0a00000, 0x00000000a0a00000|100%| O|  |TAMS 0x00000000a0a00000, 0x00000000a0900000| Untracked 
|  10|0x00000000a0a00000, 0x00000000a0b00000, 0x00000000a0b00000|100%| O|  |TAMS 0x00000000a0b00000, 0x00000000a0a00000| Untracked 
|  11|0x00000000a0b00000, 0x00000000a0c00000, 0x00000000a0c00000|100%| O|  |TAMS 0x00000000a0c00000, 0x00000000a0b00000| Untracked 
|  12|0x00000000a0c00000, 0x00000000a0d00000, 0x00000000a0d00000|100%| O|  |TAMS 0x00000000a0d00000, 0x00000000a0c00000| Untracked 
|  13|0x00000000a0d00000, 0x00000000a0e00000, 0x00000000a0e00000|100%| O|  |TAMS 0x00000000a0e00000, 0x00000000a0d00000| Untracked 
|  14|0x00000000a0e00000, 0x00000000a0f00000, 0x00000000a0f00000|100%| O|  |TAMS 0x00000000a0f00000, 0x00000000a0e00000| Untracked 
|  15|0x00000000a0f00000, 0x00000000a1000000, 0x00000000a1000000|100%| O|  |TAMS 0x00000000a1000000, 0x00000000a0f00000| Untracked 
|  16|0x00000000a1000000, 0x00000000a1066e00, 0x00000000a1100000| 40%| O|  |TAMS 0x00000000a1066e00, 0x00000000a1000000| Untracked 
|  17|0x00000000a1100000, 0x00000000a1100000, 0x00000000a1200000|  0%| F|  |TAMS 0x00000000a1100000, 0x00000000a1100000| Untracked 
|  18|0x00000000a1200000, 0x00000000a1200000, 0x00000000a1300000|  0%| F|  |TAMS 0x00000000a1200000, 0x00000000a1200000| Untracked 
|  19|0x00000000a1300000, 0x00000000a1300000, 0x00000000a1400000|  0%| F|  |TAMS 0x00000000a1300000, 0x00000000a1300000| Untracked 
|  20|0x00000000a1400000, 0x00000000a1400000, 0x00000000a1500000|  0%| F|  |TAMS 0x00000000a1400000, 0x00000000a1400000| Untracked 
|  21|0x00000000a1500000, 0x00000000a1500000, 0x00000000a1600000|  0%| F|  |TAMS 0x00000000a1500000, 0x00000000a1500000| Untracked 
|  22|0x00000000a1600000, 0x00000000a1600000, 0x00000000a1700000|  0%| F|  |TAMS 0x00000000a1600000, 0x00000000a1600000| Untracked 
|  23|0x00000000a1700000, 0x00000000a1700000, 0x00000000a1800000|  0%| F|  |TAMS 0x00000000a1700000, 0x00000000a1700000| Untracked 
|  24|0x00000000a1800000, 0x00000000a1800000, 0x00000000a1900000|  0%| F|  |TAMS 0x00000000a1800000, 0x00000000a1800000| Untracked 
|  25|0x00000000a1900000, 0x00000000a1900000, 0x00000000a1a00000|  0%| F|  |TAMS 0x00000000a1900000, 0x00000000a1900000| Untracked 
|  26|0x00000000a1a00000, 0x00000000a1a00000, 0x00000000a1b00000|  0%| F|  |TAMS 0x00000000a1a00000, 0x00000000a1a00000| Untracked 
|  27|0x00000000a1b00000, 0x00000000a1b00000, 0x00000000a1c00000|  0%| F|  |TAMS 0x00000000a1b00000, 0x00000000a1b00000| Untracked 
|  28|0x00000000a1c00000, 0x00000000a1c00000, 0x00000000a1d00000|  0%| F|  |TAMS 0x00000000a1c00000, 0x00000000a1c00000| Untracked 
|  29|0x00000000a1d00000, 0x00000000a1d00000, 0x00000000a1e00000|  0%| F|  |TAMS 0x00000000a1d00000, 0x00000000a1d00000| Untracked 
|  30|0x00000000a1e00000, 0x00000000a1e00000, 0x00000000a1f00000|  0%| F|  |TAMS 0x00000000a1e00000, 0x00000000a1e00000| Untracked 
|  31|0x00000000a1f00000, 0x00000000a1f00000, 0x00000000a2000000|  0%| F|  |TAMS 0x00000000a1f00000, 0x00000000a1f00000| Untracked 
|  32|0x00000000a2000000, 0x00000000a2000000, 0x00000000a2100000|  0%| F|  |TAMS 0x00000000a2000000, 0x00000000a2000000| Untracked 
|  33|0x00000000a2100000, 0x00000000a2100000, 0x00000000a2200000|  0%| F|  |TAMS 0x00000000a2100000, 0x00000000a2100000| Untracked 
|  34|0x00000000a2200000, 0x00000000a2200000, 0x00000000a2300000|  0%| F|  |TAMS 0x00000000a2200000, 0x00000000a2200000| Untracked 
|  35|0x00000000a2300000, 0x00000000a2300000, 0x00000000a2400000|  0%| F|  |TAMS 0x00000000a2300000, 0x00000000a2300000| Untracked 
|  36|0x00000000a2400000, 0x00000000a2400000, 0x00000000a2500000|  0%| F|  |TAMS 0x00000000a2400000, 0x00000000a2400000| Untracked 
|  37|0x00000000a2500000, 0x00000000a2500000, 0x00000000a2600000|  0%| F|  |TAMS 0x00000000a2500000, 0x00000000a2500000| Untracked 
|  38|0x00000000a2600000, 0x00000000a2600000, 0x00000000a2700000|  0%| F|  |TAMS 0x00000000a2600000, 0x00000000a2600000| Untracked 
|  39|0x00000000a2700000, 0x00000000a2700000, 0x00000000a2800000|  0%| F|  |TAMS 0x00000000a2700000, 0x00000000a2700000| Untracked 
|  40|0x00000000a2800000, 0x00000000a2800000, 0x00000000a2900000|  0%| F|  |TAMS 0x00000000a2800000, 0x00000000a2800000| Untracked 
|  41|0x00000000a2900000, 0x00000000a2900000, 0x00000000a2a00000|  0%| F|  |TAMS 0x00000000a2900000, 0x00000000a2900000| Untracked 
|  42|0x00000000a2a00000, 0x00000000a2a00000, 0x00000000a2b00000|  0%| F|  |TAMS 0x00000000a2a00000, 0x00000000a2a00000| Untracked 
|  43|0x00000000a2b00000, 0x00000000a2b00000, 0x00000000a2c00000|  0%| F|  |TAMS 0x00000000a2b00000, 0x00000000a2b00000| Untracked 
|  44|0x00000000a2c00000, 0x00000000a2c00000, 0x00000000a2d00000|  0%| F|  |TAMS 0x00000000a2c00000, 0x00000000a2c00000| Untracked 
|  45|0x00000000a2d00000, 0x00000000a2d00000, 0x00000000a2e00000|  0%| F|  |TAMS 0x00000000a2d00000, 0x00000000a2d00000| Untracked 
|  46|0x00000000a2e00000, 0x00000000a2e00000, 0x00000000a2f00000|  0%| F|  |TAMS 0x00000000a2e00000, 0x00000000a2e00000| Untracked 
|  47|0x00000000a2f00000, 0x00000000a2f00000, 0x00000000a3000000|  0%| F|  |TAMS 0x00000000a2f00000, 0x00000000a2f00000| Untracked 
|  48|0x00000000a3000000, 0x00000000a3000000, 0x00000000a3100000|  0%| F|  |TAMS 0x00000000a3000000, 0x00000000a3000000| Untracked 
|  49|0x00000000a3100000, 0x00000000a3100000, 0x00000000a3200000|  0%| F|  |TAMS 0x00000000a3100000, 0x00000000a3100000| Untracked 
|  50|0x00000000a3200000, 0x00000000a3200000, 0x00000000a3300000|  0%| F|  |TAMS 0x00000000a3200000, 0x00000000a3200000| Untracked 
|  51|0x00000000a3300000, 0x00000000a3300000, 0x00000000a3400000|  0%| F|  |TAMS 0x00000000a3300000, 0x00000000a3300000| Untracked 
|  52|0x00000000a3400000, 0x00000000a3400000, 0x00000000a3500000|  0%| F|  |TAMS 0x00000000a3400000, 0x00000000a3400000| Untracked 
|  53|0x00000000a3500000, 0x00000000a3500000, 0x00000000a3600000|  0%| F|  |TAMS 0x00000000a3500000, 0x00000000a3500000| Untracked 
|  54|0x00000000a3600000, 0x00000000a3600000, 0x00000000a3700000|  0%| F|  |TAMS 0x00000000a3600000, 0x00000000a3600000| Untracked 
|  55|0x00000000a3700000, 0x00000000a3700000, 0x00000000a3800000|  0%| F|  |TAMS 0x00000000a3700000, 0x00000000a3700000| Untracked 
|  56|0x00000000a3800000, 0x00000000a3800000, 0x00000000a3900000|  0%| F|  |TAMS 0x00000000a3800000, 0x00000000a3800000| Untracked 
|  57|0x00000000a3900000, 0x00000000a3900000, 0x00000000a3a00000|  0%| F|  |TAMS 0x00000000a3900000, 0x00000000a3900000| Untracked 
|  58|0x00000000a3a00000, 0x00000000a3a00000, 0x00000000a3b00000|  0%| F|  |TAMS 0x00000000a3a00000, 0x00000000a3a00000| Untracked 
|  59|0x00000000a3b00000, 0x00000000a3b00000, 0x00000000a3c00000|  0%| F|  |TAMS 0x00000000a3b00000, 0x00000000a3b00000| Untracked 
|  60|0x00000000a3c00000, 0x00000000a3c00000, 0x00000000a3d00000|  0%| F|  |TAMS 0x00000000a3c00000, 0x00000000a3c00000| Untracked 
|  61|0x00000000a3d00000, 0x00000000a3d00000, 0x00000000a3e00000|  0%| F|  |TAMS 0x00000000a3d00000, 0x00000000a3d00000| Untracked 
|  62|0x00000000a3e00000, 0x00000000a3e00000, 0x00000000a3f00000|  0%| F|  |TAMS 0x00000000a3e00000, 0x00000000a3e00000| Untracked 
|  63|0x00000000a3f00000, 0x00000000a3f00000, 0x00000000a4000000|  0%| F|  |TAMS 0x00000000a3f00000, 0x00000000a3f00000| Untracked 
|  64|0x00000000a4000000, 0x00000000a4000000, 0x00000000a4100000|  0%| F|  |TAMS 0x00000000a4000000, 0x00000000a4000000| Untracked 
|  65|0x00000000a4100000, 0x00000000a4100000, 0x00000000a4200000|  0%| F|  |TAMS 0x00000000a4100000, 0x00000000a4100000| Untracked 
|  66|0x00000000a4200000, 0x00000000a4200000, 0x00000000a4300000|  0%| F|  |TAMS 0x00000000a4200000, 0x00000000a4200000| Untracked 
|  67|0x00000000a4300000, 0x00000000a4300000, 0x00000000a4400000|  0%| F|  |TAMS 0x00000000a4300000, 0x00000000a4300000| Untracked 
|  68|0x00000000a4400000, 0x00000000a4400000, 0x00000000a4500000|  0%| F|  |TAMS 0x00000000a4400000, 0x00000000a4400000| Untracked 
|  69|0x00000000a4500000, 0x00000000a4500000, 0x00000000a4600000|  0%| F|  |TAMS 0x00000000a4500000, 0x00000000a4500000| Untracked 
|  70|0x00000000a4600000, 0x00000000a4600000, 0x00000000a4700000|  0%| F|  |TAMS 0x00000000a4600000, 0x00000000a4600000| Untracked 
|  71|0x00000000a4700000, 0x00000000a4700000, 0x00000000a4800000|  0%| F|  |TAMS 0x00000000a4700000, 0x00000000a4700000| Untracked 
|  72|0x00000000a4800000, 0x00000000a4800000, 0x00000000a4900000|  0%| F|  |TAMS 0x00000000a4800000, 0x00000000a4800000| Untracked 
|  73|0x00000000a4900000, 0x00000000a4900000, 0x00000000a4a00000|  0%| F|  |TAMS 0x00000000a4900000, 0x00000000a4900000| Untracked 
|  74|0x00000000a4a00000, 0x00000000a4a00000, 0x00000000a4b00000|  0%| F|  |TAMS 0x00000000a4a00000, 0x00000000a4a00000| Untracked 
|  75|0x00000000a4b00000, 0x00000000a4b00000, 0x00000000a4c00000|  0%| F|  |TAMS 0x00000000a4b00000, 0x00000000a4b00000| Untracked 
|  76|0x00000000a4c00000, 0x00000000a4c00000, 0x00000000a4d00000|  0%| F|  |TAMS 0x00000000a4c00000, 0x00000000a4c00000| Untracked 
|  77|0x00000000a4d00000, 0x00000000a4d00000, 0x00000000a4e00000|  0%| F|  |TAMS 0x00000000a4d00000, 0x00000000a4d00000| Untracked 
|  78|0x00000000a4e00000, 0x00000000a4e00000, 0x00000000a4f00000|  0%| F|  |TAMS 0x00000000a4e00000, 0x00000000a4e00000| Untracked 
|  79|0x00000000a4f00000, 0x00000000a4f00000, 0x00000000a5000000|  0%| F|  |TAMS 0x00000000a4f00000, 0x00000000a4f00000| Untracked 
|  80|0x00000000a5000000, 0x00000000a5000000, 0x00000000a5100000|  0%| F|  |TAMS 0x00000000a5000000, 0x00000000a5000000| Untracked 
|  81|0x00000000a5100000, 0x00000000a5100000, 0x00000000a5200000|  0%| F|  |TAMS 0x00000000a5100000, 0x00000000a5100000| Untracked 
|  82|0x00000000a5200000, 0x00000000a5200000, 0x00000000a5300000|  0%| F|  |TAMS 0x00000000a5200000, 0x00000000a5200000| Untracked 
|  83|0x00000000a5300000, 0x00000000a5300000, 0x00000000a5400000|  0%| F|  |TAMS 0x00000000a5300000, 0x00000000a5300000| Untracked 
|  84|0x00000000a5400000, 0x00000000a5400000, 0x00000000a5500000|  0%| F|  |TAMS 0x00000000a5400000, 0x00000000a5400000| Untracked 
|  85|0x00000000a5500000, 0x00000000a5500000, 0x00000000a5600000|  0%| F|  |TAMS 0x00000000a5500000, 0x00000000a5500000| Untracked 
|  86|0x00000000a5600000, 0x00000000a5600000, 0x00000000a5700000|  0%| F|  |TAMS 0x00000000a5600000, 0x00000000a5600000| Untracked 
|  87|0x00000000a5700000, 0x00000000a5700000, 0x00000000a5800000|  0%| F|  |TAMS 0x00000000a5700000, 0x00000000a5700000| Untracked 
|  88|0x00000000a5800000, 0x00000000a5800000, 0x00000000a5900000|  0%| F|  |TAMS 0x00000000a5800000, 0x00000000a5800000| Untracked 
|  89|0x00000000a5900000, 0x00000000a5900000, 0x00000000a5a00000|  0%| F|  |TAMS 0x00000000a5900000, 0x00000000a5900000| Untracked 
|  90|0x00000000a5a00000, 0x00000000a5a00000, 0x00000000a5b00000|  0%| F|  |TAMS 0x00000000a5a00000, 0x00000000a5a00000| Untracked 
|  91|0x00000000a5b00000, 0x00000000a5b00000, 0x00000000a5c00000|  0%| F|  |TAMS 0x00000000a5b00000, 0x00000000a5b00000| Untracked 
|  92|0x00000000a5c00000, 0x00000000a5c00000, 0x00000000a5d00000|  0%| F|  |TAMS 0x00000000a5c00000, 0x00000000a5c00000| Untracked 
|  93|0x00000000a5d00000, 0x00000000a5d00000, 0x00000000a5e00000|  0%| F|  |TAMS 0x00000000a5d00000, 0x00000000a5d00000| Untracked 
|  94|0x00000000a5e00000, 0x00000000a5e00000, 0x00000000a5f00000|  0%| F|  |TAMS 0x00000000a5e00000, 0x00000000a5e00000| Untracked 
|  95|0x00000000a5f00000, 0x00000000a5f00000, 0x00000000a6000000|  0%| F|  |TAMS 0x00000000a5f00000, 0x00000000a5f00000| Untracked 
|  96|0x00000000a6000000, 0x00000000a6000000, 0x00000000a6100000|  0%| F|  |TAMS 0x00000000a6000000, 0x00000000a6000000| Untracked 
|  97|0x00000000a6100000, 0x00000000a6100000, 0x00000000a6200000|  0%| F|  |TAMS 0x00000000a6100000, 0x00000000a6100000| Untracked 
|  98|0x00000000a6200000, 0x00000000a6200000, 0x00000000a6300000|  0%| F|  |TAMS 0x00000000a6200000, 0x00000000a6200000| Untracked 
|  99|0x00000000a6300000, 0x00000000a6300000, 0x00000000a6400000|  0%| F|  |TAMS 0x00000000a6300000, 0x00000000a6300000| Untracked 
| 100|0x00000000a6400000, 0x00000000a6400000, 0x00000000a6500000|  0%| F|  |TAMS 0x00000000a6400000, 0x00000000a6400000| Untracked 
| 101|0x00000000a6500000, 0x00000000a6500000, 0x00000000a6600000|  0%| F|  |TAMS 0x00000000a6500000, 0x00000000a6500000| Untracked 
| 102|0x00000000a6600000, 0x00000000a6600000, 0x00000000a6700000|  0%| F|  |TAMS 0x00000000a6600000, 0x00000000a6600000| Untracked 
| 103|0x00000000a6700000, 0x00000000a6700000, 0x00000000a6800000|  0%| F|  |TAMS 0x00000000a6700000, 0x00000000a6700000| Untracked 
| 104|0x00000000a6800000, 0x00000000a6800000, 0x00000000a6900000|  0%| F|  |TAMS 0x00000000a6800000, 0x00000000a6800000| Untracked 
| 105|0x00000000a6900000, 0x00000000a6900000, 0x00000000a6a00000|  0%| F|  |TAMS 0x00000000a6900000, 0x00000000a6900000| Untracked 
| 106|0x00000000a6a00000, 0x00000000a6a00000, 0x00000000a6b00000|  0%| F|  |TAMS 0x00000000a6a00000, 0x00000000a6a00000| Untracked 
| 107|0x00000000a6b00000, 0x00000000a6b00000, 0x00000000a6c00000|  0%| F|  |TAMS 0x00000000a6b00000, 0x00000000a6b00000| Untracked 
| 108|0x00000000a6c00000, 0x00000000a6c00000, 0x00000000a6d00000|  0%| F|  |TAMS 0x00000000a6c00000, 0x00000000a6c00000| Untracked 
| 109|0x00000000a6d00000, 0x00000000a6d00000, 0x00000000a6e00000|  0%| F|  |TAMS 0x00000000a6d00000, 0x00000000a6d00000| Untracked 
| 110|0x00000000a6e00000, 0x00000000a6e00000, 0x00000000a6f00000|  0%| F|  |TAMS 0x00000000a6e00000, 0x00000000a6e00000| Untracked 
| 111|0x00000000a6f00000, 0x00000000a6f00000, 0x00000000a7000000|  0%| F|  |TAMS 0x00000000a6f00000, 0x00000000a6f00000| Untracked 
| 112|0x00000000a7000000, 0x00000000a7000000, 0x00000000a7100000|  0%| F|  |TAMS 0x00000000a7000000, 0x00000000a7000000| Untracked 
| 113|0x00000000a7100000, 0x00000000a7100000, 0x00000000a7200000|  0%| F|  |TAMS 0x00000000a7100000, 0x00000000a7100000| Untracked 
| 114|0x00000000a7200000, 0x00000000a7200000, 0x00000000a7300000|  0%| F|  |TAMS 0x00000000a7200000, 0x00000000a7200000| Untracked 
| 115|0x00000000a7300000, 0x00000000a7300000, 0x00000000a7400000|  0%| F|  |TAMS 0x00000000a7300000, 0x00000000a7300000| Untracked 
| 116|0x00000000a7400000, 0x00000000a7400000, 0x00000000a7500000|  0%| F|  |TAMS 0x00000000a7400000, 0x00000000a7400000| Untracked 
| 117|0x00000000a7500000, 0x00000000a7500000, 0x00000000a7600000|  0%| F|  |TAMS 0x00000000a7500000, 0x00000000a7500000| Untracked 
| 118|0x00000000a7600000, 0x00000000a7600000, 0x00000000a7700000|  0%| F|  |TAMS 0x00000000a7600000, 0x00000000a7600000| Untracked 
| 119|0x00000000a7700000, 0x00000000a7700000, 0x00000000a7800000|  0%| F|  |TAMS 0x00000000a7700000, 0x00000000a7700000| Untracked 
| 120|0x00000000a7800000, 0x00000000a7800000, 0x00000000a7900000|  0%| F|  |TAMS 0x00000000a7800000, 0x00000000a7800000| Untracked 
| 121|0x00000000a7900000, 0x00000000a7900000, 0x00000000a7a00000|  0%| F|  |TAMS 0x00000000a7900000, 0x00000000a7900000| Untracked 
| 122|0x00000000a7a00000, 0x00000000a7a00000, 0x00000000a7b00000|  0%| F|  |TAMS 0x00000000a7a00000, 0x00000000a7a00000| Untracked 
| 123|0x00000000a7b00000, 0x00000000a7b00000, 0x00000000a7c00000|  0%| F|  |TAMS 0x00000000a7b00000, 0x00000000a7b00000| Untracked 
| 124|0x00000000a7c00000, 0x00000000a7c00000, 0x00000000a7d00000|  0%| F|  |TAMS 0x00000000a7c00000, 0x00000000a7c00000| Untracked 
| 125|0x00000000a7d00000, 0x00000000a7d00000, 0x00000000a7e00000|  0%| F|  |TAMS 0x00000000a7d00000, 0x00000000a7d00000| Untracked 
| 126|0x00000000a7e00000, 0x00000000a7e00000, 0x00000000a7f00000|  0%| F|  |TAMS 0x00000000a7e00000, 0x00000000a7e00000| Untracked 
| 127|0x00000000a7f00000, 0x00000000a7f00000, 0x00000000a8000000|  0%| F|  |TAMS 0x00000000a7f00000, 0x00000000a7f00000| Untracked 
| 128|0x00000000a8000000, 0x00000000a8000000, 0x00000000a8100000|  0%| F|  |TAMS 0x00000000a8000000, 0x00000000a8000000| Untracked 
| 129|0x00000000a8100000, 0x00000000a8100000, 0x00000000a8200000|  0%| F|  |TAMS 0x00000000a8100000, 0x00000000a8100000| Untracked 
| 130|0x00000000a8200000, 0x00000000a8200000, 0x00000000a8300000|  0%| F|  |TAMS 0x00000000a8200000, 0x00000000a8200000| Untracked 
| 131|0x00000000a8300000, 0x00000000a8300000, 0x00000000a8400000|  0%| F|  |TAMS 0x00000000a8300000, 0x00000000a8300000| Untracked 
| 132|0x00000000a8400000, 0x00000000a8400000, 0x00000000a8500000|  0%| F|  |TAMS 0x00000000a8400000, 0x00000000a8400000| Untracked 
| 133|0x00000000a8500000, 0x00000000a8500000, 0x00000000a8600000|  0%| F|  |TAMS 0x00000000a8500000, 0x00000000a8500000| Untracked 
| 134|0x00000000a8600000, 0x00000000a8600000, 0x00000000a8700000|  0%| F|  |TAMS 0x00000000a8600000, 0x00000000a8600000| Untracked 
| 135|0x00000000a8700000, 0x00000000a8700000, 0x00000000a8800000|  0%| F|  |TAMS 0x00000000a8700000, 0x00000000a8700000| Untracked 
| 136|0x00000000a8800000, 0x00000000a8800000, 0x00000000a8900000|  0%| F|  |TAMS 0x00000000a8800000, 0x00000000a8800000| Untracked 
| 137|0x00000000a8900000, 0x00000000a8900000, 0x00000000a8a00000|  0%| F|  |TAMS 0x00000000a8900000, 0x00000000a8900000| Untracked 
| 138|0x00000000a8a00000, 0x00000000a8a00000, 0x00000000a8b00000|  0%| F|  |TAMS 0x00000000a8a00000, 0x00000000a8a00000| Untracked 
| 139|0x00000000a8b00000, 0x00000000a8b00000, 0x00000000a8c00000|  0%| F|  |TAMS 0x00000000a8b00000, 0x00000000a8b00000| Untracked 
| 140|0x00000000a8c00000, 0x00000000a8c00000, 0x00000000a8d00000|  0%| F|  |TAMS 0x00000000a8c00000, 0x00000000a8c00000| Untracked 
| 141|0x00000000a8d00000, 0x00000000a8d00000, 0x00000000a8e00000|  0%| F|  |TAMS 0x00000000a8d00000, 0x00000000a8d00000| Untracked 
| 142|0x00000000a8e00000, 0x00000000a8e00000, 0x00000000a8f00000|  0%| F|  |TAMS 0x00000000a8e00000, 0x00000000a8e00000| Untracked 
| 143|0x00000000a8f00000, 0x00000000a8f00000, 0x00000000a9000000|  0%| F|  |TAMS 0x00000000a8f00000, 0x00000000a8f00000| Untracked 
| 144|0x00000000a9000000, 0x00000000a9000000, 0x00000000a9100000|  0%| F|  |TAMS 0x00000000a9000000, 0x00000000a9000000| Untracked 
| 145|0x00000000a9100000, 0x00000000a9100000, 0x00000000a9200000|  0%| F|  |TAMS 0x00000000a9100000, 0x00000000a9100000| Untracked 
| 146|0x00000000a9200000, 0x00000000a9200000, 0x00000000a9300000|  0%| F|  |TAMS 0x00000000a9200000, 0x00000000a9200000| Untracked 
| 147|0x00000000a9300000, 0x00000000a9300000, 0x00000000a9400000|  0%| F|  |TAMS 0x00000000a9300000, 0x00000000a9300000| Untracked 
| 148|0x00000000a9400000, 0x00000000a9400000, 0x00000000a9500000|  0%| F|  |TAMS 0x00000000a9400000, 0x00000000a9400000| Untracked 
| 149|0x00000000a9500000, 0x00000000a9500000, 0x00000000a9600000|  0%| F|  |TAMS 0x00000000a9500000, 0x00000000a9500000| Untracked 
| 150|0x00000000a9600000, 0x00000000a9600000, 0x00000000a9700000|  0%| F|  |TAMS 0x00000000a9600000, 0x00000000a9600000| Untracked 
| 151|0x00000000a9700000, 0x00000000a9700000, 0x00000000a9800000|  0%| F|  |TAMS 0x00000000a9700000, 0x00000000a9700000| Untracked 
| 152|0x00000000a9800000, 0x00000000a9800000, 0x00000000a9900000|  0%| F|  |TAMS 0x00000000a9800000, 0x00000000a9800000| Untracked 
| 153|0x00000000a9900000, 0x00000000a9900000, 0x00000000a9a00000|  0%| F|  |TAMS 0x00000000a9900000, 0x00000000a9900000| Untracked 
| 154|0x00000000a9a00000, 0x00000000a9a00000, 0x00000000a9b00000|  0%| F|  |TAMS 0x00000000a9a00000, 0x00000000a9a00000| Untracked 
| 155|0x00000000a9b00000, 0x00000000a9b00000, 0x00000000a9c00000|  0%| F|  |TAMS 0x00000000a9b00000, 0x00000000a9b00000| Untracked 
| 156|0x00000000a9c00000, 0x00000000a9c00000, 0x00000000a9d00000|  0%| F|  |TAMS 0x00000000a9c00000, 0x00000000a9c00000| Untracked 
| 157|0x00000000a9d00000, 0x00000000a9d00000, 0x00000000a9e00000|  0%| F|  |TAMS 0x00000000a9d00000, 0x00000000a9d00000| Untracked 
| 158|0x00000000a9e00000, 0x00000000a9e00000, 0x00000000a9f00000|  0%| F|  |TAMS 0x00000000a9e00000, 0x00000000a9e00000| Untracked 
| 159|0x00000000a9f00000, 0x00000000a9f00000, 0x00000000aa000000|  0%| F|  |TAMS 0x00000000a9f00000, 0x00000000a9f00000| Untracked 
| 160|0x00000000aa000000, 0x00000000aa000000, 0x00000000aa100000|  0%| F|  |TAMS 0x00000000aa000000, 0x00000000aa000000| Untracked 
| 161|0x00000000aa100000, 0x00000000aa100000, 0x00000000aa200000|  0%| F|  |TAMS 0x00000000aa100000, 0x00000000aa100000| Untracked 
| 162|0x00000000aa200000, 0x00000000aa200000, 0x00000000aa300000|  0%| F|  |TAMS 0x00000000aa200000, 0x00000000aa200000| Untracked 
| 163|0x00000000aa300000, 0x00000000aa300000, 0x00000000aa400000|  0%| F|  |TAMS 0x00000000aa300000, 0x00000000aa300000| Untracked 
| 164|0x00000000aa400000, 0x00000000aa400000, 0x00000000aa500000|  0%| F|  |TAMS 0x00000000aa400000, 0x00000000aa400000| Untracked 
| 165|0x00000000aa500000, 0x00000000aa500000, 0x00000000aa600000|  0%| F|  |TAMS 0x00000000aa500000, 0x00000000aa500000| Untracked 
| 166|0x00000000aa600000, 0x00000000aa600000, 0x00000000aa700000|  0%| F|  |TAMS 0x00000000aa600000, 0x00000000aa600000| Untracked 
| 167|0x00000000aa700000, 0x00000000aa700000, 0x00000000aa800000|  0%| F|  |TAMS 0x00000000aa700000, 0x00000000aa700000| Untracked 
| 168|0x00000000aa800000, 0x00000000aa800000, 0x00000000aa900000|  0%| F|  |TAMS 0x00000000aa800000, 0x00000000aa800000| Untracked 
| 169|0x00000000aa900000, 0x00000000aa900000, 0x00000000aaa00000|  0%| F|  |TAMS 0x00000000aa900000, 0x00000000aa900000| Untracked 
| 170|0x00000000aaa00000, 0x00000000aaa00000, 0x00000000aab00000|  0%| F|  |TAMS 0x00000000aaa00000, 0x00000000aaa00000| Untracked 
| 171|0x00000000aab00000, 0x00000000aab00000, 0x00000000aac00000|  0%| F|  |TAMS 0x00000000aab00000, 0x00000000aab00000| Untracked 
| 172|0x00000000aac00000, 0x00000000aac00000, 0x00000000aad00000|  0%| F|  |TAMS 0x00000000aac00000, 0x00000000aac00000| Untracked 
| 173|0x00000000aad00000, 0x00000000aad00000, 0x00000000aae00000|  0%| F|  |TAMS 0x00000000aad00000, 0x00000000aad00000| Untracked 
| 174|0x00000000aae00000, 0x00000000aae00000, 0x00000000aaf00000|  0%| F|  |TAMS 0x00000000aae00000, 0x00000000aae00000| Untracked 
| 175|0x00000000aaf00000, 0x00000000aaf00000, 0x00000000ab000000|  0%| F|  |TAMS 0x00000000aaf00000, 0x00000000aaf00000| Untracked 
| 176|0x00000000ab000000, 0x00000000ab000000, 0x00000000ab100000|  0%| F|  |TAMS 0x00000000ab000000, 0x00000000ab000000| Untracked 
| 177|0x00000000ab100000, 0x00000000ab100000, 0x00000000ab200000|  0%| F|  |TAMS 0x00000000ab100000, 0x00000000ab100000| Untracked 
| 178|0x00000000ab200000, 0x00000000ab200000, 0x00000000ab300000|  0%| F|  |TAMS 0x00000000ab200000, 0x00000000ab200000| Untracked 
| 179|0x00000000ab300000, 0x00000000ab300000, 0x00000000ab400000|  0%| F|  |TAMS 0x00000000ab300000, 0x00000000ab300000| Untracked 
| 180|0x00000000ab400000, 0x00000000ab4339c8, 0x00000000ab500000| 20%| S|CS|TAMS 0x00000000ab400000, 0x00000000ab400000| Complete 
| 181|0x00000000ab500000, 0x00000000ab600000, 0x00000000ab600000|100%| S|CS|TAMS 0x00000000ab500000, 0x00000000ab500000| Complete 
| 182|0x00000000ab600000, 0x00000000ab700000, 0x00000000ab700000|100%| S|CS|TAMS 0x00000000ab600000, 0x00000000ab600000| Complete 
| 183|0x00000000ab700000, 0x00000000ab800000, 0x00000000ab800000|100%| S|CS|TAMS 0x00000000ab700000, 0x00000000ab700000| Complete 
| 184|0x00000000ab800000, 0x00000000ab800000, 0x00000000ab900000|  0%| F|  |TAMS 0x00000000ab800000, 0x00000000ab800000| Untracked 
| 185|0x00000000ab900000, 0x00000000ab900000, 0x00000000aba00000|  0%| F|  |TAMS 0x00000000ab900000, 0x00000000ab900000| Untracked 
| 186|0x00000000aba00000, 0x00000000aba00000, 0x00000000abb00000|  0%| F|  |TAMS 0x00000000aba00000, 0x00000000aba00000| Untracked 
| 187|0x00000000abb00000, 0x00000000abb00000, 0x00000000abc00000|  0%| F|  |TAMS 0x00000000abb00000, 0x00000000abb00000| Untracked 
| 188|0x00000000abc00000, 0x00000000abc00000, 0x00000000abd00000|  0%| F|  |TAMS 0x00000000abc00000, 0x00000000abc00000| Untracked 
| 189|0x00000000abd00000, 0x00000000abd00000, 0x00000000abe00000|  0%| F|  |TAMS 0x00000000abd00000, 0x00000000abd00000| Untracked 
| 190|0x00000000abe00000, 0x00000000abe00000, 0x00000000abf00000|  0%| F|  |TAMS 0x00000000abe00000, 0x00000000abe00000| Untracked 
| 191|0x00000000abf00000, 0x00000000abf00000, 0x00000000ac000000|  0%| F|  |TAMS 0x00000000abf00000, 0x00000000abf00000| Untracked 
| 192|0x00000000ac000000, 0x00000000ac000000, 0x00000000ac100000|  0%| F|  |TAMS 0x00000000ac000000, 0x00000000ac000000| Untracked 
| 193|0x00000000ac100000, 0x00000000ac100000, 0x00000000ac200000|  0%| F|  |TAMS 0x00000000ac100000, 0x00000000ac100000| Untracked 
| 194|0x00000000ac200000, 0x00000000ac200000, 0x00000000ac300000|  0%| F|  |TAMS 0x00000000ac200000, 0x00000000ac200000| Untracked 
| 195|0x00000000ac300000, 0x00000000ac300000, 0x00000000ac400000|  0%| F|  |TAMS 0x00000000ac300000, 0x00000000ac300000| Untracked 
| 196|0x00000000ac400000, 0x00000000ac400000, 0x00000000ac500000|  0%| F|  |TAMS 0x00000000ac400000, 0x00000000ac400000| Untracked 
| 197|0x00000000ac500000, 0x00000000ac500000, 0x00000000ac600000|  0%| F|  |TAMS 0x00000000ac500000, 0x00000000ac500000| Untracked 
| 198|0x00000000ac600000, 0x00000000ac600000, 0x00000000ac700000|  0%| F|  |TAMS 0x00000000ac600000, 0x00000000ac600000| Untracked 
| 199|0x00000000ac700000, 0x00000000ac700000, 0x00000000ac800000|  0%| F|  |TAMS 0x00000000ac700000, 0x00000000ac700000| Untracked 
| 200|0x00000000ac800000, 0x00000000ac800000, 0x00000000ac900000|  0%| F|  |TAMS 0x00000000ac800000, 0x00000000ac800000| Untracked 
| 201|0x00000000ac900000, 0x00000000ac900000, 0x00000000aca00000|  0%| F|  |TAMS 0x00000000ac900000, 0x00000000ac900000| Untracked 
| 202|0x00000000aca00000, 0x00000000aca00000, 0x00000000acb00000|  0%| F|  |TAMS 0x00000000aca00000, 0x00000000aca00000| Untracked 
| 203|0x00000000acb00000, 0x00000000acb00000, 0x00000000acc00000|  0%| F|  |TAMS 0x00000000acb00000, 0x00000000acb00000| Untracked 
| 204|0x00000000acc00000, 0x00000000acc00000, 0x00000000acd00000|  0%| F|  |TAMS 0x00000000acc00000, 0x00000000acc00000| Untracked 
| 205|0x00000000acd00000, 0x00000000acd00000, 0x00000000ace00000|  0%| F|  |TAMS 0x00000000acd00000, 0x00000000acd00000| Untracked 
| 206|0x00000000ace00000, 0x00000000ace00000, 0x00000000acf00000|  0%| F|  |TAMS 0x00000000ace00000, 0x00000000ace00000| Untracked 
| 207|0x00000000acf00000, 0x00000000acf00000, 0x00000000ad000000|  0%| F|  |TAMS 0x00000000acf00000, 0x00000000acf00000| Untracked 
| 208|0x00000000ad000000, 0x00000000ad000000, 0x00000000ad100000|  0%| F|  |TAMS 0x00000000ad000000, 0x00000000ad000000| Untracked 
| 209|0x00000000ad100000, 0x00000000ad100000, 0x00000000ad200000|  0%| F|  |TAMS 0x00000000ad100000, 0x00000000ad100000| Untracked 
| 210|0x00000000ad200000, 0x00000000ad200000, 0x00000000ad300000|  0%| F|  |TAMS 0x00000000ad200000, 0x00000000ad200000| Untracked 
| 211|0x00000000ad300000, 0x00000000ad300000, 0x00000000ad400000|  0%| F|  |TAMS 0x00000000ad300000, 0x00000000ad300000| Untracked 
| 212|0x00000000ad400000, 0x00000000ad400000, 0x00000000ad500000|  0%| F|  |TAMS 0x00000000ad400000, 0x00000000ad400000| Untracked 
| 213|0x00000000ad500000, 0x00000000ad500000, 0x00000000ad600000|  0%| F|  |TAMS 0x00000000ad500000, 0x00000000ad500000| Untracked 
| 214|0x00000000ad600000, 0x00000000ad600000, 0x00000000ad700000|  0%| F|  |TAMS 0x00000000ad600000, 0x00000000ad600000| Untracked 
| 215|0x00000000ad700000, 0x00000000ad700000, 0x00000000ad800000|  0%| F|  |TAMS 0x00000000ad700000, 0x00000000ad700000| Untracked 
| 216|0x00000000ad800000, 0x00000000ad800000, 0x00000000ad900000|  0%| F|  |TAMS 0x00000000ad800000, 0x00000000ad800000| Untracked 
| 217|0x00000000ad900000, 0x00000000ad900000, 0x00000000ada00000|  0%| F|  |TAMS 0x00000000ad900000, 0x00000000ad900000| Untracked 
| 218|0x00000000ada00000, 0x00000000ada00000, 0x00000000adb00000|  0%| F|  |TAMS 0x00000000ada00000, 0x00000000ada00000| Untracked 
| 219|0x00000000adb00000, 0x00000000adb00000, 0x00000000adc00000|  0%| F|  |TAMS 0x00000000adb00000, 0x00000000adb00000| Untracked 
| 220|0x00000000adc00000, 0x00000000adc00000, 0x00000000add00000|  0%| F|  |TAMS 0x00000000adc00000, 0x00000000adc00000| Untracked 
| 221|0x00000000add00000, 0x00000000add00000, 0x00000000ade00000|  0%| F|  |TAMS 0x00000000add00000, 0x00000000add00000| Untracked 
| 222|0x00000000ade00000, 0x00000000ade00000, 0x00000000adf00000|  0%| F|  |TAMS 0x00000000ade00000, 0x00000000ade00000| Untracked 
| 223|0x00000000adf00000, 0x00000000adf00000, 0x00000000ae000000|  0%| F|  |TAMS 0x00000000adf00000, 0x00000000adf00000| Untracked 
| 224|0x00000000ae000000, 0x00000000ae000000, 0x00000000ae100000|  0%| F|  |TAMS 0x00000000ae000000, 0x00000000ae000000| Untracked 
| 225|0x00000000ae100000, 0x00000000ae100000, 0x00000000ae200000|  0%| F|  |TAMS 0x00000000ae100000, 0x00000000ae100000| Untracked 
| 226|0x00000000ae200000, 0x00000000ae200000, 0x00000000ae300000|  0%| F|  |TAMS 0x00000000ae200000, 0x00000000ae200000| Untracked 
| 227|0x00000000ae300000, 0x00000000ae300000, 0x00000000ae400000|  0%| F|  |TAMS 0x00000000ae300000, 0x00000000ae300000| Untracked 
| 228|0x00000000ae400000, 0x00000000ae400000, 0x00000000ae500000|  0%| F|  |TAMS 0x00000000ae400000, 0x00000000ae400000| Untracked 
| 229|0x00000000ae500000, 0x00000000ae500000, 0x00000000ae600000|  0%| F|  |TAMS 0x00000000ae500000, 0x00000000ae500000| Untracked 
| 230|0x00000000ae600000, 0x00000000ae600000, 0x00000000ae700000|  0%| F|  |TAMS 0x00000000ae600000, 0x00000000ae600000| Untracked 
| 231|0x00000000ae700000, 0x00000000ae700000, 0x00000000ae800000|  0%| F|  |TAMS 0x00000000ae700000, 0x00000000ae700000| Untracked 
| 232|0x00000000ae800000, 0x00000000ae800000, 0x00000000ae900000|  0%| F|  |TAMS 0x00000000ae800000, 0x00000000ae800000| Untracked 
| 233|0x00000000ae900000, 0x00000000ae900000, 0x00000000aea00000|  0%| F|  |TAMS 0x00000000ae900000, 0x00000000ae900000| Untracked 
| 234|0x00000000aea00000, 0x00000000aea00000, 0x00000000aeb00000|  0%| F|  |TAMS 0x00000000aea00000, 0x00000000aea00000| Untracked 
| 235|0x00000000aeb00000, 0x00000000aeb00000, 0x00000000aec00000|  0%| F|  |TAMS 0x00000000aeb00000, 0x00000000aeb00000| Untracked 
| 236|0x00000000aec00000, 0x00000000aec00000, 0x00000000aed00000|  0%| F|  |TAMS 0x00000000aec00000, 0x00000000aec00000| Untracked 
| 237|0x00000000aed00000, 0x00000000aed00000, 0x00000000aee00000|  0%| F|  |TAMS 0x00000000aed00000, 0x00000000aed00000| Untracked 
| 238|0x00000000aee00000, 0x00000000aee00000, 0x00000000aef00000|  0%| F|  |TAMS 0x00000000aee00000, 0x00000000aee00000| Untracked 
| 239|0x00000000aef00000, 0x00000000aef00000, 0x00000000af000000|  0%| F|  |TAMS 0x00000000aef00000, 0x00000000aef00000| Untracked 
| 240|0x00000000af000000, 0x00000000af000000, 0x00000000af100000|  0%| F|  |TAMS 0x00000000af000000, 0x00000000af000000| Untracked 
| 241|0x00000000af100000, 0x00000000af100000, 0x00000000af200000|  0%| F|  |TAMS 0x00000000af100000, 0x00000000af100000| Untracked 
| 242|0x00000000af200000, 0x00000000af200000, 0x00000000af300000|  0%| F|  |TAMS 0x00000000af200000, 0x00000000af200000| Untracked 
| 243|0x00000000af300000, 0x00000000af380800, 0x00000000af400000| 50%| E|  |TAMS 0x00000000af300000, 0x00000000af300000| Complete 
| 244|0x00000000af400000, 0x00000000af500000, 0x00000000af500000|100%| E|CS|TAMS 0x00000000af400000, 0x00000000af400000| Complete 
| 245|0x00000000af500000, 0x00000000af600000, 0x00000000af600000|100%| E|CS|TAMS 0x00000000af500000, 0x00000000af500000| Complete 
| 246|0x00000000af600000, 0x00000000af700000, 0x00000000af700000|100%| E|CS|TAMS 0x00000000af600000, 0x00000000af600000| Complete 
| 247|0x00000000af700000, 0x00000000af800000, 0x00000000af800000|100%| E|CS|TAMS 0x00000000af700000, 0x00000000af700000| Complete 
| 248|0x00000000af800000, 0x00000000af900000, 0x00000000af900000|100%| E|CS|TAMS 0x00000000af800000, 0x00000000af800000| Complete 
| 249|0x00000000af900000, 0x00000000afa00000, 0x00000000afa00000|100%| E|CS|TAMS 0x00000000af900000, 0x00000000af900000| Complete 
| 250|0x00000000afa00000, 0x00000000afb00000, 0x00000000afb00000|100%| E|CS|TAMS 0x00000000afa00000, 0x00000000afa00000| Complete 
| 251|0x00000000afb00000, 0x00000000afc00000, 0x00000000afc00000|100%| E|CS|TAMS 0x00000000afb00000, 0x00000000afb00000| Complete 
| 252|0x00000000afc00000, 0x00000000afd00000, 0x00000000afd00000|100%| E|CS|TAMS 0x00000000afc00000, 0x00000000afc00000| Complete 
| 253|0x00000000afd00000, 0x00000000afe00000, 0x00000000afe00000|100%| E|CS|TAMS 0x00000000afd00000, 0x00000000afd00000| Complete 
| 254|0x00000000afe00000, 0x00000000aff00000, 0x00000000aff00000|100%| E|CS|TAMS 0x00000000afe00000, 0x00000000afe00000| Complete 
| 255|0x00000000aff00000, 0x00000000b0000000, 0x00000000b0000000|100%| E|CS|TAMS 0x00000000aff00000, 0x00000000aff00000| Complete 

Card table byte_map: [0x000001a1e9950000,0x000001a1e9c50000] _byte_map_base: 0x000001a1e9450000

Marking Bits (Prev, Next): (CMBitMap*) 0x000001a1d684aae0, (CMBitMap*) 0x000001a1d684aaa8
 Prev Bits: [0x000001a1eb750000, 0x000001a1ecf50000)
 Next Bits: [0x000001a1e9f50000, 0x000001a1eb750000)

Polling page: 0x000001a1d47a0000

Metaspace:

Usage:
  Non-class:     24.72 MB capacity,    24.30 MB ( 98%) used,   370.88 KB (  1%) free+waste,    57.44 KB ( <1%) overhead. 
      Class:      3.91 MB capacity,     3.68 MB ( 94%) used,   202.72 KB (  5%) free+waste,    29.00 KB ( <1%) overhead. 
       Both:     28.63 MB capacity,    27.98 MB ( 98%) used,   573.60 KB (  2%) free+waste,    86.44 KB ( <1%) overhead. 

Virtual space:
  Non-class space:       26.00 MB reserved,      24.75 MB ( 95%) committed 
      Class space:        1.00 GB reserved,       4.00 MB ( <1%) committed 
             Both:        1.03 GB reserved,      28.75 MB (  3%) committed 

Chunk freelists:
   Non-Class:  32.00 KB
       Class:  0 bytes
        Both:  32.00 KB

MaxMetaspaceSize: 17179869184.00 GB
CompressedClassSpaceSize: 1.00 GB
Initial GC threshold: 20.80 MB
Current GC threshold: 35.20 MB
CDS: off

CodeHeap 'non-profiled nmethods': size=120000Kb used=1286Kb max_used=1286Kb free=118713Kb
 bounds [0x000001a1e1df0000, 0x000001a1e2060000, 0x000001a1e9320000]
CodeHeap 'profiled nmethods': size=120000Kb used=5255Kb max_used=5255Kb free=114745Kb
 bounds [0x000001a1da8c0000, 0x000001a1dadf0000, 0x000001a1e1df0000]
CodeHeap 'non-nmethods': size=5760Kb used=1230Kb max_used=1284Kb free=4529Kb
 bounds [0x000001a1da320000, 0x000001a1da590000, 0x000001a1da8c0000]
 total_blobs=2913 nmethods=2412 adapters=413
 compilation: enabled
              stopped_count=0, restarted_count=0
 full_count=0

Compilation events (20 events):
Event: 7.551 Thread 0x000001a1f0277800 nmethod 2391 0x000001a1e1f2d410 code [0x000001a1e1f2d5e0, 0x000001a1e1f2d958]
Event: 7.551 Thread 0x000001a1f0277800 2403       4       jdk.internal.org.objectweb.asm.ClassWriter::newUTF8 (70 bytes)
Event: 7.552 Thread 0x000001a1f0283000 2407       3       java.lang.invoke.MethodHandles$Lookup::lookupModes (8 bytes)
Event: 7.553 Thread 0x000001a1f0283000 nmethod 2407 0x000001a1dadd6790 code [0x000001a1dadd6940, 0x000001a1dadd6a38]
Event: 7.553 Thread 0x000001a1f0283000 2408       3       jdk.internal.org.objectweb.asm.ClassWriter::toByteArray (1423 bytes)
Event: 7.561 Thread 0x000001a1f0283000 nmethod 2408 0x000001a1dadd6b10 code [0x000001a1dadd7420, 0x000001a1daddb1c8]
Event: 7.561 Thread 0x000001a1f0283000 2410       3       jdk.internal.org.objectweb.asm.AnnotationWriter::put (109 bytes)
Event: 7.561 Thread 0x000001a1f0283000 nmethod 2410 0x000001a1daddca10 code [0x000001a1daddcc20, 0x000001a1daddd058]
Event: 7.563 Thread 0x000001a1f0283000 2412       3       com.google.common.cache.LongAdder::<init> (5 bytes)
Event: 7.563 Thread 0x000001a1f0283000 nmethod 2412 0x000001a1daddd290 code [0x000001a1daddd460, 0x000001a1daddd678]
Event: 7.563 Thread 0x000001a1f0283000 2411       1       com.google.common.cache.CacheBuilder::getStatsCounterSupplier (5 bytes)
Event: 7.563 Thread 0x000001a1f0283000 nmethod 2411 0x000001a1e1f2df90 code [0x000001a1e1f2e140, 0x000001a1e1f2e1f8]
Event: 7.575 Thread 0x000001a1f0283000 2414       3       java.lang.reflect.ProxyGenerator$MethodInfo::<init> (86 bytes)
Event: 7.576 Thread 0x000001a1f0283000 nmethod 2414 0x000001a1daddd790 code [0x000001a1daddda40, 0x000001a1dadde628]
Event: 7.576 Thread 0x000001a1f0283000 2415       3       java.lang.reflect.ProxyGenerator::codeClassForName (41 bytes)
Event: 7.578 Thread 0x000001a1f0283000 nmethod 2415 0x000001a1daddeb10 code [0x000001a1daddee80, 0x000001a1dade0258]
Event: 7.578 Thread 0x000001a1f0283000 2416       3       java.lang.reflect.ProxyGenerator::code_astore (11 bytes)
Event: 7.579 Thread 0x000001a1f0283000 nmethod 2416 0x000001a1dade0b10 code [0x000001a1dade0cc0, 0x000001a1dade0e08]
Event: 7.593 Thread 0x000001a1f0277800 nmethod 2403 0x000001a1e1f2e290 code [0x000001a1e1f2e4a0, 0x000001a1e1f2f410]
Event: 7.593 Thread 0x000001a1f0277800 2413       4       java.util.ArrayDeque::pollFirst (36 bytes)

GC Heap History (10 events):
Event: 1.485 GC heap before
{Heap before GC invocations=0 (full 0):
 garbage-first heap   total 262144K, used 29696K [0x00000000a0000000, 0x0000000100000000)
  region size 1024K, 24 young (24576K), 0 survivors (0K)
 Metaspace       used 10143K, capacity 10403K, committed 10624K, reserved 1058816K
  class space    used 1056K, capacity 1106K, committed 1152K, reserved 1048576K
}
Event: 1.532 GC heap after
{Heap after GC invocations=1 (full 0):
 garbage-first heap   total 262144K, used 9365K [0x00000000a0000000, 0x0000000100000000)
  region size 1024K, 3 young (3072K), 3 survivors (3072K)
 Metaspace       used 10143K, capacity 10403K, committed 10624K, reserved 1058816K
  class space    used 1056K, capacity 1106K, committed 1152K, reserved 1048576K
}
Event: 2.460 GC heap before
{Heap before GC invocations=1 (full 0):
 garbage-first heap   total 262144K, used 30869K [0x00000000a0000000, 0x0000000100000000)
  region size 1024K, 24 young (24576K), 3 survivors (3072K)
 Metaspace       used 11238K, capacity 11456K, committed 11520K, reserved 1058816K
  class space    used 1173K, capacity 1244K, committed 1280K, reserved 1048576K
}
Event: 2.463 GC heap after
{Heap after GC invocations=2 (full 0):
 garbage-first heap   total 262144K, used 10126K [0x00000000a0000000, 0x0000000100000000)
  region size 1024K, 1 young (1024K), 1 survivors (1024K)
 Metaspace       used 11238K, capacity 11456K, committed 11520K, reserved 1058816K
  class space    used 1173K, capacity 1244K, committed 1280K, reserved 1048576K
}
Event: 5.287 GC heap before
{Heap before GC invocations=2 (full 0):
 garbage-first heap   total 262144K, used 64398K [0x00000000a0000000, 0x0000000100000000)
  region size 1024K, 54 young (55296K), 1 survivors (1024K)
 Metaspace       used 17777K, capacity 18214K, committed 18432K, reserved 1064960K
  class space    used 2103K, capacity 2245K, committed 2304K, reserved 1048576K
}
Event: 5.293 GC heap after
{Heap after GC invocations=3 (full 0):
 garbage-first heap   total 262144K, used 16810K [0x00000000a0000000, 0x0000000100000000)
  region size 1024K, 7 young (7168K), 7 survivors (7168K)
 Metaspace       used 17777K, capacity 18214K, committed 18432K, reserved 1064960K
  class space    used 2103K, capacity 2245K, committed 2304K, reserved 1048576K
}
Event: 5.867 GC heap before
{Heap before GC invocations=3 (full 0):
 garbage-first heap   total 262144K, used 39338K [0x00000000a0000000, 0x0000000100000000)
  region size 1024K, 30 young (30720K), 7 survivors (7168K)
 Metaspace       used 20673K, capacity 21113K, committed 21296K, reserved 1069056K
  class space    used 2514K, capacity 2662K, committed 2688K, reserved 1048576K
}
Event: 5.876 GC heap after
{Heap after GC invocations=4 (full 0):
 garbage-first heap   total 262144K, used 17819K [0x00000000a0000000, 0x0000000100000000)
  region size 1024K, 1 young (1024K), 1 survivors (1024K)
 Metaspace       used 20673K, capacity 21113K, committed 21296K, reserved 1069056K
  class space    used 2514K, capacity 2662K, committed 2688K, reserved 1048576K
}
Event: 7.410 GC heap before
{Heap before GC invocations=5 (full 0):
 garbage-first heap   total 262144K, used 90523K [0x00000000a0000000, 0x0000000100000000)
  region size 1024K, 72 young (73728K), 1 survivors (1024K)
 Metaspace       used 27613K, capacity 28281K, committed 28544K, reserved 1073152K
  class space    used 3614K, capacity 3846K, committed 3968K, reserved 1048576K
}
Event: 7.415 GC heap after
{Heap after GC invocations=6 (full 0):
 garbage-first heap   total 262144K, used 20073K [0x00000000a0000000, 0x0000000100000000)
  region size 1024K, 4 young (4096K), 4 survivors (4096K)
 Metaspace       used 27613K, capacity 28281K, committed 28544K, reserved 1073152K
  class space    used 3614K, capacity 3846K, committed 3968K, reserved 1048576K
}

Deoptimization events (20 events):
Event: 5.999 Thread 0x000001a1f11ed800 Uncommon trap: trap_request=0xffffff4d fr.pc=0x000001a1e1ed9fb0 relative=0x00000000000003b0
Event: 5.999 Thread 0x000001a1f11ed800 Uncommon trap: reason=unstable_if action=reinterpret pc=0x000001a1e1ed9fb0 method=jdk.internal.org.objectweb.asm.Type.getArgumentsAndReturnSizes(Ljava/lang/String;)I @ 88 c2
Event: 5.999 Thread 0x000001a1f11ed800 DEOPT PACKING pc=0x000001a1e1ed9fb0 sp=0x00000083d75f9cb0
Event: 5.999 Thread 0x000001a1f11ed800 DEOPT UNPACKING pc=0x000001a1da36a1af sp=0x00000083d75f9c38 mode 2
Event: 6.347 Thread 0x000001a1f11ed800 Uncommon trap: trap_request=0xffffff4d fr.pc=0x000001a1e1ed7e7c relative=0x000000000000023c
Event: 6.347 Thread 0x000001a1f11ed800 Uncommon trap: reason=unstable_if action=reinterpret pc=0x000001a1e1ed7e7c method=java.util.concurrent.ConcurrentHashMap.get(Ljava/lang/Object;)Ljava/lang/Object; @ 76 c2
Event: 6.347 Thread 0x000001a1f11ed800 DEOPT PACKING pc=0x000001a1e1ed7e7c sp=0x00000083d75f8d80
Event: 6.347 Thread 0x000001a1f11ed800 DEOPT UNPACKING pc=0x000001a1da36a1af sp=0x00000083d75f8ce8 mode 2
Event: 6.842 Thread 0x000001a1f11ed800 Uncommon trap: trap_request=0xffffff7e fr.pc=0x000001a1e1f04614 relative=0x0000000000000154
Event: 6.842 Thread 0x000001a1f11ed800 Uncommon trap: reason=predicate action=maybe_recompile pc=0x000001a1e1f04614 method=com.google.common.base.CharMatcher.indexIn(Ljava/lang/CharSequence;I)I @ 19 c2
Event: 6.842 Thread 0x000001a1f11ed800 DEOPT PACKING pc=0x000001a1e1f04614 sp=0x00000083d75fba10
Event: 6.842 Thread 0x000001a1f11ed800 DEOPT UNPACKING pc=0x000001a1da36a1af sp=0x00000083d75fb9a0 mode 2
Event: 7.034 Thread 0x000001a1f11ed800 Uncommon trap: trap_request=0xffffff4d fr.pc=0x000001a1e1e64c1c relative=0x0000000000000adc
Event: 7.034 Thread 0x000001a1f11ed800 Uncommon trap: reason=unstable_if action=reinterpret pc=0x000001a1e1e64c1c method=java.util.Properties$LineReader.readLine()I @ 379 c2
Event: 7.034 Thread 0x000001a1f11ed800 DEOPT PACKING pc=0x000001a1e1e64c1c sp=0x00000083d75fb640
Event: 7.034 Thread 0x000001a1f11ed800 DEOPT UNPACKING pc=0x000001a1da36a1af sp=0x00000083d75fb5d0 mode 2
Event: 7.467 Thread 0x000001a1f11ed800 Uncommon trap: trap_request=0xffffff4d fr.pc=0x000001a1e1ed8c4c relative=0x000000000000020c
Event: 7.467 Thread 0x000001a1f11ed800 Uncommon trap: reason=unstable_if action=reinterpret pc=0x000001a1e1ed8c4c method=java.util.HashMap.hash(Ljava/lang/Object;)I @ 1 c2
Event: 7.467 Thread 0x000001a1f11ed800 DEOPT PACKING pc=0x000001a1e1ed8c4c sp=0x00000083d75f7ee0
Event: 7.467 Thread 0x000001a1f11ed800 DEOPT UNPACKING pc=0x000001a1da36a1af sp=0x00000083d75f7e18 mode 2

Classes redefined (0 events):
No events

Internal exceptions (20 events):
Event: 6.230 Thread 0x000001a1f11ed800 Exception <a 'java/lang/NoSuchMethodError'{0x00000000aebddaf8}: 'java.lang.Object java.lang.invoke.DirectMethodHandle$Holder.invokeVirtual(java.lang.Object, java.lang.Object, java.lang.Object, java.lang.Object)'> (0x00000000aebddaf8) thrown at [./src/hotspot/share/interpreter/linkResolver.cpp, line 773]
Event: 6.416 Thread 0x000001a1f11ed800 Exception <a 'java/lang/NoSuchMethodError'{0x00000000ae32e208}: 'void java.lang.invoke.DirectMethodHandle$Holder.invokeSpecial(java.lang.Object, java.lang.Object, java.lang.Object, java.lang.Object, java.lang.Object, java.lang.Object)'> (0x00000000ae32e208) thrown at [./src/hotspot/share/interpreter/linkResolver.cpp, line 773]
Event: 6.430 Thread 0x000001a1f11ed800 Exception <a 'java/lang/NoSuchMethodError'{0x00000000ae39d388}: 'void java.lang.invoke.DirectMethodHandle$Holder.invokeSpecial(java.lang.Object, java.lang.Object, java.lang.Object, java.lang.Object, java.lang.Object, java.lang.Object, java.lang.Object)'> (0x00000000ae39d388) thrown at [./src/hotspot/share/interpreter/linkResolver.cpp, line 773]
Event: 6.431 Thread 0x000001a1f11ed800 Exception <a 'java/lang/NoSuchMethodError'{0x00000000ae3a5878}: 'java.lang.Object java.lang.invoke.Invokers$Holder.linkToTargetMethod(java.lang.Object, java.lang.Object, java.lang.Object, java.lang.Object, java.lang.Object, java.lang.Object)'> (0x00000000ae3a5878) thrown at [./src/hotspot/share/interpreter/linkResolver.cpp, line 773]
Event: 6.474 Thread 0x000001a1f11ed800 Exception <a 'java/lang/NoSuchMethodError'{0x00000000ae16d988}: 'java.lang.Object java.lang.invoke.DirectMethodHandle$Holder.invokeVirtual(java.lang.Object, java.lang.Object, java.lang.Object, java.lang.Object, java.lang.Object, java.lang.Object, java.lang.Object, java.lang.Object, java.lang.Object, java.lang.Object, java.lang.Object, java.lang.Object, java.lang.Object, java.lang.Object, java.lang.Object, java.lang.Object, java.lang.Object, java.lang.Object, java.lang.Object, java.lang.Object, java.lang.Ob
Event: 6.571 Thread 0x000001a1f11ed800 Exception <a 'java/lang/NoSuchMethodError'{0x00000000ad991330}: 'int java.lang.invoke.DirectMethodHandle$Holder.invokeStaticInit(java.lang.Object, java.lang.Object, java.lang.Object)'> (0x00000000ad991330) thrown at [./src/hotspot/share/interpreter/linkResolver.cpp, line 773]
Event: 6.698 Thread 0x000001a1f11ed800 Exception <a 'java/lang/NoSuchMethodError'{0x00000000ad495a50}: 'void java.lang.invoke.DirectMethodHandle$Holder.invokeStaticInit(java.lang.Object, java.lang.Object)'> (0x00000000ad495a50) thrown at [./src/hotspot/share/interpreter/linkResolver.cpp, line 773]
Event: 6.940 Thread 0x000001a1f11ed800 Exception <a 'java/lang/NoSuchMethodError'{0x00000000ace32bc0}: 'void java.lang.invoke.DirectMethodHandle$Holder.invokeStatic(java.lang.Object, java.lang.Object, java.lang.Object, java.lang.Object)'> (0x00000000ace32bc0) thrown at [./src/hotspot/share/interpreter/linkResolver.cpp, line 773]
Event: 6.945 Thread 0x000001a1f11ed800 Exception <a 'java/lang/NoSuchMethodError'{0x00000000ace51ca8}: 'int java.lang.invoke.DirectMethodHandle$Holder.invokeVirtual(java.lang.Object, java.lang.Object)'> (0x00000000ace51ca8) thrown at [./src/hotspot/share/interpreter/linkResolver.cpp, line 773]
Event: 6.948 Thread 0x000001a1f11ed800 Exception <a 'java/lang/NoSuchMethodError'{0x00000000ace6a7e0}: 'java.lang.Object java.lang.invoke.DirectMethodHandle$Holder.invokeVirtual(java.lang.Object, java.lang.Object, java.lang.Object)'> (0x00000000ace6a7e0) thrown at [./src/hotspot/share/interpreter/linkResolver.cpp, line 773]
Event: 6.956 Thread 0x000001a1f11ed800 Exception <a 'java/lang/NoSuchMethodError'{0x00000000aced38f8}: 'int java.lang.invoke.DirectMethodHandle$Holder.invokeVirtual(java.lang.Object, java.lang.Object, java.lang.Object)'> (0x00000000aced38f8) thrown at [./src/hotspot/share/interpreter/linkResolver.cpp, line 773]
Event: 7.025 Thread 0x000001a1f11ed800 Exception <a 'java/lang/NoSuchMethodError'{0x00000000acc6c058}: 'void java.lang.invoke.DirectMethodHandle$Holder.invokeSpecial(java.lang.Object, java.lang.Object)'> (0x00000000acc6c058) thrown at [./src/hotspot/share/interpreter/linkResolver.cpp, line 773]
Event: 7.316 Thread 0x000001a1f11ed800 Exception <a 'java/lang/NoSuchMethodError'{0x00000000abd51f80}: 'java.lang.Object java.lang.invoke.DirectMethodHandle$Holder.invokeSpecialIFC(java.lang.Object, java.lang.Object, java.lang.Object, java.lang.Object)'> (0x00000000abd51f80) thrown at [./src/hotspot/share/interpreter/linkResolver.cpp, line 773]
Event: 7.467 Thread 0x000001a1f11ed800 Implicit null exception at 0x000001a1e1ed8a75 to 0x000001a1e1ed8c3c
Event: 7.538 Thread 0x000001a1f11ed800 Exception <a 'java/lang/NoSuchMethodError'{0x00000000afaa6510}: 'java.lang.Object java.lang.invoke.DirectMethodHandle$Holder.invokeSpecial(java.lang.Object, java.lang.Object, java.lang.Object, java.lang.Object, java.lang.Object, java.lang.Object, java.lang.Object, java.lang.Object, java.lang.Object, java.lang.Object, java.lang.Object, java.lang.Object, java.lang.Object)'> (0x00000000afaa6510) thrown at [./src/hotspot/share/interpreter/linkResolver.cpp, line 773]
Event: 7.539 Thread 0x000001a1f11ed800 Exception <a 'java/lang/NoSuchMethodError'{0x00000000afab7618}: 'java.lang.Object java.lang.invoke.DirectMethodHandle$Holder.invokeSpecial(java.lang.Object, java.lang.Object, java.lang.Object, java.lang.Object, java.lang.Object, java.lang.Object, java.lang.Object, java.lang.Object, java.lang.Object, java.lang.Object, java.lang.Object, java.lang.Object)'> (0x00000000afab7618) thrown at [./src/hotspot/share/interpreter/linkResolver.cpp, line 773]
Event: 7.540 Thread 0x000001a1f11ed800 Exception <a 'java/lang/NoSuchMethodError'{0x00000000afabc9e8}: 'java.lang.Object java.lang.invoke.Invokers$Holder.linkToTargetMethod(java.lang.Object, java.lang.Object, java.lang.Object, java.lang.Object, java.lang.Object, java.lang.Object, java.lang.Object, java.lang.Object, java.lang.Object, java.lang.Object, java.lang.Object)'> (0x00000000afabc9e8) thrown at [./src/hotspot/share/interpreter/linkResolver.cpp, line 773]
Event: 7.551 Thread 0x000001a1f11ed800 Exception <a 'java/lang/NoSuchMethodError'{0x00000000af965ed8}: 'java.lang.Object java.lang.invoke.DirectMethodHandle$Holder.invokeSpecial(java.lang.Object, java.lang.Object, java.lang.Object, java.lang.Object, java.lang.Object, java.lang.Object, java.lang.Object, java.lang.Object, java.lang.Object, java.lang.Object, java.lang.Object, java.lang.Object, java.lang.Object, java.lang.Object)'> (0x00000000af965ed8) thrown at [./src/hotspot/share/interpreter/linkResolver.cpp, line 773]
Event: 7.552 Thread 0x000001a1f11ed800 Exception <a 'java/lang/NoSuchMethodError'{0x00000000af9777f8}: 'java.lang.Object java.lang.invoke.Invokers$Holder.linkToTargetMethod(java.lang.Object, java.lang.Object, java.lang.Object, java.lang.Object, java.lang.Object, java.lang.Object, java.lang.Object, java.lang.Object, java.lang.Object, java.lang.Object, java.lang.Object, java.lang.Object)'> (0x00000000af9777f8) thrown at [./src/hotspot/share/interpreter/linkResolver.cpp, line 773]
Event: 7.569 Thread 0x000001a1f11ed800 Exception <a 'java/lang/NoSuchMethodError'{0x00000000af86b940}: 'java.lang.Object java.lang.invoke.DirectMethodHandle$Holder.invokeStaticInit(java.lang.Object, java.lang.Object, java.lang.Object, java.lang.Object)'> (0x00000000af86b940) thrown at [./src/hotspot/share/interpreter/linkResolver.cpp, line 773]

Events (20 events):
Event: 7.576 loading class org/gradle/api/internal/artifacts/ivyservice/ivyresolve/ChangingValueDependencyResolutionListener$1
Event: 7.576 loading class org/gradle/api/internal/artifacts/ivyservice/ivyresolve/ChangingValueDependencyResolutionListener$1 done
Event: 7.580 loading class org/gradle/api/internal/artifacts/ivyservice/resolveengine/excludes/factories/ExcludeFactory
Event: 7.580 loading class org/gradle/api/internal/artifacts/ivyservice/resolveengine/excludes/factories/ExcludeFactory done
Event: 7.580 loading class org/gradle/api/internal/artifacts/ivyservice/resolveengine/excludes/specs/ExcludeSpec
Event: 7.580 loading class org/gradle/api/internal/artifacts/ivyservice/resolveengine/excludes/specs/ExcludeSpec done
Event: 7.582 loading class org/gradle/api/internal/artifacts/ivyservice/resolveengine/excludes/factories/CachingExcludeFactory$MergeCaches
Event: 7.582 loading class org/gradle/api/internal/artifacts/ivyservice/resolveengine/excludes/factories/CachingExcludeFactory$MergeCaches done
Event: 7.584 loading class org/gradle/api/internal/artifacts/ivyservice/resolveengine/excludes/factories/CachingExcludeFactory$ConcurrentCache
Event: 7.584 loading class org/gradle/api/internal/artifacts/ivyservice/resolveengine/excludes/factories/CachingExcludeFactory$ConcurrentCache done
Event: 7.584 loading class org/gradle/api/internal/artifacts/ivyservice/resolveengine/excludes/factories/OptimizingExcludeFactory
Event: 7.584 loading class org/gradle/api/internal/artifacts/ivyservice/resolveengine/excludes/factories/OptimizingExcludeFactory done
Event: 7.585 loading class org/gradle/api/internal/artifacts/ivyservice/resolveengine/excludes/factories/DelegatingExcludeFactory
Event: 7.585 loading class org/gradle/api/internal/artifacts/ivyservice/resolveengine/excludes/factories/DelegatingExcludeFactory done
Event: 7.586 loading class org/gradle/api/internal/artifacts/ivyservice/resolveengine/excludes/factories/CachingExcludeFactory
Event: 7.586 loading class org/gradle/api/internal/artifacts/ivyservice/resolveengine/excludes/factories/CachingExcludeFactory done
Event: 7.587 loading class org/gradle/api/internal/artifacts/ivyservice/resolveengine/excludes/factories/NormalizingExcludeFactory
Event: 7.587 loading class org/gradle/api/internal/artifacts/ivyservice/resolveengine/excludes/factories/NormalizingExcludeFactory done
Event: 7.589 loading class org/gradle/api/internal/artifacts/ivyservice/resolveengine/excludes/simple/DefaultExcludeFactory
Event: 7.589 loading class org/gradle/api/internal/artifacts/ivyservice/resolveengine/excludes/simple/DefaultExcludeFactory done


Dynamic libraries:
0x00007ff754c30000 - 0x00007ff754c3a000 	C:\Program Files\Android\Android Studio\jre\bin\java.exe
0x00007ff84a870000 - 0x00007ff84aa68000 	C:\WINDOWS\SYSTEM32\ntdll.dll
0x00007ff848a80000 - 0x00007ff848b3f000 	C:\WINDOWS\System32\KERNEL32.DLL
0x00007ff848240000 - 0x00007ff848512000 	C:\WINDOWS\System32\KERNELBASE.dll
0x00007ff847fe0000 - 0x00007ff8480e0000 	C:\WINDOWS\System32\ucrtbase.dll
0x00007ff839220000 - 0x00007ff839239000 	C:\Program Files\Android\Android Studio\jre\bin\jli.dll
0x00007ff8381d0000 - 0x00007ff8381e7000 	C:\Program Files\Android\Android Studio\jre\bin\VCRUNTIME140.dll
0x00007ff848b40000 - 0x00007ff848ce1000 	C:\WINDOWS\System32\USER32.dll
0x00007ff8480e0000 - 0x00007ff848102000 	C:\WINDOWS\System32\win32u.dll
0x00007ff834e10000 - 0x00007ff8350aa000 	C:\WINDOWS\WinSxS\amd64_microsoft.windows.common-controls_6595b64144ccf1df_6.0.19041.1110_none_60b5254171f9507e\COMCTL32.dll
0x00007ff84a4c0000 - 0x00007ff84a4eb000 	C:\WINDOWS\System32\GDI32.dll
0x00007ff849e40000 - 0x00007ff849ede000 	C:\WINDOWS\System32\msvcrt.dll
0x00007ff848520000 - 0x00007ff84862f000 	C:\WINDOWS\System32\gdi32full.dll
0x00007ff848110000 - 0x00007ff8481ad000 	C:\WINDOWS\System32\msvcp_win.dll
0x00007ff8490c0000 - 0x00007ff8490f0000 	C:\WINDOWS\System32\IMM32.DLL
0x00007ff836bc0000 - 0x00007ff836c5d000 	C:\Program Files\Android\Android Studio\jre\bin\msvcp140.dll
0x00007ffffcef0000 - 0x00007ffffd9d5000 	C:\Program Files\Android\Android Studio\jre\bin\server\jvm.dll
0x00007ff8492c0000 - 0x00007ff84936e000 	C:\WINDOWS\System32\ADVAPI32.dll
0x00007ff849500000 - 0x00007ff84959c000 	C:\WINDOWS\System32\sechost.dll
0x00007ff84a6f0000 - 0x00007ff84a814000 	C:\WINDOWS\System32\RPCRT4.dll
0x00007ff84a820000 - 0x00007ff84a828000 	C:\WINDOWS\System32\PSAPI.DLL
0x00007ff834320000 - 0x00007ff834329000 	C:\WINDOWS\SYSTEM32\WSOCK32.dll
0x00007ff82b4f0000 - 0x00007ff82b517000 	C:\WINDOWS\SYSTEM32\WINMM.dll
0x00007ff840f90000 - 0x00007ff840f9a000 	C:\WINDOWS\SYSTEM32\VERSION.dll
0x00007ff8495a0000 - 0x00007ff84960b000 	C:\WINDOWS\System32\WS2_32.dll
0x00007ff8467b0000 - 0x00007ff8467c2000 	C:\WINDOWS\SYSTEM32\kernel.appcore.dll
0x00007ff836c80000 - 0x00007ff836c91000 	C:\Program Files\Android\Android Studio\jre\bin\verify.dll
0x00007ff845ce0000 - 0x00007ff845ec4000 	C:\WINDOWS\SYSTEM32\DBGHELP.DLL
0x00007ff831ca0000 - 0x00007ff831cd5000 	C:\WINDOWS\SYSTEM32\dbgcore.DLL
0x00007ff8481b0000 - 0x00007ff848232000 	C:\WINDOWS\System32\bcryptPrimitives.dll
0x00007ff835570000 - 0x00007ff835599000 	C:\Program Files\Android\Android Studio\jre\bin\java.dll
0x00007ff836c70000 - 0x00007ff836c7b000 	C:\Program Files\Android\Android Studio\jre\bin\jimage.dll
0x00007ff835d20000 - 0x00007ff835d38000 	C:\Program Files\Android\Android Studio\jre\bin\zip.dll
0x00007ff849610000 - 0x00007ff849d55000 	C:\WINDOWS\System32\SHELL32.dll
0x00007ff846010000 - 0x00007ff8467a2000 	C:\WINDOWS\SYSTEM32\windows.storage.dll
0x00007ff848d50000 - 0x00007ff8490a5000 	C:\WINDOWS\System32\combase.dll
0x00007ff8479d0000 - 0x00007ff847a00000 	C:\WINDOWS\SYSTEM32\Wldp.dll
0x00007ff849450000 - 0x00007ff8494fd000 	C:\WINDOWS\System32\SHCORE.dll
0x00007ff849de0000 - 0x00007ff849e35000 	C:\WINDOWS\System32\shlwapi.dll
0x00007ff847eb0000 - 0x00007ff847ecf000 	C:\WINDOWS\SYSTEM32\profapi.dll
0x00007ff835c00000 - 0x00007ff835c1a000 	C:\Program Files\Android\Android Studio\jre\bin\net.dll
0x00007ff83f110000 - 0x00007ff83f21a000 	C:\WINDOWS\SYSTEM32\WINHTTP.dll
0x00007ff847730000 - 0x00007ff84779a000 	C:\WINDOWS\system32\mswsock.dll
0x00007ff8231a0000 - 0x00007ff8231b4000 	C:\Program Files\Android\Android Studio\jre\bin\nio.dll
0x00007ff837a60000 - 0x00007ff837a87000 	C:\Users\ASUS\.gradle\native\e1d6ef7f7dcc3fd88c89a11ec53ec762bb8ba0a96d01ffa2cd45eb1d1d8dd5c5\windows-amd64\native-platform.dll
0x00007ff812d70000 - 0x00007ff812eb4000 	C:\Users\ASUS\.gradle\native\0d407fdbe67a94daf76414ababcb853783967236a71b16ec16e742cd7a986fd3\windows-amd64\native-platform-file-events.dll
0x00007ff836c60000 - 0x00007ff836c6a000 	C:\Program Files\Android\Android Studio\jre\bin\management.dll
0x00007ff8310d0000 - 0x00007ff8310dd000 	C:\Program Files\Android\Android Studio\jre\bin\management_ext.dll
0x00007ff847930000 - 0x00007ff847948000 	C:\WINDOWS\SYSTEM32\CRYPTSP.dll
0x00007ff846fe0000 - 0x00007ff847014000 	C:\WINDOWS\system32\rsaenh.dll
0x00007ff848890000 - 0x00007ff8488b7000 	C:\WINDOWS\System32\bcrypt.dll
0x00007ff847e70000 - 0x00007ff847e9e000 	C:\WINDOWS\SYSTEM32\USERENV.dll
0x00007ff847920000 - 0x00007ff84792c000 	C:\WINDOWS\SYSTEM32\CRYPTBASE.dll
0x00007ff8473d0000 - 0x00007ff84740b000 	C:\WINDOWS\SYSTEM32\IPHLPAPI.DLL
0x00007ff8488c0000 - 0x00007ff8488c8000 	C:\WINDOWS\System32\NSI.dll
0x00007ff840610000 - 0x00007ff840627000 	C:\WINDOWS\SYSTEM32\dhcpcsvc6.DLL
0x00007ff842070000 - 0x00007ff84208d000 	C:\WINDOWS\SYSTEM32\dhcpcsvc.DLL
0x00007ff847420000 - 0x00007ff8474eb000 	C:\WINDOWS\SYSTEM32\DNSAPI.dll

dbghelp: loaded successfully - version: 4.0.5 - missing functions: none
symbol engine: initialized successfully - sym options: 0x614 - pdb path: .;C:\Program Files\Android\Android Studio\jre\bin;C:\WINDOWS\SYSTEM32;C:\WINDOWS\WinSxS\amd64_microsoft.windows.common-controls_6595b64144ccf1df_6.0.19041.1110_none_60b5254171f9507e;C:\Program Files\Android\Android Studio\jre\bin\server;C:\Users\ASUS\.gradle\native\e1d6ef7f7dcc3fd88c89a11ec53ec762bb8ba0a96d01ffa2cd45eb1d1d8dd5c5\windows-amd64;C:\Users\ASUS\.gradle\native\0d407fdbe67a94daf76414ababcb853783967236a71b16ec16e742cd7a986fd3\windows-amd64

VM Arguments:
jvm_args: --add-opens=java.base/java.util=ALL-UNNAMED --add-opens=java.base/java.lang=ALL-UNNAMED --add-opens=java.base/java.lang.invoke=ALL-UNNAMED --add-opens=java.base/java.util=ALL-UNNAMED --add-opens=java.prefs/java.util.prefs=ALL-UNNAMED --add-opens=java.prefs/java.util.prefs=ALL-UNNAMED --add-opens=java.base/java.nio.charset=ALL-UNNAMED --add-opens=java.base/java.net=ALL-UNNAMED --add-opens=java.base/java.util.concurrent.atomic=ALL-UNNAMED -Xmx1536M -Dfile.encoding=windows-1252 -Duser.country=TR -Duser.language=tr -Duser.variant 
java_command: org.gradle.launcher.daemon.bootstrap.GradleDaemon 7.4
java_class_path (initial): C:\Users\ASUS\.gradle\wrapper\dists\gradle-7.4-all\aadb4xli5jkdsnukm30eibyiu\gradle-7.4\lib\gradle-launcher-7.4.jar
Launcher Type: SUN_STANDARD

[Global flags]
     intx CICompilerCount                          = 4                                         {product} {ergonomic}
     uint ConcGCThreads                            = 2                                         {product} {ergonomic}
     uint G1ConcRefinementThreads                  = 8                                         {product} {ergonomic}
   size_t G1HeapRegionSize                         = 1048576                                   {product} {ergonomic}
    uintx GCDrainStackTargetSize                   = 64                                        {product} {ergonomic}
   size_t InitialHeapSize                          = 268435456                                 {product} {ergonomic}
   size_t MarkStackSize                            = 4194304                                   {product} {ergonomic}
   size_t MaxHeapSize                              = 1610612736                                {product} {command line}
   size_t MaxNewSize                               = 965738496                                 {product} {ergonomic}
   size_t MinHeapDeltaBytes                        = 1048576                                   {product} {ergonomic}
    uintx NonNMethodCodeHeapSize                   = 5836300                                {pd product} {ergonomic}
    uintx NonProfiledCodeHeapSize                  = 122910970                              {pd product} {ergonomic}
    uintx ProfiledCodeHeapSize                     = 122910970                              {pd product} {ergonomic}
    uintx ReservedCodeCacheSize                    = 251658240                              {pd product} {ergonomic}
     bool SegmentedCodeCache                       = true                                      {product} {ergonomic}
     bool UseCompressedClassPointers               = true                                 {lp64_product} {ergonomic}
     bool UseCompressedOops                        = true                                 {lp64_product} {ergonomic}
     bool UseG1GC                                  = true                                      {product} {ergonomic}
     bool UseLargePagesIndividualAllocation        = false                                  {pd product} {ergonomic}

Logging:
Log output configuration:
 #0: stdout all=warning uptime,level,tags
 #1: stderr all=off uptime,level,tags

Environment Variables:
JAVA_HOME=C:\Program Files\Android\Android Studio\jre
CLASSPATH=C:\Users\ASUS\AndroidStudioProjects\beklenenYasamSuresiHesaplama\android\\gradle\wrapper\gradle-wrapper.jar
PATH=C:\Program Files\Common Files\Oracle\Java\javapath;C:\Program Files (x86)\Common Files\Oracle\Java\javapath;C:\Program Files (x86)\Intel\iCLS Client\;C:\Program Files\Intel\iCLS Client\;C:\Windows\system32;C:\Windows;C:\Windows\System32\Wbem;C:\Windows\System32\WindowsPowerShell\v1.0\;C:\Program Files (x86)\NVIDIA Corporation\PhysX\Common;C:\Program Files (x86)\Intel\Intel(R) Management Engine Components\DAL;C:\Program Files\Intel\Intel(R) Management Engine Components\DAL;C:\Program Files (x86)\Intel\Intel(R) Management Engine Components\IPT;C:\Program Files\Intel\Intel(R) Management Engine Components\IPT;C:\WINDOWS\system32;C:\WINDOWS;C:\WINDOWS\System32\Wbem;C:\WINDOWS\System32\WindowsPowerShell\v1.0\;C:\WINDOWS\System32\OpenSSH\;C:\Program Files\Intel\WiFi\bin\;C:\Program Files\Common Files\Intel\WirelessCommon\;C:\Program Files\NVIDIA Corporation\NVIDIA NvDLISR;C:\WINDOWS\system32;C:\WINDOWS;C:\WINDOWS\System32\Wbem;C:\WINDOWS\System32\WindowsPowerShell\v1.0\;C:\WINDOWS\System32\OpenSSH\;C:\Program Files\dotnet\;C:\Program Files\Microsoft SQL Server\Client SDK\ODBC\170\Tools\Binn\;C:\Program Files (x86)\Microsoft SQL Server\150\Tools\Binn\;C:\Program Files\Microsoft SQL Server\150\Tools\Binn\;C:\Program Files\Microsoft SQL Server\150\DTS\Binn\;C:\Program Files\Azure Data Studio\bin;C:\Program Files\Microsoft SQL Server\130\Tools\Binn\;C:\src\flutter\bin;C:\Program Files\Git\cmd;C:\Users\ASUS\Desktop\flutter\bin;C:\Users\ASUS\.dotnet\tools;C:\Users\ASUS\AppData\Local\GitHubDesktop\bin;C:\Program Files\Azure Data Studio\bin;C:\Users\ASUS\AppData\Local\Programs\Microsoft VS Code\bin;C:\Users\ASUS\Desktop\flutter\bin;C:\src\flutter\bin;C:\src\flutter\bin;C:\Program Files\Java\jdk-11.0.15\bin;;C:\src\flutter\bin\mingit\cmd
USERNAME=ASUS
OS=Windows_NT
PROCESSOR_IDENTIFIER=Intel64 Family 6 Model 158 Stepping 9, GenuineIntel



---------------  S Y S T E M  ---------------

OS: Windows 10 , 64 bit Build 19041 (10.0.19041.2546)
OS uptime: 14 days 1:55 hours

CPU:total 8 (initial active 8) (4 cores per cpu, 2 threads per core) family 6 model 158 stepping 9 microcode 0xb4, cmov, cx8, fxsr, mmx, sse, sse2, sse3, ssse3, sse4.1, sse4.2, popcnt, avx, avx2, aes, clmul, erms, 3dnowpref, lzcnt, ht, tsc, tscinvbit, bmi1, bmi2, adx, fma

Memory: 4k page, system-wide physical 16268M (2635M free)
TotalPageFile size 16268M (AvailPageFile size 7M)
current process WorkingSet (physical memory assigned to process): 232M, peak: 232M
current process commit charge ("private bytes"): 435M, peak: 439M

vm_info: OpenJDK 64-Bit Server VM (11.0.12+7-b1504.28-7817840) for windows-amd64 JRE (11.0.12+7-b1504.28-7817840), built on Oct 13 2021 22:12:33 by "builder" with MS VC++ 14.0 (VS2015)

END.
