#
# There is insufficient memory for the Java Runtime Environment to continue.
# Native memory allocation (malloc) failed to allocate 1085136 bytes for Chunk::new
# Possible reasons:
#   The system is out of physical RAM or swap space
#   The process is running with CompressedOops enabled, and the Java Heap may be blocking the growth of the native heap
# Possible solutions:
#   Reduce memory load on the system
#   Increase physical memory or swap space
#   Check if swap backing store is full
#   Decrease Java heap size (-Xmx/-Xms)
#   Decrease number of Java threads
#   Decrease Java thread stack sizes (-Xss)
#   Set larger code cache with -XX:ReservedCodeCacheSize=
#   JVM is running with Unscaled Compressed Oops mode in which the Java heap is
#     placed in the first 4GB address space. The Java Heap base address is the
#     maximum limit for the native heap growth. Please use -XX:HeapBaseMinAddress
#     to set the Java Heap base and to place the Java Heap above 4GB virtual address.
# This output file may be truncated or incomplete.
#
#  Out of Memory Error (./src/hotspot/share/memory/arena.cpp:197), pid=20276, tid=5964
#
# JRE version: OpenJDK Runtime Environment (11.0.12+7) (build 11.0.12+7-b1504.28-7817840)
# Java VM: OpenJDK 64-Bit Server VM (11.0.12+7-b1504.28-7817840, mixed mode, tiered, compressed oops, g1 gc, windows-amd64)
# No core dump will be written. Minidumps are not enabled by default on client versions of Windows
#

---------------  S U M M A R Y ------------

Command Line: --add-opens=java.base/java.util=ALL-UNNAMED --add-opens=java.base/java.lang=ALL-UNNAMED --add-opens=java.base/java.lang.invoke=ALL-UNNAMED --add-opens=java.base/java.util=ALL-UNNAMED --add-opens=java.prefs/java.util.prefs=ALL-UNNAMED --add-opens=java.prefs/java.util.prefs=ALL-UNNAMED --add-opens=java.base/java.nio.charset=ALL-UNNAMED --add-opens=java.base/java.net=ALL-UNNAMED --add-opens=java.base/java.util.concurrent.atomic=ALL-UNNAMED -Xmx1536M -Dfile.encoding=windows-1252 -Duser.country=TR -Duser.language=tr -Duser.variant org.gradle.launcher.daemon.bootstrap.GradleDaemon 7.4

Host: Intel(R) Core(TM) i7-7700HQ CPU @ 2.80GHz, 8 cores, 15G,  Windows 10 , 64 bit Build 19041 (10.0.19041.2546)
Time: Tue Apr 11 16:41:16 2023 Türkiye Standart Saati elapsed time: 17.455716 seconds (0d 0h 0m 17s)

---------------  T H R E A D  ---------------

Current thread (0x000001ba7b7c1000):  JavaThread "C2 CompilerThread1" daemon [_thread_in_native, id=5964, stack(0x00000062fee00000,0x00000062fef00000)]


Current CompileTask:
C2:  17455 6289       4       java.net.URLClassLoader$1::run (5 bytes)

Stack: [0x00000062fee00000,0x00000062fef00000]
Native frames: (J=compiled Java code, j=interpreted, Vv=VM code, C=native code)
V  [jvm.dll+0x5fbcea]
V  [jvm.dll+0x731905]
V  [jvm.dll+0x732f1d]
V  [jvm.dll+0x7335d3]
V  [jvm.dll+0x247bf8]
V  [jvm.dll+0xc018c]
V  [jvm.dll+0xc06cc]
V  [jvm.dll+0x2bcc04]
V  [jvm.dll+0x5113a8]
V  [jvm.dll+0x208303]
V  [jvm.dll+0x201fe0]
V  [jvm.dll+0x1ff71f]
V  [jvm.dll+0x18868c]
V  [jvm.dll+0x20e0d7]
V  [jvm.dll+0x20c901]
V  [jvm.dll+0x6f9b7f]
V  [jvm.dll+0x6f26a5]
V  [jvm.dll+0x5fabf6]
C  [ucrtbase.dll+0x21bb2]
C  [KERNEL32.DLL+0x17614]
C  [ntdll.dll+0x526a1]


---------------  P R O C E S S  ---------------

Threads class SMR info:
_java_thread_list=0x000001ba7cd96470, length=124, elements={
0x000001ba5fc52000, 0x000001ba79629000, 0x000001ba7964e800, 0x000001ba796b1800,
0x000001ba796b5800, 0x000001ba796b7000, 0x000001ba796b8000, 0x000001ba796c3000,
0x000001ba796dc000, 0x000001ba79829000, 0x000001ba79829800, 0x000001ba79825800,
0x000001ba79828000, 0x000001ba79826800, 0x000001ba79827800, 0x000001ba7982a800,
0x000001ba79825000, 0x000001ba7982b800, 0x000001ba7af53800, 0x000001ba7af54800,
0x000001ba7af55800, 0x000001ba7af56000, 0x000001ba7af52000, 0x000001ba7af57000,
0x000001ba7af51000, 0x000001ba7af57800, 0x000001ba7af53000, 0x000001ba7b7c1000,
0x000001ba7af5d800, 0x000001ba7af58800, 0x000001ba7af59800, 0x000001ba7af5c800,
0x000001ba7af5f000, 0x000001ba7af5b000, 0x000001ba7af5a000, 0x000001ba7d339000,
0x000001ba7d33a000, 0x000001ba7d336000, 0x000001ba7d334000, 0x000001ba7d33a800,
0x000001ba7d335000, 0x000001ba7d33b800, 0x000001ba7d336800, 0x000001ba7d338000,
0x000001ba7d33c800, 0x000001ba7d33d000, 0x000001ba7d337800, 0x000001ba7d340800,
0x000001ba7d33f000, 0x000001ba7d341000, 0x000001ba7d342000, 0x000001ba7d343000,
0x000001ba7d33e000, 0x000001ba7d33f800, 0x000001ba7d80a800, 0x000001ba7d80e800,
0x000001ba7d811000, 0x000001ba7d80f000, 0x000001ba7d80c800, 0x000001ba7d80d800,
0x000001ba7d810000, 0x000001ba7d80b000, 0x000001ba7d811800, 0x000001ba7d80c000,
0x000001ba7d812800, 0x000001ba7d818000, 0x000001ba7d815800, 0x000001ba7d816800,
0x000001ba7d814000, 0x000001ba7d817800, 0x000001ba7d815000, 0x000001ba7d819000,
0x000001ba7d813000, 0x000001ba7f519800, 0x000001ba7f515800, 0x000001ba7f517800,
0x000001ba7f515000, 0x000001ba7f514000, 0x000001ba7f51c000, 0x000001ba7f518000,
0x000001ba7f519000, 0x000001ba7f51a800, 0x000001ba7f516800, 0x000001ba7f51e800,
0x000001ba7f520000, 0x000001ba7f51d000, 0x000001ba7f51f800, 0x000001ba7f521000,
0x000001ba7f51b800, 0x000001ba7f522000, 0x000001ba7f522800, 0x000001ba7f51e000,
0x000001ba7f4ed000, 0x000001ba7f4ef000, 0x000001ba7f4f3000, 0x000001ba7f4ef800,
0x000001ba7f4f1000, 0x000001ba7f4ee000, 0x000001ba7f4f2000, 0x000001ba7f4f6000,
0x000001ba7f4f3800, 0x000001ba7f4f0800, 0x000001ba7f4fa000, 0x000001ba7f4f4800,
0x000001ba7f4f7000, 0x000001ba7f4f8000, 0x000001ba7f4fb000, 0x000001ba7f4f8800,
0x000001ba7f4f9800, 0x000001ba7f4f5800, 0x000001ba7f4fc000, 0x000001ba7f502000,
0x000001ba7f503000, 0x000001ba7f4fe000, 0x000001ba7f4ff000, 0x000001ba7f4fd000,
0x000001ba7f504800, 0x000001ba7f501000, 0x000001ba7f503800, 0x000001ba7f4ff800,
0x000001ba7f505800, 0x000001ba7f506000, 0x000001ba7f50c000, 0x000001ba7f507000
}

Java Threads: ( => current thread )
  0x000001ba5fc52000 JavaThread "main" [_thread_blocked, id=23500, stack(0x00000062fc400000,0x00000062fc500000)]
  0x000001ba79629000 JavaThread "Reference Handler" daemon [_thread_blocked, id=24120, stack(0x00000062fcb00000,0x00000062fcc00000)]
  0x000001ba7964e800 JavaThread "Finalizer" daemon [_thread_blocked, id=20092, stack(0x00000062fcc00000,0x00000062fcd00000)]
  0x000001ba796b1800 JavaThread "Signal Dispatcher" daemon [_thread_blocked, id=7132, stack(0x00000062fcd00000,0x00000062fce00000)]
  0x000001ba796b5800 JavaThread "Attach Listener" daemon [_thread_blocked, id=7420, stack(0x00000062fce00000,0x00000062fcf00000)]
  0x000001ba796b7000 JavaThread "Service Thread" daemon [_thread_blocked, id=24368, stack(0x00000062fcf00000,0x00000062fd000000)]
  0x000001ba796b8000 JavaThread "C2 CompilerThread0" daemon [_thread_blocked, id=10960, stack(0x00000062fd000000,0x00000062fd100000)]
  0x000001ba796c3000 JavaThread "C1 CompilerThread0" daemon [_thread_blocked, id=8420, stack(0x00000062fd100000,0x00000062fd200000)]
  0x000001ba796dc000 JavaThread "Sweeper thread" daemon [_thread_blocked, id=13036, stack(0x00000062fd200000,0x00000062fd300000)]
  0x000001ba79829000 JavaThread "Common-Cleaner" daemon [_thread_blocked, id=3796, stack(0x00000062fd300000,0x00000062fd400000)]
  0x000001ba79829800 JavaThread "Daemon health stats" [_thread_blocked, id=22476, stack(0x00000062fdb00000,0x00000062fdc00000)]
  0x000001ba79825800 JavaThread "Incoming local TCP Connector on port 56309" [_thread_in_native, id=9788, stack(0x00000062fd500000,0x00000062fd600000)]
  0x000001ba79828000 JavaThread "Daemon periodic checks" [_thread_blocked, id=23016, stack(0x00000062fdc00000,0x00000062fdd00000)]
  0x000001ba79826800 JavaThread "Daemon" [_thread_blocked, id=12732, stack(0x00000062fdd00000,0x00000062fde00000)]
  0x000001ba79827800 JavaThread "Handler for socket connection from /127.0.0.1:56309 to /127.0.0.1:56311" [_thread_in_native, id=18876, stack(0x00000062fde00000,0x00000062fdf00000)]
  0x000001ba7982a800 JavaThread "Cancel handler" [_thread_blocked, id=23360, stack(0x00000062fdf00000,0x00000062fe000000)]
  0x000001ba79825000 JavaThread "Daemon worker" [_thread_in_vm, id=9636, stack(0x00000062fe000000,0x00000062fe100000)]
  0x000001ba7982b800 JavaThread "Asynchronous log dispatcher for DefaultDaemonConnection: socket connection from /127.0.0.1:56309 to /127.0.0.1:56311" [_thread_blocked, id=19592, stack(0x00000062fe100000,0x00000062fe200000)]
  0x000001ba7af53800 JavaThread "Stdin handler" [_thread_blocked, id=19588, stack(0x00000062fe200000,0x00000062fe300000)]
  0x000001ba7af54800 JavaThread "Daemon client event forwarder" [_thread_blocked, id=10752, stack(0x00000062fe300000,0x00000062fe400000)]
  0x000001ba7af55800 JavaThread "Cache worker for journal cache (C:\Users\ASUS\.gradle\caches\journal-1)" [_thread_blocked, id=17044, stack(0x00000062fe500000,0x00000062fe600000)]
  0x000001ba7af56000 JavaThread "File lock request listener" [_thread_in_native, id=12420, stack(0x00000062fe600000,0x00000062fe700000)]
  0x000001ba7af52000 JavaThread "Cache worker for file hash cache (C:\Users\ASUS\.gradle\caches\7.4\fileHashes)" [_thread_blocked, id=7764, stack(0x00000062fe700000,0x00000062fe800000)]
  0x000001ba7af57000 JavaThread "File watcher server" daemon [_thread_in_native, id=7772, stack(0x00000062fe400000,0x00000062fe500000)]
  0x000001ba7af51000 JavaThread "File watcher consumer" daemon [_thread_blocked, id=8508, stack(0x00000062feb00000,0x00000062fec00000)]
  0x000001ba7af57800 JavaThread "Cache worker for checksums cache (C:\Users\ASUS\AndroidStudioProjects\beklenenYasamSuresiHesaplama\android\.gradle\7.4\checksums)" [_thread_blocked, id=7788, stack(0x00000062fec00000,0x00000062fed00000)]
  0x000001ba7af53000 JavaThread "Cache worker for cache directory md-rule (C:\Users\ASUS\.gradle\caches\7.4\md-rule)" [_thread_blocked, id=11480, stack(0x00000062fed00000,0x00000062fee00000)]
=>0x000001ba7b7c1000 JavaThread "C2 CompilerThread1" daemon [_thread_in_native, id=5964, stack(0x00000062fee00000,0x00000062fef00000)]
  0x000001ba7af5d800 JavaThread "Cache worker for file hash cache (C:\Users\ASUS\AndroidStudioProjects\beklenenYasamSuresiHesaplama\android\.gradle\7.4\fileHashes)" [_thread_blocked, id=1852, stack(0x00000062fef00000,0x00000062ff000000)]
  0x000001ba7af58800 JavaThread "Cache worker for cache directory md-supplier (C:\Users\ASUS\.gradle\caches\7.4\md-supplier)" [_thread_blocked, id=23364, stack(0x00000062ff000000,0x00000062ff100000)]
  0x000001ba7af59800 JavaThread "Cache worker for execution history cache (C:\Users\ASUS\.gradle\caches\7.4\executionHistory)" [_thread_blocked, id=8112, stack(0x00000062ff200000,0x00000062ff300000)]
  0x000001ba7af5c800 JavaThread "jar transforms" [_thread_blocked, id=4416, stack(0x00000062ff300000,0x00000062ff400000)]
  0x000001ba7af5f000 JavaThread "jar transforms Thread 2" [_thread_blocked, id=1996, stack(0x00000062ff400000,0x00000062ff500000)]
  0x000001ba7af5b000 JavaThread "Cache worker for file content cache (C:\Users\ASUS\.gradle\caches\7.4\fileContent)" [_thread_blocked, id=14308, stack(0x00000062ff500000,0x00000062ff600000)]
  0x000001ba7af5a000 JavaThread "jar transforms Thread 3" [_thread_blocked, id=7020, stack(0x00000062ff600000,0x00000062ff700000)]
  0x000001ba7d339000 JavaThread "jar transforms Thread 4" [_thread_blocked, id=10832, stack(0x00000062ff700000,0x00000062ff800000)]
  0x000001ba7d33a000 JavaThread "Cache worker for dependencies-accessors (C:\Users\ASUS\AndroidStudioProjects\beklenenYasamSuresiHesaplama\android\.gradle\7.4\dependencies-accessors)" [_thread_blocked, id=352, stack(0x00000062ff800000,0x00000062ff900000)]
  0x000001ba7d336000 JavaThread "jar transforms Thread 5" [_thread_blocked, id=20928, stack(0x00000062ff900000,0x00000062ffa00000)]
  0x000001ba7d334000 JavaThread "Cache worker for Build Output Cleanup Cache (C:\Users\ASUS\AndroidStudioProjects\beklenenYasamSuresiHesaplama\android\.gradle\buildOutputCleanup)" [_thread_blocked, id=9952, stack(0x00000062ffa00000,0x00000062ffb00000)]
  0x000001ba7d33a800 JavaThread "Unconstrained build operations" [_thread_blocked, id=5844, stack(0x00000062ffb00000,0x00000062ffc00000)]
  0x000001ba7d335000 JavaThread "Unconstrained build operations Thread 2" [_thread_blocked, id=23200, stack(0x00000062ffc00000,0x00000062ffd00000)]
  0x000001ba7d33b800 JavaThread "Unconstrained build operations Thread 3" [_thread_blocked, id=18444, stack(0x00000062ffd00000,0x00000062ffe00000)]
  0x000001ba7d336800 JavaThread "Unconstrained build operations Thread 4" [_thread_blocked, id=9904, stack(0x00000062ffe00000,0x00000062fff00000)]
  0x000001ba7d338000 JavaThread "Unconstrained build operations Thread 5" [_thread_blocked, id=8176, stack(0x00000062fff00000,0x0000006300000000)]
  0x000001ba7d33c800 JavaThread "Unconstrained build operations Thread 6" [_thread_blocked, id=7960, stack(0x0000006280000000,0x0000006280100000)]
  0x000001ba7d33d000 JavaThread "Unconstrained build operations Thread 7" [_thread_blocked, id=3708, stack(0x0000006280100000,0x0000006280200000)]
  0x000001ba7d337800 JavaThread "Unconstrained build operations Thread 8" [_thread_blocked, id=14668, stack(0x0000006280200000,0x0000006280300000)]
  0x000001ba7d340800 JavaThread "Unconstrained build operations Thread 9" [_thread_blocked, id=17492, stack(0x0000006280300000,0x0000006280400000)]
  0x000001ba7d33f000 JavaThread "Unconstrained build operations Thread 10" [_thread_blocked, id=1632, stack(0x0000006280400000,0x0000006280500000)]
  0x000001ba7d341000 JavaThread "Unconstrained build operations Thread 11" [_thread_blocked, id=16708, stack(0x0000006280500000,0x0000006280600000)]
  0x000001ba7d342000 JavaThread "Unconstrained build operations Thread 12" [_thread_blocked, id=4752, stack(0x0000006280600000,0x0000006280700000)]
  0x000001ba7d343000 JavaThread "Unconstrained build operations Thread 13" [_thread_blocked, id=24972, stack(0x0000006280700000,0x0000006280800000)]
  0x000001ba7d33e000 JavaThread "Unconstrained build operations Thread 14" [_thread_blocked, id=2388, stack(0x0000006280800000,0x0000006280900000)]
  0x000001ba7d33f800 JavaThread "Unconstrained build operations Thread 15" [_thread_blocked, id=16076, stack(0x0000006280900000,0x0000006280a00000)]
  0x000001ba7d80a800 JavaThread "Unconstrained build operations Thread 16" [_thread_blocked, id=7976, stack(0x0000006280a00000,0x0000006280b00000)]
  0x000001ba7d80e800 JavaThread "Unconstrained build operations Thread 17" [_thread_blocked, id=18056, stack(0x0000006280b00000,0x0000006280c00000)]
  0x000001ba7d811000 JavaThread "Unconstrained build operations Thread 18" [_thread_blocked, id=16808, stack(0x0000006280c00000,0x0000006280d00000)]
  0x000001ba7d80f000 JavaThread "Unconstrained build operations Thread 19" [_thread_blocked, id=14440, stack(0x0000006280d00000,0x0000006280e00000)]
  0x000001ba7d80c800 JavaThread "Unconstrained build operations Thread 20" [_thread_blocked, id=8436, stack(0x0000006280e00000,0x0000006280f00000)]
  0x000001ba7d80d800 JavaThread "Unconstrained build operations Thread 21" [_thread_blocked, id=3456, stack(0x0000006280f00000,0x0000006281000000)]
  0x000001ba7d810000 JavaThread "Unconstrained build operations Thread 22" [_thread_blocked, id=15444, stack(0x0000006281000000,0x0000006281100000)]
  0x000001ba7d80b000 JavaThread "Unconstrained build operations Thread 23" [_thread_blocked, id=18872, stack(0x0000006281100000,0x0000006281200000)]
  0x000001ba7d811800 JavaThread "Unconstrained build operations Thread 24" [_thread_blocked, id=20604, stack(0x0000006281200000,0x0000006281300000)]
  0x000001ba7d80c000 JavaThread "Unconstrained build operations Thread 25" [_thread_blocked, id=19980, stack(0x0000006281300000,0x0000006281400000)]
  0x000001ba7d812800 JavaThread "Unconstrained build operations Thread 26" [_thread_blocked, id=22860, stack(0x0000006281400000,0x0000006281500000)]
  0x000001ba7d818000 JavaThread "Unconstrained build operations Thread 27" [_thread_blocked, id=15400, stack(0x0000006281500000,0x0000006281600000)]
  0x000001ba7d815800 JavaThread "Unconstrained build operations Thread 28" [_thread_blocked, id=20852, stack(0x0000006281600000,0x0000006281700000)]
  0x000001ba7d816800 JavaThread "Unconstrained build operations Thread 29" [_thread_blocked, id=5572, stack(0x0000006281700000,0x0000006281800000)]
  0x000001ba7d814000 JavaThread "Unconstrained build operations Thread 30" [_thread_blocked, id=2124, stack(0x0000006281800000,0x0000006281900000)]
  0x000001ba7d817800 JavaThread "Unconstrained build operations Thread 31" [_thread_blocked, id=12804, stack(0x0000006281900000,0x0000006281a00000)]
  0x000001ba7d815000 JavaThread "Unconstrained build operations Thread 32" [_thread_blocked, id=22564, stack(0x0000006281a00000,0x0000006281b00000)]
  0x000001ba7d819000 JavaThread "Unconstrained build operations Thread 33" [_thread_blocked, id=10780, stack(0x0000006281b00000,0x0000006281c00000)]
  0x000001ba7d813000 JavaThread "Unconstrained build operations Thread 34" [_thread_blocked, id=14652, stack(0x0000006281c00000,0x0000006281d00000)]
  0x000001ba7f519800 JavaThread "Unconstrained build operations Thread 35" [_thread_blocked, id=17884, stack(0x0000006281d00000,0x0000006281e00000)]
  0x000001ba7f515800 JavaThread "Unconstrained build operations Thread 36" [_thread_blocked, id=1208, stack(0x0000006281e00000,0x0000006281f00000)]
  0x000001ba7f517800 JavaThread "Unconstrained build operations Thread 37" [_thread_blocked, id=11568, stack(0x0000006281f00000,0x0000006282000000)]
  0x000001ba7f515000 JavaThread "Unconstrained build operations Thread 38" [_thread_blocked, id=5736, stack(0x0000006282000000,0x0000006282100000)]
  0x000001ba7f514000 JavaThread "Unconstrained build operations Thread 39" [_thread_blocked, id=23060, stack(0x0000006282100000,0x0000006282200000)]
  0x000001ba7f51c000 JavaThread "Unconstrained build operations Thread 40" [_thread_blocked, id=16592, stack(0x0000006282200000,0x0000006282300000)]
  0x000001ba7f518000 JavaThread "Unconstrained build operations Thread 41" [_thread_blocked, id=928, stack(0x0000006282300000,0x0000006282400000)]
  0x000001ba7f519000 JavaThread "Unconstrained build operations Thread 42" [_thread_blocked, id=21192, stack(0x0000006282400000,0x0000006282500000)]
  0x000001ba7f51a800 JavaThread "Unconstrained build operations Thread 43" [_thread_blocked, id=15452, stack(0x0000006282500000,0x0000006282600000)]
  0x000001ba7f516800 JavaThread "Unconstrained build operations Thread 44" [_thread_blocked, id=8752, stack(0x0000006282600000,0x0000006282700000)]
  0x000001ba7f51e800 JavaThread "Unconstrained build operations Thread 45" [_thread_blocked, id=3720, stack(0x0000006282700000,0x0000006282800000)]
  0x000001ba7f520000 JavaThread "Unconstrained build operations Thread 46" [_thread_blocked, id=22892, stack(0x0000006282800000,0x0000006282900000)]
  0x000001ba7f51d000 JavaThread "Unconstrained build operations Thread 47" [_thread_blocked, id=4480, stack(0x0000006282900000,0x0000006282a00000)]
  0x000001ba7f51f800 JavaThread "Unconstrained build operations Thread 48" [_thread_blocked, id=20508, stack(0x0000006282a00000,0x0000006282b00000)]
  0x000001ba7f521000 JavaThread "Unconstrained build operations Thread 49" [_thread_blocked, id=11988, stack(0x0000006282b00000,0x0000006282c00000)]
  0x000001ba7f51b800 JavaThread "Unconstrained build operations Thread 50" [_thread_blocked, id=6744, stack(0x0000006282c00000,0x0000006282d00000)]
  0x000001ba7f522000 JavaThread "Unconstrained build operations Thread 51" [_thread_blocked, id=3036, stack(0x0000006282d00000,0x0000006282e00000)]
  0x000001ba7f522800 JavaThread "Unconstrained build operations Thread 52" [_thread_blocked, id=9584, stack(0x0000006282e00000,0x0000006282f00000)]
  0x000001ba7f51e000 JavaThread "Unconstrained build operations Thread 53" [_thread_blocked, id=7972, stack(0x0000006282f00000,0x0000006283000000)]
  0x000001ba7f4ed000 JavaThread "Unconstrained build operations Thread 54" [_thread_blocked, id=23488, stack(0x0000006283000000,0x0000006283100000)]
  0x000001ba7f4ef000 JavaThread "Unconstrained build operations Thread 55" [_thread_blocked, id=9000, stack(0x0000006283100000,0x0000006283200000)]
  0x000001ba7f4f3000 JavaThread "Unconstrained build operations Thread 56" [_thread_blocked, id=5668, stack(0x0000006283200000,0x0000006283300000)]
  0x000001ba7f4ef800 JavaThread "Unconstrained build operations Thread 57" [_thread_blocked, id=3124, stack(0x0000006283300000,0x0000006283400000)]
  0x000001ba7f4f1000 JavaThread "Unconstrained build operations Thread 58" [_thread_blocked, id=5948, stack(0x0000006283400000,0x0000006283500000)]
  0x000001ba7f4ee000 JavaThread "Unconstrained build operations Thread 59" [_thread_blocked, id=14816, stack(0x0000006283500000,0x0000006283600000)]
  0x000001ba7f4f2000 JavaThread "Unconstrained build operations Thread 60" [_thread_blocked, id=15676, stack(0x0000006283600000,0x0000006283700000)]
  0x000001ba7f4f6000 JavaThread "Unconstrained build operations Thread 61" [_thread_blocked, id=25260, stack(0x0000006283700000,0x0000006283800000)]
  0x000001ba7f4f3800 JavaThread "Unconstrained build operations Thread 62" [_thread_blocked, id=20940, stack(0x0000006283800000,0x0000006283900000)]
  0x000001ba7f4f0800 JavaThread "Unconstrained build operations Thread 63" [_thread_blocked, id=16316, stack(0x0000006283900000,0x0000006283a00000)]
  0x000001ba7f4fa000 JavaThread "Unconstrained build operations Thread 64" [_thread_blocked, id=18856, stack(0x0000006283a00000,0x0000006283b00000)]
  0x000001ba7f4f4800 JavaThread "Unconstrained build operations Thread 65" [_thread_blocked, id=6548, stack(0x0000006283b00000,0x0000006283c00000)]
  0x000001ba7f4f7000 JavaThread "Unconstrained build operations Thread 66" [_thread_blocked, id=7068, stack(0x0000006283c00000,0x0000006283d00000)]
  0x000001ba7f4f8000 JavaThread "Unconstrained build operations Thread 67" [_thread_blocked, id=12008, stack(0x0000006283d00000,0x0000006283e00000)]
  0x000001ba7f4fb000 JavaThread "Unconstrained build operations Thread 68" [_thread_blocked, id=18832, stack(0x0000006283e00000,0x0000006283f00000)]
  0x000001ba7f4f8800 JavaThread "Unconstrained build operations Thread 69" [_thread_blocked, id=3100, stack(0x0000006283f00000,0x0000006284000000)]
  0x000001ba7f4f9800 JavaThread "Unconstrained build operations Thread 70" [_thread_blocked, id=13172, stack(0x0000006284000000,0x0000006284100000)]
  0x000001ba7f4f5800 JavaThread "Unconstrained build operations Thread 71" [_thread_blocked, id=19536, stack(0x0000006284100000,0x0000006284200000)]
  0x000001ba7f4fc000 JavaThread "Unconstrained build operations Thread 72" [_thread_blocked, id=9832, stack(0x0000006284200000,0x0000006284300000)]
  0x000001ba7f502000 JavaThread "Unconstrained build operations Thread 73" [_thread_blocked, id=24196, stack(0x0000006284300000,0x0000006284400000)]
  0x000001ba7f503000 JavaThread "Unconstrained build operations Thread 74" [_thread_blocked, id=18376, stack(0x0000006284400000,0x0000006284500000)]
  0x000001ba7f4fe000 JavaThread "Unconstrained build operations Thread 75" [_thread_blocked, id=5676, stack(0x0000006284500000,0x0000006284600000)]
  0x000001ba7f4ff000 JavaThread "Unconstrained build operations Thread 76" [_thread_blocked, id=25580, stack(0x0000006284600000,0x0000006284700000)]
  0x000001ba7f4fd000 JavaThread "Unconstrained build operations Thread 77" [_thread_blocked, id=16372, stack(0x0000006284700000,0x0000006284800000)]
  0x000001ba7f504800 JavaThread "Unconstrained build operations Thread 78" [_thread_blocked, id=18684, stack(0x0000006284800000,0x0000006284900000)]
  0x000001ba7f501000 JavaThread "Unconstrained build operations Thread 79" [_thread_blocked, id=4336, stack(0x0000006284900000,0x0000006284a00000)]
  0x000001ba7f503800 JavaThread "Unconstrained build operations Thread 80" [_thread_blocked, id=18364, stack(0x0000006284a00000,0x0000006284b00000)]
  0x000001ba7f4ff800 JavaThread "jar transforms Thread 6" [_thread_blocked, id=12876, stack(0x0000006284b00000,0x0000006284c00000)]
  0x000001ba7f505800 JavaThread "jar transforms Thread 7" [_thread_blocked, id=22552, stack(0x0000006284c00000,0x0000006284d00000)]
  0x000001ba7f506000 JavaThread "jar transforms Thread 8" [_thread_blocked, id=16728, stack(0x0000006284d00000,0x0000006284e00000)]
  0x000001ba7f50c000 JavaThread "C2 CompilerThread2" daemon [_thread_blocked, id=8780, stack(0x0000006284e00000,0x0000006284f00000)]
  0x000001ba7f507000 JavaThread "Memory manager" [_thread_blocked, id=18340, stack(0x0000006284f00000,0x0000006285000000)]

Other Threads:
  0x000001ba79626800 VMThread "VM Thread" [stack: 0x00000062fca00000,0x00000062fcb00000] [id=12604]
  0x000001ba79847000 WatcherThread [stack: 0x00000062fd400000,0x00000062fd500000] [id=22052]
  0x000001ba5fc6b000 GCTaskThread "GC Thread#0" [stack: 0x00000062fc500000,0x00000062fc600000] [id=6112]
  0x000001ba7a731000 GCTaskThread "GC Thread#1" [stack: 0x00000062fd600000,0x00000062fd700000] [id=14472]
  0x000001ba79c16800 GCTaskThread "GC Thread#2" [stack: 0x00000062fd700000,0x00000062fd800000] [id=17180]
  0x000001ba7a3d3800 GCTaskThread "GC Thread#3" [stack: 0x00000062fd800000,0x00000062fd900000] [id=16448]
  0x000001ba7a3d4800 GCTaskThread "GC Thread#4" [stack: 0x00000062fd900000,0x00000062fda00000] [id=9884]
  0x000001ba79d2d800 GCTaskThread "GC Thread#5" [stack: 0x00000062fda00000,0x00000062fdb00000] [id=25092]
  0x000001ba7b284000 GCTaskThread "GC Thread#6" [stack: 0x00000062fe800000,0x00000062fe900000] [id=16276]
  0x000001ba7cbfd000 GCTaskThread "GC Thread#7" [stack: 0x00000062fe900000,0x00000062fea00000] [id=21392]
  0x000001ba5fc94000 ConcurrentGCThread "G1 Main Marker" [stack: 0x00000062fc600000,0x00000062fc700000] [id=6468]
  0x000001ba5fc95800 ConcurrentGCThread "G1 Conc#0" [stack: 0x00000062fc700000,0x00000062fc800000] [id=19520]
  0x000001ba79f27800 ConcurrentGCThread "G1 Conc#1" [stack: 0x00000062fea00000,0x00000062feb00000] [id=15440]
  0x000001ba5fd2e800 ConcurrentGCThread "G1 Refine#0" [stack: 0x00000062fc800000,0x00000062fc900000] [id=17572]
  0x000001ba78c91000 ConcurrentGCThread "G1 Young RemSet Sampling" [stack: 0x00000062fc900000,0x00000062fca00000] [id=15172]

Threads with active compile tasks:
C2 CompilerThread1  17511 6289       4       java.net.URLClassLoader$1::run (5 bytes)

VM state:not at safepoint (normal execution)

VM Mutex/Monitor currently owned by a thread: None

Heap address: 0x00000000a0000000, size: 1536 MB, Compressed Oops mode: 32-bit
Narrow klass base: 0x0000000000000000, Narrow klass shift: 3
Compressed class space size: 1073741824 Address: 0x0000000100000000

Heap:
 garbage-first heap   total 262144K, used 71957K [0x00000000a0000000, 0x0000000100000000)
  region size 1024K, 35 young (35840K), 14 survivors (14336K)
 Metaspace       used 60785K, capacity 62281K, committed 62376K, reserved 1103872K
  class space    used 7709K, capacity 8301K, committed 8320K, reserved 1048576K
Heap Regions: E=young(eden), S=young(survivor), O=old, HS=humongous(starts), HC=humongous(continues), CS=collection set, F=free, A=archive, TAMS=top-at-mark-start (previous, next)
|   0|0x00000000a0000000, 0x00000000a0100000, 0x00000000a0100000|100%| O|  |TAMS 0x00000000a0100000, 0x00000000a0000000| Untracked 
|   1|0x00000000a0100000, 0x00000000a0200000, 0x00000000a0200000|100%| O|  |TAMS 0x00000000a0200000, 0x00000000a0100000| Untracked 
|   2|0x00000000a0200000, 0x00000000a0300000, 0x00000000a0300000|100%| O|  |TAMS 0x00000000a0300000, 0x00000000a0200000| Untracked 
|   3|0x00000000a0300000, 0x00000000a0400000, 0x00000000a0400000|100%|HS|  |TAMS 0x00000000a0400000, 0x00000000a0300000| Complete 
|   4|0x00000000a0400000, 0x00000000a0500000, 0x00000000a0500000|100%|HC|  |TAMS 0x00000000a0500000, 0x00000000a0400000| Complete 
|   5|0x00000000a0500000, 0x00000000a0600000, 0x00000000a0600000|100%|HC|  |TAMS 0x00000000a0600000, 0x00000000a0500000| Complete 
|   6|0x00000000a0600000, 0x00000000a0700000, 0x00000000a0700000|100%| O|  |TAMS 0x00000000a0700000, 0x00000000a0600000| Untracked 
|   7|0x00000000a0700000, 0x00000000a0800000, 0x00000000a0800000|100%| O|  |TAMS 0x00000000a0800000, 0x00000000a0700000| Untracked 
|   8|0x00000000a0800000, 0x00000000a0900000, 0x00000000a0900000|100%| O|  |TAMS 0x00000000a0900000, 0x00000000a0800000| Untracked 
|   9|0x00000000a0900000, 0x00000000a0a00000, 0x00000000a0a00000|100%| O|  |TAMS 0x00000000a0a00000, 0x00000000a0900000| Untracked 
|  10|0x00000000a0a00000, 0x00000000a0b00000, 0x00000000a0b00000|100%| O|  |TAMS 0x00000000a0b00000, 0x00000000a0a00000| Untracked 
|  11|0x00000000a0b00000, 0x00000000a0c00000, 0x00000000a0c00000|100%| O|  |TAMS 0x00000000a0c00000, 0x00000000a0b00000| Untracked 
|  12|0x00000000a0c00000, 0x00000000a0d00000, 0x00000000a0d00000|100%| O|  |TAMS 0x00000000a0d00000, 0x00000000a0c00000| Untracked 
|  13|0x00000000a0d00000, 0x00000000a0e00000, 0x00000000a0e00000|100%| O|  |TAMS 0x00000000a0e00000, 0x00000000a0d00000| Untracked 
|  14|0x00000000a0e00000, 0x00000000a0f00000, 0x00000000a0f00000|100%| O|  |TAMS 0x00000000a0f00000, 0x00000000a0e00000| Untracked 
|  15|0x00000000a0f00000, 0x00000000a1000000, 0x00000000a1000000|100%| O|  |TAMS 0x00000000a1000000, 0x00000000a0f00000| Untracked 
|  16|0x00000000a1000000, 0x00000000a1100000, 0x00000000a1100000|100%| O|  |TAMS 0x00000000a1100000, 0x00000000a1000000| Untracked 
|  17|0x00000000a1100000, 0x00000000a1200000, 0x00000000a1200000|100%|HS|  |TAMS 0x00000000a1200000, 0x00000000a1100000| Complete 
|  18|0x00000000a1200000, 0x00000000a1300000, 0x00000000a1300000|100%|HS|  |TAMS 0x00000000a1300000, 0x00000000a1200000| Complete 
|  19|0x00000000a1300000, 0x00000000a1400000, 0x00000000a1400000|100%|HS|  |TAMS 0x00000000a1400000, 0x00000000a1300000| Complete 
|  20|0x00000000a1400000, 0x00000000a1500000, 0x00000000a1500000|100%|HS|  |TAMS 0x00000000a1500000, 0x00000000a1400000| Complete 
|  21|0x00000000a1500000, 0x00000000a1600000, 0x00000000a1600000|100%|HS|  |TAMS 0x00000000a1600000, 0x00000000a1500000| Complete 
|  22|0x00000000a1600000, 0x00000000a1700000, 0x00000000a1700000|100%|HC|  |TAMS 0x00000000a1700000, 0x00000000a1600000| Complete 
|  23|0x00000000a1700000, 0x00000000a1800000, 0x00000000a1800000|100%|HC|  |TAMS 0x00000000a1800000, 0x00000000a1700000| Complete 
|  24|0x00000000a1800000, 0x00000000a1900000, 0x00000000a1900000|100%|HS|  |TAMS 0x00000000a1900000, 0x00000000a1800000| Complete 
|  25|0x00000000a1900000, 0x00000000a1a00000, 0x00000000a1a00000|100%|HC|  |TAMS 0x00000000a1a00000, 0x00000000a1900000| Complete 
|  26|0x00000000a1a00000, 0x00000000a1b00000, 0x00000000a1b00000|100%| O|  |TAMS 0x00000000a1b00000, 0x00000000a1a00000| Untracked 
|  27|0x00000000a1b00000, 0x00000000a1c00000, 0x00000000a1c00000|100%| O|  |TAMS 0x00000000a1c00000, 0x00000000a1b00000| Untracked 
|  28|0x00000000a1c00000, 0x00000000a1d00000, 0x00000000a1d00000|100%| O|  |TAMS 0x00000000a1d00000, 0x00000000a1c00000| Untracked 
|  29|0x00000000a1d00000, 0x00000000a1e00000, 0x00000000a1e00000|100%| O|  |TAMS 0x00000000a1e00000, 0x00000000a1d00000| Untracked 
|  30|0x00000000a1e00000, 0x00000000a1f00000, 0x00000000a1f00000|100%| O|  |TAMS 0x00000000a1f00000, 0x00000000a1e00000| Untracked 
|  31|0x00000000a1f00000, 0x00000000a2000000, 0x00000000a2000000|100%| O|  |TAMS 0x00000000a2000000, 0x00000000a1f00000| Untracked 
|  32|0x00000000a2000000, 0x00000000a2100000, 0x00000000a2100000|100%| O|  |TAMS 0x00000000a2100000, 0x00000000a2000000| Untracked 
|  33|0x00000000a2100000, 0x00000000a2200000, 0x00000000a2200000|100%| O|  |TAMS 0x00000000a2200000, 0x00000000a2100000| Untracked 
|  34|0x00000000a2200000, 0x00000000a2300000, 0x00000000a2300000|100%| O|  |TAMS 0x00000000a2300000, 0x00000000a2200000| Untracked 
|  35|0x00000000a2300000, 0x00000000a2400000, 0x00000000a2400000|100%| O|  |TAMS 0x00000000a2400000, 0x00000000a2300000| Untracked 
|  36|0x00000000a2400000, 0x00000000a2500000, 0x00000000a2500000|100%| O|  |TAMS 0x00000000a2500000, 0x00000000a2400000| Untracked 
|  37|0x00000000a2500000, 0x00000000a2591600, 0x00000000a2600000| 56%| O|  |TAMS 0x00000000a2591600, 0x00000000a2500000| Untracked 
|  38|0x00000000a2600000, 0x00000000a2600000, 0x00000000a2700000|  0%| F|  |TAMS 0x00000000a2600000, 0x00000000a2600000| Untracked 
|  39|0x00000000a2700000, 0x00000000a2700000, 0x00000000a2800000|  0%| F|  |TAMS 0x00000000a2700000, 0x00000000a2700000| Untracked 
|  40|0x00000000a2800000, 0x00000000a2800000, 0x00000000a2900000|  0%| F|  |TAMS 0x00000000a2800000, 0x00000000a2800000| Untracked 
|  41|0x00000000a2900000, 0x00000000a2900000, 0x00000000a2a00000|  0%| F|  |TAMS 0x00000000a2900000, 0x00000000a2900000| Untracked 
|  42|0x00000000a2a00000, 0x00000000a2a00000, 0x00000000a2b00000|  0%| F|  |TAMS 0x00000000a2a00000, 0x00000000a2a00000| Untracked 
|  43|0x00000000a2b00000, 0x00000000a2b00000, 0x00000000a2c00000|  0%| F|  |TAMS 0x00000000a2b00000, 0x00000000a2b00000| Untracked 
|  44|0x00000000a2c00000, 0x00000000a2c00000, 0x00000000a2d00000|  0%| F|  |TAMS 0x00000000a2c00000, 0x00000000a2c00000| Untracked 
|  45|0x00000000a2d00000, 0x00000000a2d00000, 0x00000000a2e00000|  0%| F|  |TAMS 0x00000000a2d00000, 0x00000000a2d00000| Untracked 
|  46|0x00000000a2e00000, 0x00000000a2e00000, 0x00000000a2f00000|  0%| F|  |TAMS 0x00000000a2e00000, 0x00000000a2e00000| Untracked 
|  47|0x00000000a2f00000, 0x00000000a2f00000, 0x00000000a3000000|  0%| F|  |TAMS 0x00000000a2f00000, 0x00000000a2f00000| Untracked 
|  48|0x00000000a3000000, 0x00000000a3000000, 0x00000000a3100000|  0%| F|  |TAMS 0x00000000a3000000, 0x00000000a3000000| Untracked 
|  49|0x00000000a3100000, 0x00000000a3100000, 0x00000000a3200000|  0%| F|  |TAMS 0x00000000a3100000, 0x00000000a3100000| Untracked 
|  50|0x00000000a3200000, 0x00000000a3200000, 0x00000000a3300000|  0%| F|  |TAMS 0x00000000a3200000, 0x00000000a3200000| Untracked 
|  51|0x00000000a3300000, 0x00000000a3300000, 0x00000000a3400000|  0%| F|  |TAMS 0x00000000a3300000, 0x00000000a3300000| Untracked 
|  52|0x00000000a3400000, 0x00000000a3400000, 0x00000000a3500000|  0%| F|  |TAMS 0x00000000a3400000, 0x00000000a3400000| Untracked 
|  53|0x00000000a3500000, 0x00000000a3500000, 0x00000000a3600000|  0%| F|  |TAMS 0x00000000a3500000, 0x00000000a3500000| Untracked 
|  54|0x00000000a3600000, 0x00000000a3600000, 0x00000000a3700000|  0%| F|  |TAMS 0x00000000a3600000, 0x00000000a3600000| Untracked 
|  55|0x00000000a3700000, 0x00000000a3700000, 0x00000000a3800000|  0%| F|  |TAMS 0x00000000a3700000, 0x00000000a3700000| Untracked 
|  56|0x00000000a3800000, 0x00000000a3800000, 0x00000000a3900000|  0%| F|  |TAMS 0x00000000a3800000, 0x00000000a3800000| Untracked 
|  57|0x00000000a3900000, 0x00000000a3900000, 0x00000000a3a00000|  0%| F|  |TAMS 0x00000000a3900000, 0x00000000a3900000| Untracked 
|  58|0x00000000a3a00000, 0x00000000a3a00000, 0x00000000a3b00000|  0%| F|  |TAMS 0x00000000a3a00000, 0x00000000a3a00000| Untracked 
|  59|0x00000000a3b00000, 0x00000000a3b00000, 0x00000000a3c00000|  0%| F|  |TAMS 0x00000000a3b00000, 0x00000000a3b00000| Untracked 
|  60|0x00000000a3c00000, 0x00000000a3c00000, 0x00000000a3d00000|  0%| F|  |TAMS 0x00000000a3c00000, 0x00000000a3c00000| Untracked 
|  61|0x00000000a3d00000, 0x00000000a3d00000, 0x00000000a3e00000|  0%| F|  |TAMS 0x00000000a3d00000, 0x00000000a3d00000| Untracked 
|  62|0x00000000a3e00000, 0x00000000a3e00000, 0x00000000a3f00000|  0%| F|  |TAMS 0x00000000a3e00000, 0x00000000a3e00000| Untracked 
|  63|0x00000000a3f00000, 0x00000000a3f00000, 0x00000000a4000000|  0%| F|  |TAMS 0x00000000a3f00000, 0x00000000a3f00000| Untracked 
|  64|0x00000000a4000000, 0x00000000a4000000, 0x00000000a4100000|  0%| F|  |TAMS 0x00000000a4000000, 0x00000000a4000000| Untracked 
|  65|0x00000000a4100000, 0x00000000a4100000, 0x00000000a4200000|  0%| F|  |TAMS 0x00000000a4100000, 0x00000000a4100000| Untracked 
|  66|0x00000000a4200000, 0x00000000a4200000, 0x00000000a4300000|  0%| F|  |TAMS 0x00000000a4200000, 0x00000000a4200000| Untracked 
|  67|0x00000000a4300000, 0x00000000a4300000, 0x00000000a4400000|  0%| F|  |TAMS 0x00000000a4300000, 0x00000000a4300000| Untracked 
|  68|0x00000000a4400000, 0x00000000a4400000, 0x00000000a4500000|  0%| F|  |TAMS 0x00000000a4400000, 0x00000000a4400000| Untracked 
|  69|0x00000000a4500000, 0x00000000a4500000, 0x00000000a4600000|  0%| F|  |TAMS 0x00000000a4500000, 0x00000000a4500000| Untracked 
|  70|0x00000000a4600000, 0x00000000a4600000, 0x00000000a4700000|  0%| F|  |TAMS 0x00000000a4600000, 0x00000000a4600000| Untracked 
|  71|0x00000000a4700000, 0x00000000a4700000, 0x00000000a4800000|  0%| F|  |TAMS 0x00000000a4700000, 0x00000000a4700000| Untracked 
|  72|0x00000000a4800000, 0x00000000a4800000, 0x00000000a4900000|  0%| F|  |TAMS 0x00000000a4800000, 0x00000000a4800000| Untracked 
|  73|0x00000000a4900000, 0x00000000a4900000, 0x00000000a4a00000|  0%| F|  |TAMS 0x00000000a4900000, 0x00000000a4900000| Untracked 
|  74|0x00000000a4a00000, 0x00000000a4a00000, 0x00000000a4b00000|  0%| F|  |TAMS 0x00000000a4a00000, 0x00000000a4a00000| Untracked 
|  75|0x00000000a4b00000, 0x00000000a4b00000, 0x00000000a4c00000|  0%| F|  |TAMS 0x00000000a4b00000, 0x00000000a4b00000| Untracked 
|  76|0x00000000a4c00000, 0x00000000a4c00000, 0x00000000a4d00000|  0%| F|  |TAMS 0x00000000a4c00000, 0x00000000a4c00000| Untracked 
|  77|0x00000000a4d00000, 0x00000000a4d00000, 0x00000000a4e00000|  0%| F|  |TAMS 0x00000000a4d00000, 0x00000000a4d00000| Untracked 
|  78|0x00000000a4e00000, 0x00000000a4e00000, 0x00000000a4f00000|  0%| F|  |TAMS 0x00000000a4e00000, 0x00000000a4e00000| Untracked 
|  79|0x00000000a4f00000, 0x00000000a4f00000, 0x00000000a5000000|  0%| F|  |TAMS 0x00000000a4f00000, 0x00000000a4f00000| Untracked 
|  80|0x00000000a5000000, 0x00000000a5000000, 0x00000000a5100000|  0%| F|  |TAMS 0x00000000a5000000, 0x00000000a5000000| Untracked 
|  81|0x00000000a5100000, 0x00000000a5100000, 0x00000000a5200000|  0%| F|  |TAMS 0x00000000a5100000, 0x00000000a5100000| Untracked 
|  82|0x00000000a5200000, 0x00000000a5200000, 0x00000000a5300000|  0%| F|  |TAMS 0x00000000a5200000, 0x00000000a5200000| Untracked 
|  83|0x00000000a5300000, 0x00000000a5300000, 0x00000000a5400000|  0%| F|  |TAMS 0x00000000a5300000, 0x00000000a5300000| Untracked 
|  84|0x00000000a5400000, 0x00000000a5400000, 0x00000000a5500000|  0%| F|  |TAMS 0x00000000a5400000, 0x00000000a5400000| Untracked 
|  85|0x00000000a5500000, 0x00000000a5500000, 0x00000000a5600000|  0%| F|  |TAMS 0x00000000a5500000, 0x00000000a5500000| Untracked 
|  86|0x00000000a5600000, 0x00000000a5600000, 0x00000000a5700000|  0%| F|  |TAMS 0x00000000a5600000, 0x00000000a5600000| Untracked 
|  87|0x00000000a5700000, 0x00000000a5700000, 0x00000000a5800000|  0%| F|  |TAMS 0x00000000a5700000, 0x00000000a5700000| Untracked 
|  88|0x00000000a5800000, 0x00000000a5800000, 0x00000000a5900000|  0%| F|  |TAMS 0x00000000a5800000, 0x00000000a5800000| Untracked 
|  89|0x00000000a5900000, 0x00000000a5900000, 0x00000000a5a00000|  0%| F|  |TAMS 0x00000000a5900000, 0x00000000a5900000| Untracked 
|  90|0x00000000a5a00000, 0x00000000a5a00000, 0x00000000a5b00000|  0%| F|  |TAMS 0x00000000a5a00000, 0x00000000a5a00000| Untracked 
|  91|0x00000000a5b00000, 0x00000000a5b00000, 0x00000000a5c00000|  0%| F|  |TAMS 0x00000000a5b00000, 0x00000000a5b00000| Untracked 
|  92|0x00000000a5c00000, 0x00000000a5c00000, 0x00000000a5d00000|  0%| F|  |TAMS 0x00000000a5c00000, 0x00000000a5c00000| Untracked 
|  93|0x00000000a5d00000, 0x00000000a5d00000, 0x00000000a5e00000|  0%| F|  |TAMS 0x00000000a5d00000, 0x00000000a5d00000| Untracked 
|  94|0x00000000a5e00000, 0x00000000a5e00000, 0x00000000a5f00000|  0%| F|  |TAMS 0x00000000a5e00000, 0x00000000a5e00000| Untracked 
|  95|0x00000000a5f00000, 0x00000000a5f00000, 0x00000000a6000000|  0%| F|  |TAMS 0x00000000a5f00000, 0x00000000a5f00000| Untracked 
|  96|0x00000000a6000000, 0x00000000a6000000, 0x00000000a6100000|  0%| F|  |TAMS 0x00000000a6000000, 0x00000000a6000000| Untracked 
|  97|0x00000000a6100000, 0x00000000a6100000, 0x00000000a6200000|  0%| F|  |TAMS 0x00000000a6100000, 0x00000000a6100000| Untracked 
|  98|0x00000000a6200000, 0x00000000a6200000, 0x00000000a6300000|  0%| F|  |TAMS 0x00000000a6200000, 0x00000000a6200000| Untracked 
|  99|0x00000000a6300000, 0x00000000a6300000, 0x00000000a6400000|  0%| F|  |TAMS 0x00000000a6300000, 0x00000000a6300000| Untracked 
| 100|0x00000000a6400000, 0x00000000a6400000, 0x00000000a6500000|  0%| F|  |TAMS 0x00000000a6400000, 0x00000000a6400000| Untracked 
| 101|0x00000000a6500000, 0x00000000a6500000, 0x00000000a6600000|  0%| F|  |TAMS 0x00000000a6500000, 0x00000000a6500000| Untracked 
| 102|0x00000000a6600000, 0x00000000a6600000, 0x00000000a6700000|  0%| F|  |TAMS 0x00000000a6600000, 0x00000000a6600000| Untracked 
| 103|0x00000000a6700000, 0x00000000a6700000, 0x00000000a6800000|  0%| F|  |TAMS 0x00000000a6700000, 0x00000000a6700000| Untracked 
| 104|0x00000000a6800000, 0x00000000a6800000, 0x00000000a6900000|  0%| F|  |TAMS 0x00000000a6800000, 0x00000000a6800000| Untracked 
| 105|0x00000000a6900000, 0x00000000a6900000, 0x00000000a6a00000|  0%| F|  |TAMS 0x00000000a6900000, 0x00000000a6900000| Untracked 
| 106|0x00000000a6a00000, 0x00000000a6a00000, 0x00000000a6b00000|  0%| F|  |TAMS 0x00000000a6a00000, 0x00000000a6a00000| Untracked 
| 107|0x00000000a6b00000, 0x00000000a6b00000, 0x00000000a6c00000|  0%| F|  |TAMS 0x00000000a6b00000, 0x00000000a6b00000| Untracked 
| 108|0x00000000a6c00000, 0x00000000a6c00000, 0x00000000a6d00000|  0%| F|  |TAMS 0x00000000a6c00000, 0x00000000a6c00000| Untracked 
| 109|0x00000000a6d00000, 0x00000000a6d00000, 0x00000000a6e00000|  0%| F|  |TAMS 0x00000000a6d00000, 0x00000000a6d00000| Untracked 
| 110|0x00000000a6e00000, 0x00000000a6e00000, 0x00000000a6f00000|  0%| F|  |TAMS 0x00000000a6e00000, 0x00000000a6e00000| Untracked 
| 111|0x00000000a6f00000, 0x00000000a6f00000, 0x00000000a7000000|  0%| F|  |TAMS 0x00000000a6f00000, 0x00000000a6f00000| Untracked 
| 112|0x00000000a7000000, 0x00000000a7000000, 0x00000000a7100000|  0%| F|  |TAMS 0x00000000a7000000, 0x00000000a7000000| Untracked 
| 113|0x00000000a7100000, 0x00000000a7100000, 0x00000000a7200000|  0%| F|  |TAMS 0x00000000a7100000, 0x00000000a7100000| Untracked 
| 114|0x00000000a7200000, 0x00000000a7200000, 0x00000000a7300000|  0%| F|  |TAMS 0x00000000a7200000, 0x00000000a7200000| Untracked 
| 115|0x00000000a7300000, 0x00000000a7300000, 0x00000000a7400000|  0%| F|  |TAMS 0x00000000a7300000, 0x00000000a7300000| Untracked 
| 116|0x00000000a7400000, 0x00000000a7400000, 0x00000000a7500000|  0%| F|  |TAMS 0x00000000a7400000, 0x00000000a7400000| Untracked 
| 117|0x00000000a7500000, 0x00000000a7500000, 0x00000000a7600000|  0%| F|  |TAMS 0x00000000a7500000, 0x00000000a7500000| Untracked 
| 118|0x00000000a7600000, 0x00000000a7600000, 0x00000000a7700000|  0%| F|  |TAMS 0x00000000a7600000, 0x00000000a7600000| Untracked 
| 119|0x00000000a7700000, 0x00000000a7700000, 0x00000000a7800000|  0%| F|  |TAMS 0x00000000a7700000, 0x00000000a7700000| Untracked 
| 120|0x00000000a7800000, 0x00000000a7800000, 0x00000000a7900000|  0%| F|  |TAMS 0x00000000a7800000, 0x00000000a7800000| Untracked 
| 121|0x00000000a7900000, 0x00000000a7900000, 0x00000000a7a00000|  0%| F|  |TAMS 0x00000000a7900000, 0x00000000a7900000| Untracked 
| 122|0x00000000a7a00000, 0x00000000a7a00000, 0x00000000a7b00000|  0%| F|  |TAMS 0x00000000a7a00000, 0x00000000a7a00000| Untracked 
| 123|0x00000000a7b00000, 0x00000000a7b00000, 0x00000000a7c00000|  0%| F|  |TAMS 0x00000000a7b00000, 0x00000000a7b00000| Untracked 
| 124|0x00000000a7c00000, 0x00000000a7c00000, 0x00000000a7d00000|  0%| F|  |TAMS 0x00000000a7c00000, 0x00000000a7c00000| Untracked 
| 125|0x00000000a7d00000, 0x00000000a7d00000, 0x00000000a7e00000|  0%| F|  |TAMS 0x00000000a7d00000, 0x00000000a7d00000| Untracked 
| 126|0x00000000a7e00000, 0x00000000a7e00000, 0x00000000a7f00000|  0%| F|  |TAMS 0x00000000a7e00000, 0x00000000a7e00000| Untracked 
| 127|0x00000000a7f00000, 0x00000000a7f00000, 0x00000000a8000000|  0%| F|  |TAMS 0x00000000a7f00000, 0x00000000a7f00000| Untracked 
| 128|0x00000000a8000000, 0x00000000a8000000, 0x00000000a8100000|  0%| F|  |TAMS 0x00000000a8000000, 0x00000000a8000000| Untracked 
| 129|0x00000000a8100000, 0x00000000a8100000, 0x00000000a8200000|  0%| F|  |TAMS 0x00000000a8100000, 0x00000000a8100000| Untracked 
| 130|0x00000000a8200000, 0x00000000a8200000, 0x00000000a8300000|  0%| F|  |TAMS 0x00000000a8200000, 0x00000000a8200000| Untracked 
| 131|0x00000000a8300000, 0x00000000a8300000, 0x00000000a8400000|  0%| F|  |TAMS 0x00000000a8300000, 0x00000000a8300000| Untracked 
| 132|0x00000000a8400000, 0x00000000a8400000, 0x00000000a8500000|  0%| F|  |TAMS 0x00000000a8400000, 0x00000000a8400000| Untracked 
| 133|0x00000000a8500000, 0x00000000a8500000, 0x00000000a8600000|  0%| F|  |TAMS 0x00000000a8500000, 0x00000000a8500000| Untracked 
| 134|0x00000000a8600000, 0x00000000a8600000, 0x00000000a8700000|  0%| F|  |TAMS 0x00000000a8600000, 0x00000000a8600000| Untracked 
| 135|0x00000000a8700000, 0x00000000a8700000, 0x00000000a8800000|  0%| F|  |TAMS 0x00000000a8700000, 0x00000000a8700000| Untracked 
| 136|0x00000000a8800000, 0x00000000a8800000, 0x00000000a8900000|  0%| F|  |TAMS 0x00000000a8800000, 0x00000000a8800000| Untracked 
| 137|0x00000000a8900000, 0x00000000a8900000, 0x00000000a8a00000|  0%| F|  |TAMS 0x00000000a8900000, 0x00000000a8900000| Untracked 
| 138|0x00000000a8a00000, 0x00000000a8a00000, 0x00000000a8b00000|  0%| F|  |TAMS 0x00000000a8a00000, 0x00000000a8a00000| Untracked 
| 139|0x00000000a8b00000, 0x00000000a8b00000, 0x00000000a8c00000|  0%| F|  |TAMS 0x00000000a8b00000, 0x00000000a8b00000| Untracked 
| 140|0x00000000a8c00000, 0x00000000a8c00000, 0x00000000a8d00000|  0%| F|  |TAMS 0x00000000a8c00000, 0x00000000a8c00000| Untracked 
| 141|0x00000000a8d00000, 0x00000000a8d00000, 0x00000000a8e00000|  0%| F|  |TAMS 0x00000000a8d00000, 0x00000000a8d00000| Untracked 
| 142|0x00000000a8e00000, 0x00000000a8e00000, 0x00000000a8f00000|  0%| F|  |TAMS 0x00000000a8e00000, 0x00000000a8e00000| Untracked 
| 143|0x00000000a8f00000, 0x00000000a8f00000, 0x00000000a9000000|  0%| F|  |TAMS 0x00000000a8f00000, 0x00000000a8f00000| Untracked 
| 144|0x00000000a9000000, 0x00000000a9000000, 0x00000000a9100000|  0%| F|  |TAMS 0x00000000a9000000, 0x00000000a9000000| Untracked 
| 145|0x00000000a9100000, 0x00000000a9100000, 0x00000000a9200000|  0%| F|  |TAMS 0x00000000a9100000, 0x00000000a9100000| Untracked 
| 146|0x00000000a9200000, 0x00000000a9200000, 0x00000000a9300000|  0%| F|  |TAMS 0x00000000a9200000, 0x00000000a9200000| Untracked 
| 147|0x00000000a9300000, 0x00000000a9300000, 0x00000000a9400000|  0%| F|  |TAMS 0x00000000a9300000, 0x00000000a9300000| Untracked 
| 148|0x00000000a9400000, 0x00000000a9400000, 0x00000000a9500000|  0%| F|  |TAMS 0x00000000a9400000, 0x00000000a9400000| Untracked 
| 149|0x00000000a9500000, 0x00000000a9500000, 0x00000000a9600000|  0%| F|  |TAMS 0x00000000a9500000, 0x00000000a9500000| Untracked 
| 150|0x00000000a9600000, 0x00000000a9600000, 0x00000000a9700000|  0%| F|  |TAMS 0x00000000a9600000, 0x00000000a9600000| Untracked 
| 151|0x00000000a9700000, 0x00000000a9700000, 0x00000000a9800000|  0%| F|  |TAMS 0x00000000a9700000, 0x00000000a9700000| Untracked 
| 152|0x00000000a9800000, 0x00000000a9800000, 0x00000000a9900000|  0%| F|  |TAMS 0x00000000a9800000, 0x00000000a9800000| Untracked 
| 153|0x00000000a9900000, 0x00000000a9900000, 0x00000000a9a00000|  0%| F|  |TAMS 0x00000000a9900000, 0x00000000a9900000| Untracked 
| 154|0x00000000a9a00000, 0x00000000a9a00000, 0x00000000a9b00000|  0%| F|  |TAMS 0x00000000a9a00000, 0x00000000a9a00000| Untracked 
| 155|0x00000000a9b00000, 0x00000000a9b00000, 0x00000000a9c00000|  0%| F|  |TAMS 0x00000000a9b00000, 0x00000000a9b00000| Untracked 
| 156|0x00000000a9c00000, 0x00000000a9c00000, 0x00000000a9d00000|  0%| F|  |TAMS 0x00000000a9c00000, 0x00000000a9c00000| Untracked 
| 157|0x00000000a9d00000, 0x00000000a9d00000, 0x00000000a9e00000|  0%| F|  |TAMS 0x00000000a9d00000, 0x00000000a9d00000| Untracked 
| 158|0x00000000a9e00000, 0x00000000a9e00000, 0x00000000a9f00000|  0%| F|  |TAMS 0x00000000a9e00000, 0x00000000a9e00000| Untracked 
| 159|0x00000000a9f00000, 0x00000000a9f00000, 0x00000000aa000000|  0%| F|  |TAMS 0x00000000a9f00000, 0x00000000a9f00000| Untracked 
| 160|0x00000000aa000000, 0x00000000aa000000, 0x00000000aa100000|  0%| F|  |TAMS 0x00000000aa000000, 0x00000000aa000000| Untracked 
| 161|0x00000000aa100000, 0x00000000aa100000, 0x00000000aa200000|  0%| F|  |TAMS 0x00000000aa100000, 0x00000000aa100000| Untracked 
| 162|0x00000000aa200000, 0x00000000aa200000, 0x00000000aa300000|  0%| F|  |TAMS 0x00000000aa200000, 0x00000000aa200000| Untracked 
| 163|0x00000000aa300000, 0x00000000aa300000, 0x00000000aa400000|  0%| F|  |TAMS 0x00000000aa300000, 0x00000000aa300000| Untracked 
| 164|0x00000000aa400000, 0x00000000aa400000, 0x00000000aa500000|  0%| F|  |TAMS 0x00000000aa400000, 0x00000000aa400000| Untracked 
| 165|0x00000000aa500000, 0x00000000aa500000, 0x00000000aa600000|  0%| F|  |TAMS 0x00000000aa500000, 0x00000000aa500000| Untracked 
| 166|0x00000000aa600000, 0x00000000aa600000, 0x00000000aa700000|  0%| F|  |TAMS 0x00000000aa600000, 0x00000000aa600000| Untracked 
| 167|0x00000000aa700000, 0x00000000aa700000, 0x00000000aa800000|  0%| F|  |TAMS 0x00000000aa700000, 0x00000000aa700000| Untracked 
| 168|0x00000000aa800000, 0x00000000aa800000, 0x00000000aa900000|  0%| F|  |TAMS 0x00000000aa800000, 0x00000000aa800000| Untracked 
| 169|0x00000000aa900000, 0x00000000aa900000, 0x00000000aaa00000|  0%| F|  |TAMS 0x00000000aa900000, 0x00000000aa900000| Untracked 
| 170|0x00000000aaa00000, 0x00000000aaa00000, 0x00000000aab00000|  0%| F|  |TAMS 0x00000000aaa00000, 0x00000000aaa00000| Untracked 
| 171|0x00000000aab00000, 0x00000000aab00000, 0x00000000aac00000|  0%| F|  |TAMS 0x00000000aab00000, 0x00000000aab00000| Untracked 
| 172|0x00000000aac00000, 0x00000000aac00000, 0x00000000aad00000|  0%| F|  |TAMS 0x00000000aac00000, 0x00000000aac00000| Untracked 
| 173|0x00000000aad00000, 0x00000000aad00000, 0x00000000aae00000|  0%| F|  |TAMS 0x00000000aad00000, 0x00000000aad00000| Untracked 
| 174|0x00000000aae00000, 0x00000000aae00000, 0x00000000aaf00000|  0%| F|  |TAMS 0x00000000aae00000, 0x00000000aae00000| Untracked 
| 175|0x00000000aaf00000, 0x00000000aaf00000, 0x00000000ab000000|  0%| F|  |TAMS 0x00000000aaf00000, 0x00000000aaf00000| Untracked 
| 176|0x00000000ab000000, 0x00000000ab000000, 0x00000000ab100000|  0%| F|  |TAMS 0x00000000ab000000, 0x00000000ab000000| Untracked 
| 177|0x00000000ab100000, 0x00000000ab100000, 0x00000000ab200000|  0%| F|  |TAMS 0x00000000ab100000, 0x00000000ab100000| Untracked 
| 178|0x00000000ab200000, 0x00000000ab200000, 0x00000000ab300000|  0%| F|  |TAMS 0x00000000ab200000, 0x00000000ab200000| Untracked 
| 179|0x00000000ab300000, 0x00000000ab300000, 0x00000000ab400000|  0%| F|  |TAMS 0x00000000ab300000, 0x00000000ab300000| Untracked 
| 180|0x00000000ab400000, 0x00000000ab400000, 0x00000000ab500000|  0%| F|  |TAMS 0x00000000ab400000, 0x00000000ab400000| Untracked 
| 181|0x00000000ab500000, 0x00000000ab500000, 0x00000000ab600000|  0%| F|  |TAMS 0x00000000ab500000, 0x00000000ab500000| Untracked 
| 182|0x00000000ab600000, 0x00000000ab600000, 0x00000000ab700000|  0%| F|  |TAMS 0x00000000ab600000, 0x00000000ab600000| Untracked 
| 183|0x00000000ab700000, 0x00000000ab700000, 0x00000000ab800000|  0%| F|  |TAMS 0x00000000ab700000, 0x00000000ab700000| Untracked 
| 184|0x00000000ab800000, 0x00000000ab800000, 0x00000000ab900000|  0%| F|  |TAMS 0x00000000ab800000, 0x00000000ab800000| Untracked 
| 185|0x00000000ab900000, 0x00000000ab900000, 0x00000000aba00000|  0%| F|  |TAMS 0x00000000ab900000, 0x00000000ab900000| Untracked 
| 186|0x00000000aba00000, 0x00000000aba00000, 0x00000000abb00000|  0%| F|  |TAMS 0x00000000aba00000, 0x00000000aba00000| Untracked 
| 187|0x00000000abb00000, 0x00000000abb00000, 0x00000000abc00000|  0%| F|  |TAMS 0x00000000abb00000, 0x00000000abb00000| Untracked 
| 188|0x00000000abc00000, 0x00000000abcb3f00, 0x00000000abd00000| 70%| S|CS|TAMS 0x00000000abc00000, 0x00000000abc00000| Complete 
| 189|0x00000000abd00000, 0x00000000abe00000, 0x00000000abe00000|100%| S|CS|TAMS 0x00000000abd00000, 0x00000000abd00000| Complete 
| 190|0x00000000abe00000, 0x00000000abf00000, 0x00000000abf00000|100%| S|CS|TAMS 0x00000000abe00000, 0x00000000abe00000| Complete 
| 191|0x00000000abf00000, 0x00000000ac000000, 0x00000000ac000000|100%| S|CS|TAMS 0x00000000abf00000, 0x00000000abf00000| Complete 
| 192|0x00000000ac000000, 0x00000000ac100000, 0x00000000ac100000|100%| S|CS|TAMS 0x00000000ac000000, 0x00000000ac000000| Complete 
| 193|0x00000000ac100000, 0x00000000ac200000, 0x00000000ac200000|100%| S|CS|TAMS 0x00000000ac100000, 0x00000000ac100000| Complete 
| 194|0x00000000ac200000, 0x00000000ac300000, 0x00000000ac300000|100%| S|CS|TAMS 0x00000000ac200000, 0x00000000ac200000| Complete 
| 195|0x00000000ac300000, 0x00000000ac400000, 0x00000000ac400000|100%| S|CS|TAMS 0x00000000ac300000, 0x00000000ac300000| Complete 
| 196|0x00000000ac400000, 0x00000000ac500000, 0x00000000ac500000|100%| S|CS|TAMS 0x00000000ac400000, 0x00000000ac400000| Complete 
| 197|0x00000000ac500000, 0x00000000ac600000, 0x00000000ac600000|100%| S|CS|TAMS 0x00000000ac500000, 0x00000000ac500000| Complete 
| 198|0x00000000ac600000, 0x00000000ac700000, 0x00000000ac700000|100%| S|CS|TAMS 0x00000000ac600000, 0x00000000ac600000| Complete 
| 199|0x00000000ac700000, 0x00000000ac800000, 0x00000000ac800000|100%| S|CS|TAMS 0x00000000ac700000, 0x00000000ac700000| Complete 
| 200|0x00000000ac800000, 0x00000000ac900000, 0x00000000ac900000|100%| S|CS|TAMS 0x00000000ac800000, 0x00000000ac800000| Complete 
| 201|0x00000000ac900000, 0x00000000aca00000, 0x00000000aca00000|100%| S|CS|TAMS 0x00000000ac900000, 0x00000000ac900000| Complete 
| 202|0x00000000aca00000, 0x00000000aca00000, 0x00000000acb00000|  0%| F|  |TAMS 0x00000000aca00000, 0x00000000aca00000| Untracked 
| 203|0x00000000acb00000, 0x00000000acb00000, 0x00000000acc00000|  0%| F|  |TAMS 0x00000000acb00000, 0x00000000acb00000| Untracked 
| 204|0x00000000acc00000, 0x00000000acc00000, 0x00000000acd00000|  0%| F|  |TAMS 0x00000000acc00000, 0x00000000acc00000| Untracked 
| 205|0x00000000acd00000, 0x00000000acd00000, 0x00000000ace00000|  0%| F|  |TAMS 0x00000000acd00000, 0x00000000acd00000| Untracked 
| 206|0x00000000ace00000, 0x00000000ace00000, 0x00000000acf00000|  0%| F|  |TAMS 0x00000000ace00000, 0x00000000ace00000| Untracked 
| 207|0x00000000acf00000, 0x00000000acf00000, 0x00000000ad000000|  0%| F|  |TAMS 0x00000000acf00000, 0x00000000acf00000| Untracked 
| 208|0x00000000ad000000, 0x00000000ad000000, 0x00000000ad100000|  0%| F|  |TAMS 0x00000000ad000000, 0x00000000ad000000| Untracked 
| 209|0x00000000ad100000, 0x00000000ad100000, 0x00000000ad200000|  0%| F|  |TAMS 0x00000000ad100000, 0x00000000ad100000| Untracked 
| 210|0x00000000ad200000, 0x00000000ad200000, 0x00000000ad300000|  0%| F|  |TAMS 0x00000000ad200000, 0x00000000ad200000| Untracked 
| 211|0x00000000ad300000, 0x00000000ad300000, 0x00000000ad400000|  0%| F|  |TAMS 0x00000000ad300000, 0x00000000ad300000| Untracked 
| 212|0x00000000ad400000, 0x00000000ad400000, 0x00000000ad500000|  0%| F|  |TAMS 0x00000000ad400000, 0x00000000ad400000| Untracked 
| 213|0x00000000ad500000, 0x00000000ad500000, 0x00000000ad600000|  0%| F|  |TAMS 0x00000000ad500000, 0x00000000ad500000| Untracked 
| 214|0x00000000ad600000, 0x00000000ad600000, 0x00000000ad700000|  0%| F|  |TAMS 0x00000000ad600000, 0x00000000ad600000| Untracked 
| 215|0x00000000ad700000, 0x00000000ad700000, 0x00000000ad800000|  0%| F|  |TAMS 0x00000000ad700000, 0x00000000ad700000| Untracked 
| 216|0x00000000ad800000, 0x00000000ad800000, 0x00000000ad900000|  0%| F|  |TAMS 0x00000000ad800000, 0x00000000ad800000| Untracked 
| 217|0x00000000ad900000, 0x00000000ad900000, 0x00000000ada00000|  0%| F|  |TAMS 0x00000000ad900000, 0x00000000ad900000| Untracked 
| 218|0x00000000ada00000, 0x00000000ada00000, 0x00000000adb00000|  0%| F|  |TAMS 0x00000000ada00000, 0x00000000ada00000| Untracked 
| 219|0x00000000adb00000, 0x00000000adb00000, 0x00000000adc00000|  0%| F|  |TAMS 0x00000000adb00000, 0x00000000adb00000| Untracked 
| 220|0x00000000adc00000, 0x00000000adc00000, 0x00000000add00000|  0%| F|  |TAMS 0x00000000adc00000, 0x00000000adc00000| Untracked 
| 221|0x00000000add00000, 0x00000000add00000, 0x00000000ade00000|  0%| F|  |TAMS 0x00000000add00000, 0x00000000add00000| Untracked 
| 222|0x00000000ade00000, 0x00000000ade00000, 0x00000000adf00000|  0%| F|  |TAMS 0x00000000ade00000, 0x00000000ade00000| Untracked 
| 223|0x00000000adf00000, 0x00000000adf00000, 0x00000000ae000000|  0%| F|  |TAMS 0x00000000adf00000, 0x00000000adf00000| Untracked 
| 224|0x00000000ae000000, 0x00000000ae000000, 0x00000000ae100000|  0%| F|  |TAMS 0x00000000ae000000, 0x00000000ae000000| Untracked 
| 225|0x00000000ae100000, 0x00000000ae100000, 0x00000000ae200000|  0%| F|  |TAMS 0x00000000ae100000, 0x00000000ae100000| Untracked 
| 226|0x00000000ae200000, 0x00000000ae200000, 0x00000000ae300000|  0%| F|  |TAMS 0x00000000ae200000, 0x00000000ae200000| Untracked 
| 227|0x00000000ae300000, 0x00000000ae300000, 0x00000000ae400000|  0%| F|  |TAMS 0x00000000ae300000, 0x00000000ae300000| Untracked 
| 228|0x00000000ae400000, 0x00000000ae400000, 0x00000000ae500000|  0%| F|  |TAMS 0x00000000ae400000, 0x00000000ae400000| Untracked 
| 229|0x00000000ae500000, 0x00000000ae500000, 0x00000000ae600000|  0%| F|  |TAMS 0x00000000ae500000, 0x00000000ae500000| Untracked 
| 230|0x00000000ae600000, 0x00000000ae600000, 0x00000000ae700000|  0%| F|  |TAMS 0x00000000ae600000, 0x00000000ae600000| Untracked 
| 231|0x00000000ae700000, 0x00000000ae700000, 0x00000000ae800000|  0%| F|  |TAMS 0x00000000ae700000, 0x00000000ae700000| Untracked 
| 232|0x00000000ae800000, 0x00000000ae800000, 0x00000000ae900000|  0%| F|  |TAMS 0x00000000ae800000, 0x00000000ae800000| Untracked 
| 233|0x00000000ae900000, 0x00000000ae900000, 0x00000000aea00000|  0%| F|  |TAMS 0x00000000ae900000, 0x00000000ae900000| Untracked 
| 234|0x00000000aea00000, 0x00000000aea00000, 0x00000000aeb00000|  0%| F|  |TAMS 0x00000000aea00000, 0x00000000aea00000| Untracked 
| 235|0x00000000aeb00000, 0x00000000aec00000, 0x00000000aec00000|100%| E|  |TAMS 0x00000000aeb00000, 0x00000000aeb00000| Complete 
| 236|0x00000000aec00000, 0x00000000aed00000, 0x00000000aed00000|100%| E|CS|TAMS 0x00000000aec00000, 0x00000000aec00000| Complete 
| 237|0x00000000aed00000, 0x00000000aee00000, 0x00000000aee00000|100%| E|CS|TAMS 0x00000000aed00000, 0x00000000aed00000| Complete 
| 238|0x00000000aee00000, 0x00000000aef00000, 0x00000000aef00000|100%| E|CS|TAMS 0x00000000aee00000, 0x00000000aee00000| Complete 
| 239|0x00000000aef00000, 0x00000000af000000, 0x00000000af000000|100%| E|CS|TAMS 0x00000000aef00000, 0x00000000aef00000| Complete 
| 240|0x00000000af000000, 0x00000000af100000, 0x00000000af100000|100%| E|CS|TAMS 0x00000000af000000, 0x00000000af000000| Complete 
| 241|0x00000000af100000, 0x00000000af200000, 0x00000000af200000|100%| E|CS|TAMS 0x00000000af100000, 0x00000000af100000| Complete 
| 242|0x00000000af200000, 0x00000000af300000, 0x00000000af300000|100%| E|CS|TAMS 0x00000000af200000, 0x00000000af200000| Complete 
| 243|0x00000000af300000, 0x00000000af400000, 0x00000000af400000|100%| E|CS|TAMS 0x00000000af300000, 0x00000000af300000| Complete 
| 244|0x00000000af400000, 0x00000000af500000, 0x00000000af500000|100%| E|CS|TAMS 0x00000000af400000, 0x00000000af400000| Complete 
| 245|0x00000000af500000, 0x00000000af600000, 0x00000000af600000|100%| E|CS|TAMS 0x00000000af500000, 0x00000000af500000| Complete 
| 246|0x00000000af600000, 0x00000000af700000, 0x00000000af700000|100%| E|CS|TAMS 0x00000000af600000, 0x00000000af600000| Complete 
| 247|0x00000000af700000, 0x00000000af800000, 0x00000000af800000|100%| E|  |TAMS 0x00000000af700000, 0x00000000af700000| Complete 
| 248|0x00000000af800000, 0x00000000af900000, 0x00000000af900000|100%| E|CS|TAMS 0x00000000af800000, 0x00000000af800000| Complete 
| 249|0x00000000af900000, 0x00000000afa00000, 0x00000000afa00000|100%| E|CS|TAMS 0x00000000af900000, 0x00000000af900000| Complete 
| 250|0x00000000afa00000, 0x00000000afb00000, 0x00000000afb00000|100%| E|CS|TAMS 0x00000000afa00000, 0x00000000afa00000| Complete 
| 251|0x00000000afb00000, 0x00000000afc00000, 0x00000000afc00000|100%| E|CS|TAMS 0x00000000afb00000, 0x00000000afb00000| Complete 
| 252|0x00000000afc00000, 0x00000000afd00000, 0x00000000afd00000|100%| E|CS|TAMS 0x00000000afc00000, 0x00000000afc00000| Complete 
| 253|0x00000000afd00000, 0x00000000afe00000, 0x00000000afe00000|100%| E|CS|TAMS 0x00000000afd00000, 0x00000000afd00000| Complete 
| 254|0x00000000afe00000, 0x00000000aff00000, 0x00000000aff00000|100%| E|CS|TAMS 0x00000000afe00000, 0x00000000afe00000| Complete 
| 255|0x00000000aff00000, 0x00000000b0000000, 0x00000000b0000000|100%| E|CS|TAMS 0x00000000aff00000, 0x00000000aff00000| Complete 

Card table byte_map: [0x000001ba72d90000,0x000001ba73090000] _byte_map_base: 0x000001ba72890000

Marking Bits (Prev, Next): (CMBitMap*) 0x000001ba5fc8c6d0, (CMBitMap*) 0x000001ba5fc8c698
 Prev Bits: [0x000001ba74b90000, 0x000001ba76390000)
 Next Bits: [0x000001ba73390000, 0x000001ba74b90000)

Polling page: 0x000001ba5dbb0000

Metaspace:

Usage:
  Non-class:     52.71 MB capacity,    51.86 MB ( 98%) used,   721.44 KB (  1%) free+waste,   155.13 KB ( <1%) overhead. 
      Class:      8.11 MB capacity,     7.54 MB ( 93%) used,   511.68 KB (  6%) free+waste,    73.31 KB ( <1%) overhead. 
       Both:     60.82 MB capacity,    59.39 MB ( 98%) used,     1.20 MB (  2%) free+waste,   228.44 KB ( <1%) overhead. 

Virtual space:
  Non-class space:       54.00 MB reserved,      52.79 MB ( 98%) committed 
      Class space:        1.00 GB reserved,       8.13 MB ( <1%) committed 
             Both:        1.05 GB reserved,      60.91 MB (  6%) committed 

Chunk freelists:
   Non-Class:  12.00 KB
       Class:  19.00 KB
        Both:  31.00 KB

MaxMetaspaceSize: 17179869184.00 GB
CompressedClassSpaceSize: 1.00 GB
Initial GC threshold: 20.80 MB
Current GC threshold: 99.65 MB
CDS: off

CodeHeap 'non-profiled nmethods': size=120000Kb used=3970Kb max_used=3970Kb free=116029Kb
 bounds [0x000001ba6b230000, 0x000001ba6b620000, 0x000001ba72760000]
CodeHeap 'profiled nmethods': size=120000Kb used=13220Kb max_used=13220Kb free=106779Kb
 bounds [0x000001ba63d00000, 0x000001ba649f0000, 0x000001ba6b230000]
CodeHeap 'non-nmethods': size=5760Kb used=2335Kb max_used=2397Kb free=3425Kb
 bounds [0x000001ba63760000, 0x000001ba639d0000, 0x000001ba63d00000]
 total_blobs=7152 nmethods=6311 adapters=752
 compilation: enabled
              stopped_count=0, restarted_count=0
 full_count=0

Compilation events (20 events):
Event: 17.330 Thread 0x000001ba796c3000 nmethod 6306 0x000001ba649d7710 code [0x000001ba649d7980, 0x000001ba649d84c8]
Event: 17.357 Thread 0x000001ba796c3000 6309       3       jdk.internal.loader.URLClassPath$JarLoader$2::getCodeSigners (8 bytes)
Event: 17.357 Thread 0x000001ba796c3000 nmethod 6309 0x000001ba649d8810 code [0x000001ba649d89c0, 0x000001ba649d8b88]
Event: 17.358 Thread 0x000001ba7f50c000 nmethod 6292 0x000001ba6b607710 code [0x000001ba6b607980, 0x000001ba6b608d80]
Event: 17.358 Thread 0x000001ba7f50c000 6307   !   4       jdk.internal.loader.Resource::getBytes (242 bytes)
Event: 17.358 Thread 0x000001ba796c3000 6310   !   3       java.util.jar.JarFile$JarFileEntry::getCodeSigners (81 bytes)
Event: 17.359 Thread 0x000001ba796c3000 nmethod 6310 0x000001ba649d8c90 code [0x000001ba649d8ec0, 0x000001ba649d9468]
Event: 17.369 Thread 0x000001ba796c3000 6311   !   3       java.util.concurrent.ConcurrentHashMap::computeIfAbsent (576 bytes)
Event: 17.372 Thread 0x000001ba796c3000 nmethod 6311 0x000001ba649d9690 code [0x000001ba649d9b00, 0x000001ba649dc728]
Event: 17.372 Thread 0x000001ba796c3000 6312       3       jdk.internal.loader.URLClassPath$JarLoader$2::getManifest (26 bytes)
Event: 17.373 Thread 0x000001ba796c3000 nmethod 6312 0x000001ba649dd910 code [0x000001ba649ddb20, 0x000001ba649ddfc8]
Event: 17.389 Thread 0x000001ba796b8000 nmethod 6290 0x000001ba6b609910 code [0x000001ba6b609bc0, 0x000001ba6b60b700]
Event: 17.389 Thread 0x000001ba796b8000 6308       4       jdk.internal.loader.URLClassPath$JarLoader$2::getContentLength (9 bytes)
Event: 17.390 Thread 0x000001ba796b8000 nmethod 6308 0x000001ba6b60c710 code [0x000001ba6b60c8a0, 0x000001ba6b60c918]
Event: 17.423 Thread 0x000001ba796b8000 6313       4       java.util.concurrent.atomic.AtomicReferenceArray::set (13 bytes)
Event: 17.423 Thread 0x000001ba796c3000 6314       3       com.google.common.collect.MapMakerInternalMap$WeakValueReferenceImpl::copyFor (14 bytes)
Event: 17.424 Thread 0x000001ba796c3000 nmethod 6314 0x000001ba649de210 code [0x000001ba649de400, 0x000001ba649de8f8]
Event: 17.424 Thread 0x000001ba796c3000 6315       3       com.google.common.collect.MapMakerInternalMap$StrongKeyWeakValueEntry::copy (34 bytes)
Event: 17.424 Thread 0x000001ba796c3000 nmethod 6315 0x000001ba649dea90 code [0x000001ba649dec80, 0x000001ba649df1c8]
Event: 17.426 Thread 0x000001ba796b8000 nmethod 6313 0x000001ba6b60ca10 code [0x000001ba6b60cba0, 0x000001ba6b60cd58]

GC Heap History (16 events):
Event: 1.244 GC heap before
{Heap before GC invocations=0 (full 0):
 garbage-first heap   total 262144K, used 29696K [0x00000000a0000000, 0x0000000100000000)
  region size 1024K, 24 young (24576K), 0 survivors (0K)
 Metaspace       used 10185K, capacity 10435K, committed 10624K, reserved 1058816K
  class space    used 1065K, capacity 1138K, committed 1152K, reserved 1048576K
}
Event: 1.257 GC heap after
{Heap after GC invocations=1 (full 0):
 garbage-first heap   total 262144K, used 9426K [0x00000000a0000000, 0x0000000100000000)
  region size 1024K, 3 young (3072K), 3 survivors (3072K)
 Metaspace       used 10185K, capacity 10435K, committed 10624K, reserved 1058816K
  class space    used 1065K, capacity 1138K, committed 1152K, reserved 1048576K
}
Event: 5.958 GC heap before
{Heap before GC invocations=1 (full 0):
 garbage-first heap   total 262144K, used 106706K [0x00000000a0000000, 0x0000000100000000)
  region size 1024K, 99 young (101376K), 3 survivors (3072K)
 Metaspace       used 20681K, capacity 21177K, committed 21296K, reserved 1069056K
  class space    used 2518K, capacity 2662K, committed 2688K, reserved 1048576K
}
Event: 5.974 GC heap after
{Heap after GC invocations=2 (full 0):
 garbage-first heap   total 262144K, used 17269K [0x00000000a0000000, 0x0000000100000000)
  region size 1024K, 11 young (11264K), 11 survivors (11264K)
 Metaspace       used 20681K, capacity 21177K, committed 21296K, reserved 1069056K
  class space    used 2518K, capacity 2662K, committed 2688K, reserved 1048576K
}
Event: 6.450 GC heap before
{Heap before GC invocations=3 (full 0):
 garbage-first heap   total 262144K, used 38773K [0x00000000a0000000, 0x0000000100000000)
  region size 1024K, 32 young (32768K), 11 survivors (11264K)
 Metaspace       used 22535K, capacity 23088K, committed 23164K, reserved 1069056K
  class space    used 2860K, capacity 3068K, committed 3072K, reserved 1048576K
}
Event: 6.458 GC heap after
{Heap after GC invocations=4 (full 0):
 garbage-first heap   total 262144K, used 18053K [0x00000000a0000000, 0x0000000100000000)
  region size 1024K, 2 young (2048K), 2 survivors (2048K)
 Metaspace       used 22535K, capacity 23088K, committed 23164K, reserved 1069056K
  class space    used 2860K, capacity 3068K, committed 3072K, reserved 1048576K
}
Event: 9.803 GC heap before
{Heap before GC invocations=4 (full 0):
 garbage-first heap   total 262144K, used 107141K [0x00000000a0000000, 0x0000000100000000)
  region size 1024K, 89 young (91136K), 2 survivors (2048K)
 Metaspace       used 32079K, capacity 32787K, committed 33024K, reserved 1077248K
  class space    used 4260K, capacity 4519K, committed 4608K, reserved 1048576K
}
Event: 9.808 GC heap after
{Heap after GC invocations=5 (full 0):
 garbage-first heap   total 262144K, used 21524K [0x00000000a0000000, 0x0000000100000000)
  region size 1024K, 5 young (5120K), 5 survivors (5120K)
 Metaspace       used 32079K, capacity 32787K, committed 33024K, reserved 1077248K
  class space    used 4260K, capacity 4519K, committed 4608K, reserved 1048576K
}
Event: 10.070 GC heap before
{Heap before GC invocations=5 (full 0):
 garbage-first heap   total 262144K, used 27668K [0x00000000a0000000, 0x0000000100000000)
  region size 1024K, 12 young (12288K), 5 survivors (5120K)
 Metaspace       used 35143K, capacity 35903K, committed 36048K, reserved 1081344K
  class space    used 4543K, capacity 4837K, committed 4864K, reserved 1048576K
}
Event: 10.084 GC heap after
{Heap after GC invocations=6 (full 0):
 garbage-first heap   total 262144K, used 22570K [0x00000000a0000000, 0x0000000100000000)
  region size 1024K, 6 young (6144K), 6 survivors (6144K)
 Metaspace       used 35143K, capacity 35903K, committed 36048K, reserved 1081344K
  class space    used 4543K, capacity 4837K, committed 4864K, reserved 1048576K
}
Event: 12.350 GC heap before
{Heap before GC invocations=7 (full 0):
 garbage-first heap   total 262144K, used 144426K [0x00000000a0000000, 0x0000000100000000)
  region size 1024K, 122 young (124928K), 6 survivors (6144K)
 Metaspace       used 44484K, capacity 45487K, committed 45724K, reserved 1089536K
  class space    used 5679K, capacity 6038K, committed 6144K, reserved 1048576K
}
Event: 12.364 GC heap after
{Heap after GC invocations=8 (full 0):
 garbage-first heap   total 262144K, used 29789K [0x00000000a0000000, 0x0000000100000000)
  region size 1024K, 13 young (13312K), 13 survivors (13312K)
 Metaspace       used 44484K, capacity 45487K, committed 45724K, reserved 1089536K
  class space    used 5679K, capacity 6038K, committed 6144K, reserved 1048576K
}
Event: 15.394 GC heap before
{Heap before GC invocations=8 (full 0):
 garbage-first heap   total 262144K, used 165981K [0x00000000a0000000, 0x0000000100000000)
  region size 1024K, 138 young (141312K), 13 survivors (13312K)
 Metaspace       used 51728K, capacity 53049K, committed 53404K, reserved 1095680K
  class space    used 6571K, capacity 7061K, committed 7168K, reserved 1048576K
}
Event: 15.411 GC heap after
{Heap after GC invocations=9 (full 0):
 garbage-first heap   total 262144K, used 48759K [0x00000000a0000000, 0x0000000100000000)
  region size 1024K, 18 young (18432K), 18 survivors (18432K)
 Metaspace       used 51728K, capacity 53049K, committed 53404K, reserved 1095680K
  class space    used 6571K, capacity 7061K, committed 7168K, reserved 1048576K
}
Event: 16.839 GC heap before
{Heap before GC invocations=9 (full 0):
 garbage-first heap   total 262144K, used 103031K [0x00000000a0000000, 0x0000000100000000)
  region size 1024K, 72 young (73728K), 18 survivors (18432K)
 Metaspace       used 59009K, capacity 60477K, committed 60636K, reserved 1101824K
  class space    used 7499K, capacity 8043K, committed 8064K, reserved 1048576K
}
Event: 16.871 GC heap after
{Heap after GC invocations=10 (full 0):
 garbage-first heap   total 262144K, used 52501K [0x00000000a0000000, 0x0000000100000000)
  region size 1024K, 14 young (14336K), 14 survivors (14336K)
 Metaspace       used 59009K, capacity 60477K, committed 60636K, reserved 1101824K
  class space    used 7499K, capacity 8043K, committed 8064K, reserved 1048576K
}

Deoptimization events (20 events):
Event: 17.207 Thread 0x000001ba79825000 DEOPT PACKING pc=0x000001ba649b7b57 sp=0x00000062fe0ef010
Event: 17.207 Thread 0x000001ba79825000 DEOPT UNPACKING pc=0x000001ba637aa95e sp=0x00000062fe0ee468 mode 0
Event: 17.207 Thread 0x000001ba79825000 DEOPT PACKING pc=0x000001ba649b7b57 sp=0x00000062fe0ef010
Event: 17.207 Thread 0x000001ba79825000 DEOPT UNPACKING pc=0x000001ba637aa95e sp=0x00000062fe0ee468 mode 0
Event: 17.208 Thread 0x000001ba79825000 DEOPT PACKING pc=0x000001ba649b7b57 sp=0x00000062fe0ef010
Event: 17.208 Thread 0x000001ba79825000 DEOPT UNPACKING pc=0x000001ba637aa95e sp=0x00000062fe0ee468 mode 0
Event: 17.208 Thread 0x000001ba79825000 DEOPT PACKING pc=0x000001ba649b7b57 sp=0x00000062fe0ef010
Event: 17.208 Thread 0x000001ba79825000 DEOPT UNPACKING pc=0x000001ba637aa95e sp=0x00000062fe0ee468 mode 0
Event: 17.208 Thread 0x000001ba79825000 DEOPT PACKING pc=0x000001ba649b7b57 sp=0x00000062fe0ef010
Event: 17.208 Thread 0x000001ba79825000 DEOPT UNPACKING pc=0x000001ba637aa95e sp=0x00000062fe0ee468 mode 0
Event: 17.208 Thread 0x000001ba79825000 DEOPT PACKING pc=0x000001ba649b7b57 sp=0x00000062fe0ef010
Event: 17.208 Thread 0x000001ba79825000 DEOPT UNPACKING pc=0x000001ba637aa95e sp=0x00000062fe0ee468 mode 0
Event: 17.209 Thread 0x000001ba79825000 DEOPT PACKING pc=0x000001ba649b7b57 sp=0x00000062fe0ef010
Event: 17.209 Thread 0x000001ba79825000 DEOPT UNPACKING pc=0x000001ba637aa95e sp=0x00000062fe0ee468 mode 0
Event: 17.209 Thread 0x000001ba79825000 DEOPT PACKING pc=0x000001ba649b7b57 sp=0x00000062fe0ef010
Event: 17.209 Thread 0x000001ba79825000 DEOPT UNPACKING pc=0x000001ba637aa95e sp=0x00000062fe0ee468 mode 0
Event: 17.216 Thread 0x000001ba79825000 DEOPT PACKING pc=0x000001ba649b7b57 sp=0x00000062fe0ef3d0
Event: 17.216 Thread 0x000001ba79825000 DEOPT UNPACKING pc=0x000001ba637aa95e sp=0x00000062fe0ee828 mode 0
Event: 17.217 Thread 0x000001ba79825000 DEOPT PACKING pc=0x000001ba649b7b57 sp=0x00000062fe0ef3d0
Event: 17.217 Thread 0x000001ba79825000 DEOPT UNPACKING pc=0x000001ba637aa95e sp=0x00000062fe0ee828 mode 0

Classes redefined (0 events):
No events

Internal exceptions (20 events):
Event: 14.428 Thread 0x000001ba79825000 Exception <a 'java/security/PrivilegedActionException'{0x00000000aa6b4578}> (0x00000000aa6b4578) thrown at [./src/hotspot/share/prims/jvm.cpp, line 1306]
Event: 14.428 Thread 0x000001ba79825000 Exception <a 'java/security/PrivilegedActionException'{0x00000000aa6b81e8}> (0x00000000aa6b81e8) thrown at [./src/hotspot/share/prims/jvm.cpp, line 1306]
Event: 14.428 Thread 0x000001ba79825000 Exception <a 'java/security/PrivilegedActionException'{0x00000000aa6b9ca0}> (0x00000000aa6b9ca0) thrown at [./src/hotspot/share/prims/jvm.cpp, line 1306]
Event: 14.429 Thread 0x000001ba79825000 Exception <a 'java/security/PrivilegedActionException'{0x00000000aa6bd968}> (0x00000000aa6bd968) thrown at [./src/hotspot/share/prims/jvm.cpp, line 1306]
Event: 14.429 Thread 0x000001ba79825000 Exception <a 'java/security/PrivilegedActionException'{0x00000000aa6bf420}> (0x00000000aa6bf420) thrown at [./src/hotspot/share/prims/jvm.cpp, line 1306]
Event: 14.697 Thread 0x000001ba79825000 Exception <a 'java/lang/ClassNotFoundException'{0x00000000aa0c57c0}: build_ac839k2zlyou15apq1zbinnyaBeanInfo> (0x00000000aa0c57c0) thrown at [./src/hotspot/share/classfile/systemDictionary.cpp, line 231]
Event: 14.698 Thread 0x000001ba79825000 Exception <a 'java/lang/ClassNotFoundException'{0x00000000aa0d6990}: build_ac839k2zlyou15apq1zbinnyaCustomizer> (0x00000000aa0d6990) thrown at [./src/hotspot/share/classfile/systemDictionary.cpp, line 231]
Event: 15.026 Thread 0x000001ba79825000 Exception <a 'java/lang/NoSuchMethodError'{0x00000000a92a8068}: 'java.lang.Object java.lang.invoke.DirectMethodHandle$Holder.invokeStatic(java.lang.Object, java.lang.Object, java.lang.Object, java.lang.Object, int)'> (0x00000000a92a8068) thrown at [./src/hotspot/share/interpreter/linkResolver.cpp, line 773]
Event: 15.026 Thread 0x000001ba79825000 Exception <a 'java/lang/NoSuchMethodError'{0x00000000a92ad500}: 'java.lang.Object java.lang.invoke.DirectMethodHandle$Holder.invokeSpecial(java.lang.Object, java.lang.Object, java.lang.Object, java.lang.Object, java.lang.Object, int)'> (0x00000000a92ad500) thrown at [./src/hotspot/share/interpreter/linkResolver.cpp, line 773]
Event: 15.027 Thread 0x000001ba79825000 Exception <a 'java/lang/NoSuchMethodError'{0x00000000a92b25e0}: 'java.lang.Object java.lang.invoke.Invokers$Holder.linkToTargetMethod(java.lang.Object, java.lang.Object, java.lang.Object, int, java.lang.Object)'> (0x00000000a92b25e0) thrown at [./src/hotspot/share/interpreter/linkResolver.cpp, line 773]
Event: 15.439 Thread 0x000001ba79825000 Exception <a 'java/lang/NoSuchMethodError'{0x00000000affa3d50}: 'java.lang.Object java.lang.invoke.DirectMethodHandle$Holder.invokeSpecial(java.lang.Object, java.lang.Object, int, int, java.lang.Object, java.lang.Object, java.lang.Object)'> (0x00000000affa3d50) thrown at [./src/hotspot/share/interpreter/linkResolver.cpp, line 773]
Event: 15.439 Thread 0x000001ba79825000 Exception <a 'java/lang/NoSuchMethodError'{0x00000000affa8d70}: 'java.lang.Object java.lang.invoke.DelegatingMethodHandle$Holder.reinvoke_L(java.lang.Object, int, int, java.lang.Object, java.lang.Object, java.lang.Object)'> (0x00000000affa8d70) thrown at [./src/hotspot/share/interpreter/linkResolver.cpp, line 773]
Event: 15.777 Thread 0x000001ba79825000 Exception <a 'java/lang/NoSuchMethodError'{0x00000000af075608}: 'int java.lang.invoke.DirectMethodHandle$Holder.invokeInterface(java.lang.Object, java.lang.Object, java.lang.Object, java.lang.Object)'> (0x00000000af075608) thrown at [./src/hotspot/share/interpreter/linkResolver.cpp, line 773]
Event: 16.162 Thread 0x000001ba79825000 Exception <a 'java/lang/NoSuchMethodError'{0x00000000adf9a168}: 'void java.lang.invoke.DirectMethodHandle$Holder.invokeInterface(java.lang.Object, java.lang.Object, java.lang.Object, java.lang.Object)'> (0x00000000adf9a168) thrown at [./src/hotspot/share/interpreter/linkResolver.cpp, line 773]
Event: 16.435 Thread 0x000001ba79825000 Exception <a 'java/lang/IncompatibleClassChangeError'{0x00000000ad53da50}: Found class java.lang.Object, but interface was expected> (0x00000000ad53da50) thrown at [./src/hotspot/share/interpreter/linkResolver.cpp, line 839]
Event: 16.548 Thread 0x000001ba79825000 Implicit null exception at 0x000001ba6b5734f4 to 0x000001ba6b5736c0
Event: 16.548 Thread 0x000001ba79825000 Implicit null exception at 0x000001ba6b56f390 to 0x000001ba6b5714b8
Event: 16.815 Thread 0x000001ba79825000 Implicit null exception at 0x000001ba6b4a910d to 0x000001ba6b4a92fe
Event: 16.953 Thread 0x000001ba79825000 Implicit null exception at 0x000001ba6b3b082c to 0x000001ba6b3b09da
Event: 17.284 Thread 0x000001ba79825000 Exception <a 'sun/nio/fs/WindowsException'{0x00000000af2ca588}> (0x00000000af2ca588) thrown at [./src/hotspot/share/prims/jni.cpp, line 615]

Events (20 events):
Event: 17.447 loading class com/android/build/gradle/internal/dsl/ShaderOptions
Event: 17.447 loading class com/android/build/gradle/internal/dsl/ShaderOptions done
Event: 17.448 loading class com/android/build/api/dsl/Shaders
Event: 17.448 loading class com/android/build/api/dsl/Shaders done
Event: 17.449 loading class com/android/build/gradle/internal/dsl/CoreNdkOptions
Event: 17.449 loading class com/android/build/gradle/internal/dsl/CoreNdkOptions done
Event: 17.449 loading class com/android/build/gradle/internal/dsl/VectorDrawablesOptions
Event: 17.449 loading class com/android/build/gradle/internal/dsl/VectorDrawablesOptions done
Event: 17.449 loading class com/android/build/api/dsl/VectorDrawables
Event: 17.449 loading class com/android/build/api/dsl/VectorDrawables done
Event: 17.450 loading class com/android/builder/core/DefaultVectorDrawablesOptions
Event: 17.450 loading class com/android/builder/core/DefaultVectorDrawablesOptions done
Event: 17.451 loading class com/android/builder/model/VectorDrawablesOptions
Event: 17.451 loading class com/android/builder/model/VectorDrawablesOptions done
Event: 17.451 loading class com/android/builder/model/ApiVersion
Event: 17.451 loading class com/android/builder/model/ApiVersion done
Event: 17.452 loading class com/android/build/gradle/internal/dsl/NdkOptions
Event: 17.452 loading class com/android/build/gradle/internal/dsl/NdkOptions done
Event: 17.453 loading class com/android/build/api/dsl/Ndk
Event: 17.453 loading class com/android/build/api/dsl/Ndk done


Dynamic libraries:
0x00007ff754c30000 - 0x00007ff754c3a000 	C:\Program Files\Android\Android Studio\jre\bin\java.exe
0x00007ff84a870000 - 0x00007ff84aa68000 	C:\WINDOWS\SYSTEM32\ntdll.dll
0x00007ff848a80000 - 0x00007ff848b3f000 	C:\WINDOWS\System32\KERNEL32.DLL
0x00007ff848240000 - 0x00007ff848512000 	C:\WINDOWS\System32\KERNELBASE.dll
0x00007ff847fe0000 - 0x00007ff8480e0000 	C:\WINDOWS\System32\ucrtbase.dll
0x00007ff839220000 - 0x00007ff839239000 	C:\Program Files\Android\Android Studio\jre\bin\jli.dll
0x00007ff8381d0000 - 0x00007ff8381e7000 	C:\Program Files\Android\Android Studio\jre\bin\VCRUNTIME140.dll
0x00007ff848b40000 - 0x00007ff848ce1000 	C:\WINDOWS\System32\USER32.dll
0x00007ff8480e0000 - 0x00007ff848102000 	C:\WINDOWS\System32\win32u.dll
0x00007ff834e10000 - 0x00007ff8350aa000 	C:\WINDOWS\WinSxS\amd64_microsoft.windows.common-controls_6595b64144ccf1df_6.0.19041.1110_none_60b5254171f9507e\COMCTL32.dll
0x00007ff84a4c0000 - 0x00007ff84a4eb000 	C:\WINDOWS\System32\GDI32.dll
0x00007ff849e40000 - 0x00007ff849ede000 	C:\WINDOWS\System32\msvcrt.dll
0x00007ff848520000 - 0x00007ff84862f000 	C:\WINDOWS\System32\gdi32full.dll
0x00007ff848110000 - 0x00007ff8481ad000 	C:\WINDOWS\System32\msvcp_win.dll
0x00007ff8490c0000 - 0x00007ff8490f0000 	C:\WINDOWS\System32\IMM32.DLL
0x00007ff836bc0000 - 0x00007ff836c5d000 	C:\Program Files\Android\Android Studio\jre\bin\msvcp140.dll
0x00007ffffcef0000 - 0x00007ffffd9d5000 	C:\Program Files\Android\Android Studio\jre\bin\server\jvm.dll
0x00007ff8492c0000 - 0x00007ff84936e000 	C:\WINDOWS\System32\ADVAPI32.dll
0x00007ff849500000 - 0x00007ff84959c000 	C:\WINDOWS\System32\sechost.dll
0x00007ff84a6f0000 - 0x00007ff84a814000 	C:\WINDOWS\System32\RPCRT4.dll
0x00007ff84a820000 - 0x00007ff84a828000 	C:\WINDOWS\System32\PSAPI.DLL
0x00007ff834320000 - 0x00007ff834329000 	C:\WINDOWS\SYSTEM32\WSOCK32.dll
0x00007ff82b4f0000 - 0x00007ff82b517000 	C:\WINDOWS\SYSTEM32\WINMM.dll
0x00007ff8495a0000 - 0x00007ff84960b000 	C:\WINDOWS\System32\WS2_32.dll
0x00007ff840f90000 - 0x00007ff840f9a000 	C:\WINDOWS\SYSTEM32\VERSION.dll
0x00007ff8467b0000 - 0x00007ff8467c2000 	C:\WINDOWS\SYSTEM32\kernel.appcore.dll
0x00007ff836c80000 - 0x00007ff836c91000 	C:\Program Files\Android\Android Studio\jre\bin\verify.dll
0x00007ff845ce0000 - 0x00007ff845ec4000 	C:\WINDOWS\SYSTEM32\DBGHELP.DLL
0x00007ff831ca0000 - 0x00007ff831cd5000 	C:\WINDOWS\SYSTEM32\dbgcore.DLL
0x00007ff8481b0000 - 0x00007ff848232000 	C:\WINDOWS\System32\bcryptPrimitives.dll
0x00007ff835570000 - 0x00007ff835599000 	C:\Program Files\Android\Android Studio\jre\bin\java.dll
0x00007ff836c70000 - 0x00007ff836c7b000 	C:\Program Files\Android\Android Studio\jre\bin\jimage.dll
0x00007ff835d20000 - 0x00007ff835d38000 	C:\Program Files\Android\Android Studio\jre\bin\zip.dll
0x00007ff849610000 - 0x00007ff849d55000 	C:\WINDOWS\System32\SHELL32.dll
0x00007ff846010000 - 0x00007ff8467a2000 	C:\WINDOWS\SYSTEM32\windows.storage.dll
0x00007ff848d50000 - 0x00007ff8490a5000 	C:\WINDOWS\System32\combase.dll
0x00007ff8479d0000 - 0x00007ff847a00000 	C:\WINDOWS\SYSTEM32\Wldp.dll
0x00007ff849450000 - 0x00007ff8494fd000 	C:\WINDOWS\System32\SHCORE.dll
0x00007ff849de0000 - 0x00007ff849e35000 	C:\WINDOWS\System32\shlwapi.dll
0x00007ff847eb0000 - 0x00007ff847ecf000 	C:\WINDOWS\SYSTEM32\profapi.dll
0x00007ff835c00000 - 0x00007ff835c1a000 	C:\Program Files\Android\Android Studio\jre\bin\net.dll
0x00007ff83f110000 - 0x00007ff83f21a000 	C:\WINDOWS\SYSTEM32\WINHTTP.dll
0x00007ff847730000 - 0x00007ff84779a000 	C:\WINDOWS\system32\mswsock.dll
0x00007ff8231a0000 - 0x00007ff8231b4000 	C:\Program Files\Android\Android Studio\jre\bin\nio.dll
0x00007ff838080000 - 0x00007ff8380a7000 	C:\Users\ASUS\.gradle\native\e1d6ef7f7dcc3fd88c89a11ec53ec762bb8ba0a96d01ffa2cd45eb1d1d8dd5c5\windows-amd64\native-platform.dll
0x00007ff812d70000 - 0x00007ff812eb4000 	C:\Users\ASUS\.gradle\native\0d407fdbe67a94daf76414ababcb853783967236a71b16ec16e742cd7a986fd3\windows-amd64\native-platform-file-events.dll
0x00007ff836c60000 - 0x00007ff836c6a000 	C:\Program Files\Android\Android Studio\jre\bin\management.dll
0x00007ff8310d0000 - 0x00007ff8310dd000 	C:\Program Files\Android\Android Studio\jre\bin\management_ext.dll
0x00007ff847930000 - 0x00007ff847948000 	C:\WINDOWS\SYSTEM32\CRYPTSP.dll
0x00007ff846fe0000 - 0x00007ff847014000 	C:\WINDOWS\system32\rsaenh.dll
0x00007ff848890000 - 0x00007ff8488b7000 	C:\WINDOWS\System32\bcrypt.dll
0x00007ff847e70000 - 0x00007ff847e9e000 	C:\WINDOWS\SYSTEM32\USERENV.dll
0x00007ff847920000 - 0x00007ff84792c000 	C:\WINDOWS\SYSTEM32\CRYPTBASE.dll
0x00007ff8473d0000 - 0x00007ff84740b000 	C:\WINDOWS\SYSTEM32\IPHLPAPI.DLL
0x00007ff8488c0000 - 0x00007ff8488c8000 	C:\WINDOWS\System32\NSI.dll
0x00007ff840610000 - 0x00007ff840627000 	C:\WINDOWS\SYSTEM32\dhcpcsvc6.DLL
0x00007ff842070000 - 0x00007ff84208d000 	C:\WINDOWS\SYSTEM32\dhcpcsvc.DLL
0x00007ff847420000 - 0x00007ff8474eb000 	C:\WINDOWS\SYSTEM32\DNSAPI.dll

dbghelp: loaded successfully - version: 4.0.5 - missing functions: none
symbol engine: initialized successfully - sym options: 0x614 - pdb path: .;C:\Program Files\Android\Android Studio\jre\bin;C:\WINDOWS\SYSTEM32;C:\WINDOWS\WinSxS\amd64_microsoft.windows.common-controls_6595b64144ccf1df_6.0.19041.1110_none_60b5254171f9507e;C:\Program Files\Android\Android Studio\jre\bin\server;C:\Users\ASUS\.gradle\native\e1d6ef7f7dcc3fd88c89a11ec53ec762bb8ba0a96d01ffa2cd45eb1d1d8dd5c5\windows-amd64;C:\Users\ASUS\.gradle\native\0d407fdbe67a94daf76414ababcb853783967236a71b16ec16e742cd7a986fd3\windows-amd64

VM Arguments:
jvm_args: --add-opens=java.base/java.util=ALL-UNNAMED --add-opens=java.base/java.lang=ALL-UNNAMED --add-opens=java.base/java.lang.invoke=ALL-UNNAMED --add-opens=java.base/java.util=ALL-UNNAMED --add-opens=java.prefs/java.util.prefs=ALL-UNNAMED --add-opens=java.prefs/java.util.prefs=ALL-UNNAMED --add-opens=java.base/java.nio.charset=ALL-UNNAMED --add-opens=java.base/java.net=ALL-UNNAMED --add-opens=java.base/java.util.concurrent.atomic=ALL-UNNAMED -Xmx1536M -Dfile.encoding=windows-1252 -Duser.country=TR -Duser.language=tr -Duser.variant 
java_command: org.gradle.launcher.daemon.bootstrap.GradleDaemon 7.4
java_class_path (initial): C:\Users\ASUS\.gradle\wrapper\dists\gradle-7.4-all\aadb4xli5jkdsnukm30eibyiu\gradle-7.4\lib\gradle-launcher-7.4.jar
Launcher Type: SUN_STANDARD

[Global flags]
     intx CICompilerCount                          = 4                                         {product} {ergonomic}
     uint ConcGCThreads                            = 2                                         {product} {ergonomic}
     uint G1ConcRefinementThreads                  = 8                                         {product} {ergonomic}
   size_t G1HeapRegionSize                         = 1048576                                   {product} {ergonomic}
    uintx GCDrainStackTargetSize                   = 64                                        {product} {ergonomic}
   size_t InitialHeapSize                          = 268435456                                 {product} {ergonomic}
   size_t MarkStackSize                            = 4194304                                   {product} {ergonomic}
   size_t MaxHeapSize                              = 1610612736                                {product} {command line}
   size_t MaxNewSize                               = 965738496                                 {product} {ergonomic}
   size_t MinHeapDeltaBytes                        = 1048576                                   {product} {ergonomic}
    uintx NonNMethodCodeHeapSize                   = 5836300                                {pd product} {ergonomic}
    uintx NonProfiledCodeHeapSize                  = 122910970                              {pd product} {ergonomic}
    uintx ProfiledCodeHeapSize                     = 122910970                              {pd product} {ergonomic}
    uintx ReservedCodeCacheSize                    = 251658240                              {pd product} {ergonomic}
     bool SegmentedCodeCache                       = true                                      {product} {ergonomic}
     bool UseCompressedClassPointers               = true                                 {lp64_product} {ergonomic}
     bool UseCompressedOops                        = true                                 {lp64_product} {ergonomic}
     bool UseG1GC                                  = true                                      {product} {ergonomic}
     bool UseLargePagesIndividualAllocation        = false                                  {pd product} {ergonomic}

Logging:
Log output configuration:
 #0: stdout all=warning uptime,level,tags
 #1: stderr all=off uptime,level,tags

Environment Variables:
JAVA_HOME=C:\Program Files\Android\Android Studio\jre
CLASSPATH=C:\Users\ASUS\AndroidStudioProjects\beklenenYasamSuresiHesaplama\android\\gradle\wrapper\gradle-wrapper.jar
PATH=C:\Program Files\Common Files\Oracle\Java\javapath;C:\Program Files (x86)\Common Files\Oracle\Java\javapath;C:\Program Files (x86)\Intel\iCLS Client\;C:\Program Files\Intel\iCLS Client\;C:\Windows\system32;C:\Windows;C:\Windows\System32\Wbem;C:\Windows\System32\WindowsPowerShell\v1.0\;C:\Program Files (x86)\NVIDIA Corporation\PhysX\Common;C:\Program Files (x86)\Intel\Intel(R) Management Engine Components\DAL;C:\Program Files\Intel\Intel(R) Management Engine Components\DAL;C:\Program Files (x86)\Intel\Intel(R) Management Engine Components\IPT;C:\Program Files\Intel\Intel(R) Management Engine Components\IPT;C:\WINDOWS\system32;C:\WINDOWS;C:\WINDOWS\System32\Wbem;C:\WINDOWS\System32\WindowsPowerShell\v1.0\;C:\WINDOWS\System32\OpenSSH\;C:\Program Files\Intel\WiFi\bin\;C:\Program Files\Common Files\Intel\WirelessCommon\;C:\Program Files\NVIDIA Corporation\NVIDIA NvDLISR;C:\WINDOWS\system32;C:\WINDOWS;C:\WINDOWS\System32\Wbem;C:\WINDOWS\System32\WindowsPowerShell\v1.0\;C:\WINDOWS\System32\OpenSSH\;C:\Program Files\dotnet\;C:\Program Files\Microsoft SQL Server\Client SDK\ODBC\170\Tools\Binn\;C:\Program Files (x86)\Microsoft SQL Server\150\Tools\Binn\;C:\Program Files\Microsoft SQL Server\150\Tools\Binn\;C:\Program Files\Microsoft SQL Server\150\DTS\Binn\;C:\Program Files\Azure Data Studio\bin;C:\Program Files\Microsoft SQL Server\130\Tools\Binn\;C:\src\flutter\bin;C:\Program Files\Git\cmd;C:\Users\ASUS\Desktop\flutter\bin;C:\Users\ASUS\.dotnet\tools;C:\Users\ASUS\AppData\Local\GitHubDesktop\bin;C:\Program Files\Azure Data Studio\bin;C:\Users\ASUS\AppData\Local\Programs\Microsoft VS Code\bin;C:\Users\ASUS\Desktop\flutter\bin;C:\src\flutter\bin;C:\src\flutter\bin;C:\Program Files\Java\jdk-11.0.15\bin;;C:\src\flutter\bin\mingit\cmd
USERNAME=ASUS
OS=Windows_NT
PROCESSOR_IDENTIFIER=Intel64 Family 6 Model 158 Stepping 9, GenuineIntel



---------------  S Y S T E M  ---------------

OS: Windows 10 , 64 bit Build 19041 (10.0.19041.2546)
OS uptime: 14 days 1:54 hours

CPU:total 8 (initial active 8) (4 cores per cpu, 2 threads per core) family 6 model 158 stepping 9 microcode 0xb4, cmov, cx8, fxsr, mmx, sse, sse2, sse3, ssse3, sse4.1, sse4.2, popcnt, avx, avx2, aes, clmul, erms, 3dnowpref, lzcnt, ht, tsc, tscinvbit, bmi1, bmi2, adx, fma

Memory: 4k page, system-wide physical 16268M (2666M free)
TotalPageFile size 16268M (AvailPageFile size 2M)
current process WorkingSet (physical memory assigned to process): 402M, peak: 403M
current process commit charge ("private bytes"): 504M, peak: 507M

vm_info: OpenJDK 64-Bit Server VM (11.0.12+7-b1504.28-7817840) for windows-amd64 JRE (11.0.12+7-b1504.28-7817840), built on Oct 13 2021 22:12:33 by "builder" with MS VC++ 14.0 (VS2015)

END.
