#
# There is insufficient memory for the Java Runtime Environment to continue.
# Native memory allocation (malloc) failed to allocate 1256016 bytes for Chunk::new
# Possible reasons:
#   The system is out of physical RAM or swap space
#   The process is running with CompressedOops enabled, and the Java Heap may be blocking the growth of the native heap
# Possible solutions:
#   Reduce memory load on the system
#   Increase physical memory or swap space
#   Check if swap backing store is full
#   Decrease Java heap size (-Xmx/-Xms)
#   Decrease number of Java threads
#   Decrease Java thread stack sizes (-Xss)
#   Set larger code cache with -XX:ReservedCodeCacheSize=
#   JVM is running with Unscaled Compressed Oops mode in which the Java heap is
#     placed in the first 4GB address space. The Java Heap base address is the
#     maximum limit for the native heap growth. Please use -XX:HeapBaseMinAddress
#     to set the Java Heap base and to place the Java Heap above 4GB virtual address.
# This output file may be truncated or incomplete.
#
#  Out of Memory Error (./src/hotspot/share/memory/arena.cpp:197), pid=10944, tid=21148
#
# JRE version: OpenJDK Runtime Environment (11.0.12+7) (build 11.0.12+7-b1504.28-7817840)
# Java VM: OpenJDK 64-Bit Server VM (11.0.12+7-b1504.28-7817840, mixed mode, tiered, compressed oops, g1 gc, windows-amd64)
# No core dump will be written. Minidumps are not enabled by default on client versions of Windows
#

---------------  S U M M A R Y ------------

Command Line: --add-opens=java.base/java.util=ALL-UNNAMED --add-opens=java.base/java.lang=ALL-UNNAMED --add-opens=java.base/java.lang.invoke=ALL-UNNAMED --add-opens=java.base/java.util=ALL-UNNAMED --add-opens=java.prefs/java.util.prefs=ALL-UNNAMED --add-opens=java.prefs/java.util.prefs=ALL-UNNAMED --add-opens=java.base/java.nio.charset=ALL-UNNAMED --add-opens=java.base/java.net=ALL-UNNAMED --add-opens=java.base/java.util.concurrent.atomic=ALL-UNNAMED -Xmx1536M -Dfile.encoding=windows-1252 -Duser.country=TR -Duser.language=tr -Duser.variant org.gradle.launcher.daemon.bootstrap.GradleDaemon 7.4

Host: Intel(R) Core(TM) i7-7700HQ CPU @ 2.80GHz, 8 cores, 15G,  Windows 10 , 64 bit Build 19041 (10.0.19041.2546)
Time: Tue Apr 11 16:42:59 2023 Türkiye Standart Saati elapsed time: 5.215141 seconds (0d 0h 0m 5s)

---------------  T H R E A D  ---------------

Current thread (0x000001da96acd800):  JavaThread "C2 CompilerThread0" daemon [_thread_in_native, id=21148, stack(0x0000009366500000,0x0000009366600000)]


Current CompileTask:
C2:   5215 2176   !   4       java.net.URLClassLoader$1::run (63 bytes)

Stack: [0x0000009366500000,0x0000009366600000]
Native frames: (J=compiled Java code, j=interpreted, Vv=VM code, C=native code)
V  [jvm.dll+0x5fbcea]
V  [jvm.dll+0x731905]
V  [jvm.dll+0x732f1d]
V  [jvm.dll+0x7335d3]
V  [jvm.dll+0x247bf8]
V  [jvm.dll+0xc018c]
V  [jvm.dll+0xc06cc]
V  [jvm.dll+0x35b31d]
V  [jvm.dll+0x19cebc]
V  [jvm.dll+0x20070e]
V  [jvm.dll+0x1ff794]
V  [jvm.dll+0x18868c]
V  [jvm.dll+0x20e0d7]
V  [jvm.dll+0x20c901]
V  [jvm.dll+0x6f9b7f]
V  [jvm.dll+0x6f26a5]
V  [jvm.dll+0x5fabf6]
C  [ucrtbase.dll+0x21bb2]
C  [KERNEL32.DLL+0x17614]
C  [ntdll.dll+0x526a1]


---------------  P R O C E S S  ---------------

Threads class SMR info:
_java_thread_list=0x000001da991051b0, length=26, elements={
0x000001dafcd70800, 0x000001da96a3b000, 0x000001da96a3c000, 0x000001da96abd800,
0x000001da96ac1800, 0x000001da96ac3000, 0x000001da96acd800, 0x000001da96ad7800,
0x000001da96aec000, 0x000001da96c3d800, 0x000001da986cc800, 0x000001da99fa8800,
0x000001da99b9c800, 0x000001da9878a800, 0x000001da98189800, 0x000001da9997e800,
0x000001da9983a800, 0x000001da98df6800, 0x000001da98395800, 0x000001da96ad3000,
0x000001da96ad5000, 0x000001da96ad6800, 0x000001da96ad9000, 0x000001da96ad5800,
0x000001da96ad4000, 0x000001da96ad8000
}

Java Threads: ( => current thread )
  0x000001dafcd70800 JavaThread "main" [_thread_blocked, id=20572, stack(0x0000009365900000,0x0000009365a00000)]
  0x000001da96a3b000 JavaThread "Reference Handler" daemon [_thread_blocked, id=20240, stack(0x0000009366000000,0x0000009366100000)]
  0x000001da96a3c000 JavaThread "Finalizer" daemon [_thread_blocked, id=5904, stack(0x0000009366100000,0x0000009366200000)]
  0x000001da96abd800 JavaThread "Signal Dispatcher" daemon [_thread_blocked, id=23456, stack(0x0000009366200000,0x0000009366300000)]
  0x000001da96ac1800 JavaThread "Attach Listener" daemon [_thread_blocked, id=13240, stack(0x0000009366300000,0x0000009366400000)]
  0x000001da96ac3000 JavaThread "Service Thread" daemon [_thread_blocked, id=11204, stack(0x0000009366400000,0x0000009366500000)]
=>0x000001da96acd800 JavaThread "C2 CompilerThread0" daemon [_thread_in_native, id=21148, stack(0x0000009366500000,0x0000009366600000)]
  0x000001da96ad7800 JavaThread "C1 CompilerThread0" daemon [_thread_in_native, id=20812, stack(0x0000009366600000,0x0000009366700000)]
  0x000001da96aec000 JavaThread "Sweeper thread" daemon [_thread_blocked, id=10760, stack(0x0000009366700000,0x0000009366800000)]
  0x000001da96c3d800 JavaThread "Common-Cleaner" daemon [_thread_blocked, id=18292, stack(0x0000009366800000,0x0000009366900000)]
  0x000001da986cc800 JavaThread "Daemon health stats" [_thread_blocked, id=9940, stack(0x0000009367100000,0x0000009367200000)]
  0x000001da99fa8800 JavaThread "Incoming local TCP Connector on port 56584" [_thread_in_native, id=3412, stack(0x0000009366a00000,0x0000009366b00000)]
  0x000001da99b9c800 JavaThread "Daemon periodic checks" [_thread_blocked, id=20744, stack(0x0000009366b00000,0x0000009366c00000)]
  0x000001da9878a800 JavaThread "Daemon" [_thread_blocked, id=19760, stack(0x0000009367200000,0x0000009367300000)]
  0x000001da98189800 JavaThread "Handler for socket connection from /127.0.0.1:56584 to /127.0.0.1:56585" [_thread_in_native, id=13144, stack(0x0000009367300000,0x0000009367400000)]
  0x000001da9997e800 JavaThread "Cancel handler" [_thread_blocked, id=23860, stack(0x0000009367400000,0x0000009367500000)]
  0x000001da9983a800 JavaThread "Daemon worker" [_thread_in_vm, id=18372, stack(0x0000009367500000,0x0000009367600000)]
  0x000001da98df6800 JavaThread "Asynchronous log dispatcher for DefaultDaemonConnection: socket connection from /127.0.0.1:56584 to /127.0.0.1:56585" [_thread_blocked, id=23460, stack(0x0000009367600000,0x0000009367700000)]
  0x000001da98395800 JavaThread "Stdin handler" [_thread_blocked, id=13528, stack(0x0000009367700000,0x0000009367800000)]
  0x000001da96ad3000 JavaThread "Daemon client event forwarder" [_thread_blocked, id=11848, stack(0x0000009367800000,0x0000009367900000)]
  0x000001da96ad5000 JavaThread "C2 CompilerThread1" daemon [_thread_blocked, id=20956, stack(0x0000009367900000,0x0000009367a00000)]
  0x000001da96ad6800 JavaThread "Cache worker for journal cache (C:\Users\ASUS\.gradle\caches\journal-1)" [_thread_blocked, id=10452, stack(0x0000009367a00000,0x0000009367b00000)]
  0x000001da96ad9000 JavaThread "File lock request listener" [_thread_in_native, id=8380, stack(0x0000009367b00000,0x0000009367c00000)]
  0x000001da96ad5800 JavaThread "Cache worker for file hash cache (C:\Users\ASUS\.gradle\caches\7.4\fileHashes)" [_thread_blocked, id=23936, stack(0x0000009367c00000,0x0000009367d00000)]
  0x000001da96ad4000 JavaThread "File watcher server" daemon [_thread_in_native, id=13640, stack(0x0000009368000000,0x0000009368100000)]
  0x000001da96ad8000 JavaThread "File watcher consumer" daemon [_thread_blocked, id=11108, stack(0x0000009368100000,0x0000009368200000)]

Other Threads:
  0x000001da96a36800 VMThread "VM Thread" [stack: 0x0000009365f00000,0x0000009366000000] [id=12088]
  0x000001da96c62000 WatcherThread [stack: 0x0000009366900000,0x0000009366a00000] [id=16560]
  0x000001dafcd89000 GCTaskThread "GC Thread#0" [stack: 0x0000009365a00000,0x0000009365b00000] [id=12136]
  0x000001da982e9800 GCTaskThread "GC Thread#1" [stack: 0x0000009366c00000,0x0000009366d00000] [id=18332]
  0x000001da978f2000 GCTaskThread "GC Thread#2" [stack: 0x0000009366d00000,0x0000009366e00000] [id=17728]
  0x000001da97a76800 GCTaskThread "GC Thread#3" [stack: 0x0000009366e00000,0x0000009366f00000] [id=23992]
  0x000001da974e3000 GCTaskThread "GC Thread#4" [stack: 0x0000009366f00000,0x0000009367000000] [id=17544]
  0x000001da97f0f800 GCTaskThread "GC Thread#5" [stack: 0x0000009367000000,0x0000009367100000] [id=13724]
  0x000001da995c9800 GCTaskThread "GC Thread#6" [stack: 0x0000009367d00000,0x0000009367e00000] [id=19248]
  0x000001da98f02000 GCTaskThread "GC Thread#7" [stack: 0x0000009367e00000,0x0000009367f00000] [id=21312]
  0x000001dafcdaf000 ConcurrentGCThread "G1 Main Marker" [stack: 0x0000009365b00000,0x0000009365c00000] [id=20420]
  0x000001dafcdb1800 ConcurrentGCThread "G1 Conc#0" [stack: 0x0000009365c00000,0x0000009365d00000] [id=20084]
  0x000001da98dcb000 ConcurrentGCThread "G1 Conc#1" [stack: 0x0000009367f00000,0x0000009368000000] [id=25308]
  0x000001dafce4e800 ConcurrentGCThread "G1 Refine#0" [stack: 0x0000009365d00000,0x0000009365e00000] [id=22284]
  0x000001daffb7e800 ConcurrentGCThread "G1 Young RemSet Sampling" [stack: 0x0000009365e00000,0x0000009365f00000] [id=18184]

Threads with active compile tasks:
C2 CompilerThread0   5244 2176   !   4       java.net.URLClassLoader$1::run (63 bytes)
C1 CompilerThread0   5244 2251       3       jdk.internal.reflect.Reflection::isCallerSensitive (24 bytes)

VM state:not at safepoint (normal execution)

VM Mutex/Monitor currently owned by a thread: None

Heap address: 0x00000000a0000000, size: 1536 MB, Compressed Oops mode: 32-bit
Narrow klass base: 0x0000000000000000, Narrow klass shift: 3
Compressed class space size: 1073741824 Address: 0x0000000100000000

Heap:
 garbage-first heap   total 262144K, used 68587K [0x00000000a0000000, 0x0000000100000000)
  region size 1024K, 52 young (53248K), 1 survivors (1024K)
 Metaspace       used 26905K, capacity 27571K, committed 27904K, reserved 1073152K
  class space    used 3506K, capacity 3740K, committed 3840K, reserved 1048576K
Heap Regions: E=young(eden), S=young(survivor), O=old, HS=humongous(starts), HC=humongous(continues), CS=collection set, F=free, A=archive, TAMS=top-at-mark-start (previous, next)
|   0|0x00000000a0000000, 0x00000000a0100000, 0x00000000a0100000|100%| O|  |TAMS 0x00000000a0000000, 0x00000000a0000000| Untracked 
|   1|0x00000000a0100000, 0x00000000a0200000, 0x00000000a0200000|100%| O|  |TAMS 0x00000000a0100000, 0x00000000a0100000| Untracked 
|   2|0x00000000a0200000, 0x00000000a0300000, 0x00000000a0300000|100%| O|  |TAMS 0x00000000a0200000, 0x00000000a0200000| Untracked 
|   3|0x00000000a0300000, 0x00000000a0400000, 0x00000000a0400000|100%|HS|  |TAMS 0x00000000a0400000, 0x00000000a0300000| Complete 
|   4|0x00000000a0400000, 0x00000000a0500000, 0x00000000a0500000|100%|HC|  |TAMS 0x00000000a0500000, 0x00000000a0400000| Complete 
|   5|0x00000000a0500000, 0x00000000a0600000, 0x00000000a0600000|100%|HC|  |TAMS 0x00000000a0600000, 0x00000000a0500000| Complete 
|   6|0x00000000a0600000, 0x00000000a0700000, 0x00000000a0700000|100%| O|  |TAMS 0x00000000a0700000, 0x00000000a0600000| Untracked 
|   7|0x00000000a0700000, 0x00000000a0800000, 0x00000000a0800000|100%| O|  |TAMS 0x00000000a0800000, 0x00000000a0700000| Untracked 
|   8|0x00000000a0800000, 0x00000000a0900000, 0x00000000a0900000|100%| O|  |TAMS 0x00000000a0900000, 0x00000000a0800000| Untracked 
|   9|0x00000000a0900000, 0x00000000a0a00000, 0x00000000a0a00000|100%| O|  |TAMS 0x00000000a0900000, 0x00000000a0900000| Untracked 
|  10|0x00000000a0a00000, 0x00000000a0b00000, 0x00000000a0b00000|100%| O|  |TAMS 0x00000000a0a00000, 0x00000000a0a00000| Untracked 
|  11|0x00000000a0b00000, 0x00000000a0c00000, 0x00000000a0c00000|100%| O|  |TAMS 0x00000000a0b00000, 0x00000000a0b00000| Untracked 
|  12|0x00000000a0c00000, 0x00000000a0d00000, 0x00000000a0d00000|100%| O|  |TAMS 0x00000000a0c00000, 0x00000000a0c00000| Untracked 
|  13|0x00000000a0d00000, 0x00000000a0e00000, 0x00000000a0e00000|100%| O|  |TAMS 0x00000000a0d00000, 0x00000000a0d00000| Untracked 
|  14|0x00000000a0e00000, 0x00000000a0f00000, 0x00000000a0f00000|100%| O|  |TAMS 0x00000000a0e00000, 0x00000000a0e00000| Untracked 
|  15|0x00000000a0f00000, 0x00000000a1000000, 0x00000000a1000000|100%| O|  |TAMS 0x00000000a0f00000, 0x00000000a0f00000| Untracked 
|  16|0x00000000a1000000, 0x00000000a1019400, 0x00000000a1100000|  9%| O|  |TAMS 0x00000000a1000000, 0x00000000a1000000| Untracked 
|  17|0x00000000a1100000, 0x00000000a1100000, 0x00000000a1200000|  0%| F|  |TAMS 0x00000000a1100000, 0x00000000a1100000| Untracked 
|  18|0x00000000a1200000, 0x00000000a1200000, 0x00000000a1300000|  0%| F|  |TAMS 0x00000000a1200000, 0x00000000a1200000| Untracked 
|  19|0x00000000a1300000, 0x00000000a1300000, 0x00000000a1400000|  0%| F|  |TAMS 0x00000000a1300000, 0x00000000a1300000| Untracked 
|  20|0x00000000a1400000, 0x00000000a1400000, 0x00000000a1500000|  0%| F|  |TAMS 0x00000000a1400000, 0x00000000a1400000| Untracked 
|  21|0x00000000a1500000, 0x00000000a1500000, 0x00000000a1600000|  0%| F|  |TAMS 0x00000000a1500000, 0x00000000a1500000| Untracked 
|  22|0x00000000a1600000, 0x00000000a1600000, 0x00000000a1700000|  0%| F|  |TAMS 0x00000000a1600000, 0x00000000a1600000| Untracked 
|  23|0x00000000a1700000, 0x00000000a1700000, 0x00000000a1800000|  0%| F|  |TAMS 0x00000000a1700000, 0x00000000a1700000| Untracked 
|  24|0x00000000a1800000, 0x00000000a1800000, 0x00000000a1900000|  0%| F|  |TAMS 0x00000000a1800000, 0x00000000a1800000| Untracked 
|  25|0x00000000a1900000, 0x00000000a1900000, 0x00000000a1a00000|  0%| F|  |TAMS 0x00000000a1900000, 0x00000000a1900000| Untracked 
|  26|0x00000000a1a00000, 0x00000000a1a00000, 0x00000000a1b00000|  0%| F|  |TAMS 0x00000000a1a00000, 0x00000000a1a00000| Untracked 
|  27|0x00000000a1b00000, 0x00000000a1b00000, 0x00000000a1c00000|  0%| F|  |TAMS 0x00000000a1b00000, 0x00000000a1b00000| Untracked 
|  28|0x00000000a1c00000, 0x00000000a1c00000, 0x00000000a1d00000|  0%| F|  |TAMS 0x00000000a1c00000, 0x00000000a1c00000| Untracked 
|  29|0x00000000a1d00000, 0x00000000a1d00000, 0x00000000a1e00000|  0%| F|  |TAMS 0x00000000a1d00000, 0x00000000a1d00000| Untracked 
|  30|0x00000000a1e00000, 0x00000000a1e00000, 0x00000000a1f00000|  0%| F|  |TAMS 0x00000000a1e00000, 0x00000000a1e00000| Untracked 
|  31|0x00000000a1f00000, 0x00000000a1f00000, 0x00000000a2000000|  0%| F|  |TAMS 0x00000000a1f00000, 0x00000000a1f00000| Untracked 
|  32|0x00000000a2000000, 0x00000000a2000000, 0x00000000a2100000|  0%| F|  |TAMS 0x00000000a2000000, 0x00000000a2000000| Untracked 
|  33|0x00000000a2100000, 0x00000000a2100000, 0x00000000a2200000|  0%| F|  |TAMS 0x00000000a2100000, 0x00000000a2100000| Untracked 
|  34|0x00000000a2200000, 0x00000000a2200000, 0x00000000a2300000|  0%| F|  |TAMS 0x00000000a2200000, 0x00000000a2200000| Untracked 
|  35|0x00000000a2300000, 0x00000000a2300000, 0x00000000a2400000|  0%| F|  |TAMS 0x00000000a2300000, 0x00000000a2300000| Untracked 
|  36|0x00000000a2400000, 0x00000000a2400000, 0x00000000a2500000|  0%| F|  |TAMS 0x00000000a2400000, 0x00000000a2400000| Untracked 
|  37|0x00000000a2500000, 0x00000000a2500000, 0x00000000a2600000|  0%| F|  |TAMS 0x00000000a2500000, 0x00000000a2500000| Untracked 
|  38|0x00000000a2600000, 0x00000000a2600000, 0x00000000a2700000|  0%| F|  |TAMS 0x00000000a2600000, 0x00000000a2600000| Untracked 
|  39|0x00000000a2700000, 0x00000000a2700000, 0x00000000a2800000|  0%| F|  |TAMS 0x00000000a2700000, 0x00000000a2700000| Untracked 
|  40|0x00000000a2800000, 0x00000000a2800000, 0x00000000a2900000|  0%| F|  |TAMS 0x00000000a2800000, 0x00000000a2800000| Untracked 
|  41|0x00000000a2900000, 0x00000000a2900000, 0x00000000a2a00000|  0%| F|  |TAMS 0x00000000a2900000, 0x00000000a2900000| Untracked 
|  42|0x00000000a2a00000, 0x00000000a2a00000, 0x00000000a2b00000|  0%| F|  |TAMS 0x00000000a2a00000, 0x00000000a2a00000| Untracked 
|  43|0x00000000a2b00000, 0x00000000a2b00000, 0x00000000a2c00000|  0%| F|  |TAMS 0x00000000a2b00000, 0x00000000a2b00000| Untracked 
|  44|0x00000000a2c00000, 0x00000000a2c00000, 0x00000000a2d00000|  0%| F|  |TAMS 0x00000000a2c00000, 0x00000000a2c00000| Untracked 
|  45|0x00000000a2d00000, 0x00000000a2d00000, 0x00000000a2e00000|  0%| F|  |TAMS 0x00000000a2d00000, 0x00000000a2d00000| Untracked 
|  46|0x00000000a2e00000, 0x00000000a2e00000, 0x00000000a2f00000|  0%| F|  |TAMS 0x00000000a2e00000, 0x00000000a2e00000| Untracked 
|  47|0x00000000a2f00000, 0x00000000a2f00000, 0x00000000a3000000|  0%| F|  |TAMS 0x00000000a2f00000, 0x00000000a2f00000| Untracked 
|  48|0x00000000a3000000, 0x00000000a3000000, 0x00000000a3100000|  0%| F|  |TAMS 0x00000000a3000000, 0x00000000a3000000| Untracked 
|  49|0x00000000a3100000, 0x00000000a3100000, 0x00000000a3200000|  0%| F|  |TAMS 0x00000000a3100000, 0x00000000a3100000| Untracked 
|  50|0x00000000a3200000, 0x00000000a3200000, 0x00000000a3300000|  0%| F|  |TAMS 0x00000000a3200000, 0x00000000a3200000| Untracked 
|  51|0x00000000a3300000, 0x00000000a3300000, 0x00000000a3400000|  0%| F|  |TAMS 0x00000000a3300000, 0x00000000a3300000| Untracked 
|  52|0x00000000a3400000, 0x00000000a3400000, 0x00000000a3500000|  0%| F|  |TAMS 0x00000000a3400000, 0x00000000a3400000| Untracked 
|  53|0x00000000a3500000, 0x00000000a3500000, 0x00000000a3600000|  0%| F|  |TAMS 0x00000000a3500000, 0x00000000a3500000| Untracked 
|  54|0x00000000a3600000, 0x00000000a3600000, 0x00000000a3700000|  0%| F|  |TAMS 0x00000000a3600000, 0x00000000a3600000| Untracked 
|  55|0x00000000a3700000, 0x00000000a3700000, 0x00000000a3800000|  0%| F|  |TAMS 0x00000000a3700000, 0x00000000a3700000| Untracked 
|  56|0x00000000a3800000, 0x00000000a3800000, 0x00000000a3900000|  0%| F|  |TAMS 0x00000000a3800000, 0x00000000a3800000| Untracked 
|  57|0x00000000a3900000, 0x00000000a3900000, 0x00000000a3a00000|  0%| F|  |TAMS 0x00000000a3900000, 0x00000000a3900000| Untracked 
|  58|0x00000000a3a00000, 0x00000000a3a00000, 0x00000000a3b00000|  0%| F|  |TAMS 0x00000000a3a00000, 0x00000000a3a00000| Untracked 
|  59|0x00000000a3b00000, 0x00000000a3b00000, 0x00000000a3c00000|  0%| F|  |TAMS 0x00000000a3b00000, 0x00000000a3b00000| Untracked 
|  60|0x00000000a3c00000, 0x00000000a3c00000, 0x00000000a3d00000|  0%| F|  |TAMS 0x00000000a3c00000, 0x00000000a3c00000| Untracked 
|  61|0x00000000a3d00000, 0x00000000a3d00000, 0x00000000a3e00000|  0%| F|  |TAMS 0x00000000a3d00000, 0x00000000a3d00000| Untracked 
|  62|0x00000000a3e00000, 0x00000000a3e00000, 0x00000000a3f00000|  0%| F|  |TAMS 0x00000000a3e00000, 0x00000000a3e00000| Untracked 
|  63|0x00000000a3f00000, 0x00000000a3f00000, 0x00000000a4000000|  0%| F|  |TAMS 0x00000000a3f00000, 0x00000000a3f00000| Untracked 
|  64|0x00000000a4000000, 0x00000000a4000000, 0x00000000a4100000|  0%| F|  |TAMS 0x00000000a4000000, 0x00000000a4000000| Untracked 
|  65|0x00000000a4100000, 0x00000000a4100000, 0x00000000a4200000|  0%| F|  |TAMS 0x00000000a4100000, 0x00000000a4100000| Untracked 
|  66|0x00000000a4200000, 0x00000000a4200000, 0x00000000a4300000|  0%| F|  |TAMS 0x00000000a4200000, 0x00000000a4200000| Untracked 
|  67|0x00000000a4300000, 0x00000000a4300000, 0x00000000a4400000|  0%| F|  |TAMS 0x00000000a4300000, 0x00000000a4300000| Untracked 
|  68|0x00000000a4400000, 0x00000000a4400000, 0x00000000a4500000|  0%| F|  |TAMS 0x00000000a4400000, 0x00000000a4400000| Untracked 
|  69|0x00000000a4500000, 0x00000000a4500000, 0x00000000a4600000|  0%| F|  |TAMS 0x00000000a4500000, 0x00000000a4500000| Untracked 
|  70|0x00000000a4600000, 0x00000000a4600000, 0x00000000a4700000|  0%| F|  |TAMS 0x00000000a4600000, 0x00000000a4600000| Untracked 
|  71|0x00000000a4700000, 0x00000000a4700000, 0x00000000a4800000|  0%| F|  |TAMS 0x00000000a4700000, 0x00000000a4700000| Untracked 
|  72|0x00000000a4800000, 0x00000000a4800000, 0x00000000a4900000|  0%| F|  |TAMS 0x00000000a4800000, 0x00000000a4800000| Untracked 
|  73|0x00000000a4900000, 0x00000000a4900000, 0x00000000a4a00000|  0%| F|  |TAMS 0x00000000a4900000, 0x00000000a4900000| Untracked 
|  74|0x00000000a4a00000, 0x00000000a4a00000, 0x00000000a4b00000|  0%| F|  |TAMS 0x00000000a4a00000, 0x00000000a4a00000| Untracked 
|  75|0x00000000a4b00000, 0x00000000a4b00000, 0x00000000a4c00000|  0%| F|  |TAMS 0x00000000a4b00000, 0x00000000a4b00000| Untracked 
|  76|0x00000000a4c00000, 0x00000000a4c00000, 0x00000000a4d00000|  0%| F|  |TAMS 0x00000000a4c00000, 0x00000000a4c00000| Untracked 
|  77|0x00000000a4d00000, 0x00000000a4d00000, 0x00000000a4e00000|  0%| F|  |TAMS 0x00000000a4d00000, 0x00000000a4d00000| Untracked 
|  78|0x00000000a4e00000, 0x00000000a4e00000, 0x00000000a4f00000|  0%| F|  |TAMS 0x00000000a4e00000, 0x00000000a4e00000| Untracked 
|  79|0x00000000a4f00000, 0x00000000a4f00000, 0x00000000a5000000|  0%| F|  |TAMS 0x00000000a4f00000, 0x00000000a4f00000| Untracked 
|  80|0x00000000a5000000, 0x00000000a5000000, 0x00000000a5100000|  0%| F|  |TAMS 0x00000000a5000000, 0x00000000a5000000| Untracked 
|  81|0x00000000a5100000, 0x00000000a5100000, 0x00000000a5200000|  0%| F|  |TAMS 0x00000000a5100000, 0x00000000a5100000| Untracked 
|  82|0x00000000a5200000, 0x00000000a5200000, 0x00000000a5300000|  0%| F|  |TAMS 0x00000000a5200000, 0x00000000a5200000| Untracked 
|  83|0x00000000a5300000, 0x00000000a5300000, 0x00000000a5400000|  0%| F|  |TAMS 0x00000000a5300000, 0x00000000a5300000| Untracked 
|  84|0x00000000a5400000, 0x00000000a5400000, 0x00000000a5500000|  0%| F|  |TAMS 0x00000000a5400000, 0x00000000a5400000| Untracked 
|  85|0x00000000a5500000, 0x00000000a5500000, 0x00000000a5600000|  0%| F|  |TAMS 0x00000000a5500000, 0x00000000a5500000| Untracked 
|  86|0x00000000a5600000, 0x00000000a5600000, 0x00000000a5700000|  0%| F|  |TAMS 0x00000000a5600000, 0x00000000a5600000| Untracked 
|  87|0x00000000a5700000, 0x00000000a5700000, 0x00000000a5800000|  0%| F|  |TAMS 0x00000000a5700000, 0x00000000a5700000| Untracked 
|  88|0x00000000a5800000, 0x00000000a5800000, 0x00000000a5900000|  0%| F|  |TAMS 0x00000000a5800000, 0x00000000a5800000| Untracked 
|  89|0x00000000a5900000, 0x00000000a5900000, 0x00000000a5a00000|  0%| F|  |TAMS 0x00000000a5900000, 0x00000000a5900000| Untracked 
|  90|0x00000000a5a00000, 0x00000000a5a00000, 0x00000000a5b00000|  0%| F|  |TAMS 0x00000000a5a00000, 0x00000000a5a00000| Untracked 
|  91|0x00000000a5b00000, 0x00000000a5b00000, 0x00000000a5c00000|  0%| F|  |TAMS 0x00000000a5b00000, 0x00000000a5b00000| Untracked 
|  92|0x00000000a5c00000, 0x00000000a5c00000, 0x00000000a5d00000|  0%| F|  |TAMS 0x00000000a5c00000, 0x00000000a5c00000| Untracked 
|  93|0x00000000a5d00000, 0x00000000a5d00000, 0x00000000a5e00000|  0%| F|  |TAMS 0x00000000a5d00000, 0x00000000a5d00000| Untracked 
|  94|0x00000000a5e00000, 0x00000000a5e00000, 0x00000000a5f00000|  0%| F|  |TAMS 0x00000000a5e00000, 0x00000000a5e00000| Untracked 
|  95|0x00000000a5f00000, 0x00000000a5f00000, 0x00000000a6000000|  0%| F|  |TAMS 0x00000000a5f00000, 0x00000000a5f00000| Untracked 
|  96|0x00000000a6000000, 0x00000000a6000000, 0x00000000a6100000|  0%| F|  |TAMS 0x00000000a6000000, 0x00000000a6000000| Untracked 
|  97|0x00000000a6100000, 0x00000000a6100000, 0x00000000a6200000|  0%| F|  |TAMS 0x00000000a6100000, 0x00000000a6100000| Untracked 
|  98|0x00000000a6200000, 0x00000000a6200000, 0x00000000a6300000|  0%| F|  |TAMS 0x00000000a6200000, 0x00000000a6200000| Untracked 
|  99|0x00000000a6300000, 0x00000000a6300000, 0x00000000a6400000|  0%| F|  |TAMS 0x00000000a6300000, 0x00000000a6300000| Untracked 
| 100|0x00000000a6400000, 0x00000000a6400000, 0x00000000a6500000|  0%| F|  |TAMS 0x00000000a6400000, 0x00000000a6400000| Untracked 
| 101|0x00000000a6500000, 0x00000000a6500000, 0x00000000a6600000|  0%| F|  |TAMS 0x00000000a6500000, 0x00000000a6500000| Untracked 
| 102|0x00000000a6600000, 0x00000000a6600000, 0x00000000a6700000|  0%| F|  |TAMS 0x00000000a6600000, 0x00000000a6600000| Untracked 
| 103|0x00000000a6700000, 0x00000000a6700000, 0x00000000a6800000|  0%| F|  |TAMS 0x00000000a6700000, 0x00000000a6700000| Untracked 
| 104|0x00000000a6800000, 0x00000000a6800000, 0x00000000a6900000|  0%| F|  |TAMS 0x00000000a6800000, 0x00000000a6800000| Untracked 
| 105|0x00000000a6900000, 0x00000000a6900000, 0x00000000a6a00000|  0%| F|  |TAMS 0x00000000a6900000, 0x00000000a6900000| Untracked 
| 106|0x00000000a6a00000, 0x00000000a6a00000, 0x00000000a6b00000|  0%| F|  |TAMS 0x00000000a6a00000, 0x00000000a6a00000| Untracked 
| 107|0x00000000a6b00000, 0x00000000a6b00000, 0x00000000a6c00000|  0%| F|  |TAMS 0x00000000a6b00000, 0x00000000a6b00000| Untracked 
| 108|0x00000000a6c00000, 0x00000000a6c00000, 0x00000000a6d00000|  0%| F|  |TAMS 0x00000000a6c00000, 0x00000000a6c00000| Untracked 
| 109|0x00000000a6d00000, 0x00000000a6d00000, 0x00000000a6e00000|  0%| F|  |TAMS 0x00000000a6d00000, 0x00000000a6d00000| Untracked 
| 110|0x00000000a6e00000, 0x00000000a6e00000, 0x00000000a6f00000|  0%| F|  |TAMS 0x00000000a6e00000, 0x00000000a6e00000| Untracked 
| 111|0x00000000a6f00000, 0x00000000a6f00000, 0x00000000a7000000|  0%| F|  |TAMS 0x00000000a6f00000, 0x00000000a6f00000| Untracked 
| 112|0x00000000a7000000, 0x00000000a7000000, 0x00000000a7100000|  0%| F|  |TAMS 0x00000000a7000000, 0x00000000a7000000| Untracked 
| 113|0x00000000a7100000, 0x00000000a7100000, 0x00000000a7200000|  0%| F|  |TAMS 0x00000000a7100000, 0x00000000a7100000| Untracked 
| 114|0x00000000a7200000, 0x00000000a7200000, 0x00000000a7300000|  0%| F|  |TAMS 0x00000000a7200000, 0x00000000a7200000| Untracked 
| 115|0x00000000a7300000, 0x00000000a7300000, 0x00000000a7400000|  0%| F|  |TAMS 0x00000000a7300000, 0x00000000a7300000| Untracked 
| 116|0x00000000a7400000, 0x00000000a7400000, 0x00000000a7500000|  0%| F|  |TAMS 0x00000000a7400000, 0x00000000a7400000| Untracked 
| 117|0x00000000a7500000, 0x00000000a7500000, 0x00000000a7600000|  0%| F|  |TAMS 0x00000000a7500000, 0x00000000a7500000| Untracked 
| 118|0x00000000a7600000, 0x00000000a7600000, 0x00000000a7700000|  0%| F|  |TAMS 0x00000000a7600000, 0x00000000a7600000| Untracked 
| 119|0x00000000a7700000, 0x00000000a7700000, 0x00000000a7800000|  0%| F|  |TAMS 0x00000000a7700000, 0x00000000a7700000| Untracked 
| 120|0x00000000a7800000, 0x00000000a7800000, 0x00000000a7900000|  0%| F|  |TAMS 0x00000000a7800000, 0x00000000a7800000| Untracked 
| 121|0x00000000a7900000, 0x00000000a7900000, 0x00000000a7a00000|  0%| F|  |TAMS 0x00000000a7900000, 0x00000000a7900000| Untracked 
| 122|0x00000000a7a00000, 0x00000000a7a00000, 0x00000000a7b00000|  0%| F|  |TAMS 0x00000000a7a00000, 0x00000000a7a00000| Untracked 
| 123|0x00000000a7b00000, 0x00000000a7b00000, 0x00000000a7c00000|  0%| F|  |TAMS 0x00000000a7b00000, 0x00000000a7b00000| Untracked 
| 124|0x00000000a7c00000, 0x00000000a7c00000, 0x00000000a7d00000|  0%| F|  |TAMS 0x00000000a7c00000, 0x00000000a7c00000| Untracked 
| 125|0x00000000a7d00000, 0x00000000a7d00000, 0x00000000a7e00000|  0%| F|  |TAMS 0x00000000a7d00000, 0x00000000a7d00000| Untracked 
| 126|0x00000000a7e00000, 0x00000000a7e00000, 0x00000000a7f00000|  0%| F|  |TAMS 0x00000000a7e00000, 0x00000000a7e00000| Untracked 
| 127|0x00000000a7f00000, 0x00000000a7f00000, 0x00000000a8000000|  0%| F|  |TAMS 0x00000000a7f00000, 0x00000000a7f00000| Untracked 
| 128|0x00000000a8000000, 0x00000000a8000000, 0x00000000a8100000|  0%| F|  |TAMS 0x00000000a8000000, 0x00000000a8000000| Untracked 
| 129|0x00000000a8100000, 0x00000000a8100000, 0x00000000a8200000|  0%| F|  |TAMS 0x00000000a8100000, 0x00000000a8100000| Untracked 
| 130|0x00000000a8200000, 0x00000000a8200000, 0x00000000a8300000|  0%| F|  |TAMS 0x00000000a8200000, 0x00000000a8200000| Untracked 
| 131|0x00000000a8300000, 0x00000000a8300000, 0x00000000a8400000|  0%| F|  |TAMS 0x00000000a8300000, 0x00000000a8300000| Untracked 
| 132|0x00000000a8400000, 0x00000000a8400000, 0x00000000a8500000|  0%| F|  |TAMS 0x00000000a8400000, 0x00000000a8400000| Untracked 
| 133|0x00000000a8500000, 0x00000000a8500000, 0x00000000a8600000|  0%| F|  |TAMS 0x00000000a8500000, 0x00000000a8500000| Untracked 
| 134|0x00000000a8600000, 0x00000000a8600000, 0x00000000a8700000|  0%| F|  |TAMS 0x00000000a8600000, 0x00000000a8600000| Untracked 
| 135|0x00000000a8700000, 0x00000000a8700000, 0x00000000a8800000|  0%| F|  |TAMS 0x00000000a8700000, 0x00000000a8700000| Untracked 
| 136|0x00000000a8800000, 0x00000000a8800000, 0x00000000a8900000|  0%| F|  |TAMS 0x00000000a8800000, 0x00000000a8800000| Untracked 
| 137|0x00000000a8900000, 0x00000000a8900000, 0x00000000a8a00000|  0%| F|  |TAMS 0x00000000a8900000, 0x00000000a8900000| Untracked 
| 138|0x00000000a8a00000, 0x00000000a8a00000, 0x00000000a8b00000|  0%| F|  |TAMS 0x00000000a8a00000, 0x00000000a8a00000| Untracked 
| 139|0x00000000a8b00000, 0x00000000a8b00000, 0x00000000a8c00000|  0%| F|  |TAMS 0x00000000a8b00000, 0x00000000a8b00000| Untracked 
| 140|0x00000000a8c00000, 0x00000000a8c00000, 0x00000000a8d00000|  0%| F|  |TAMS 0x00000000a8c00000, 0x00000000a8c00000| Untracked 
| 141|0x00000000a8d00000, 0x00000000a8d00000, 0x00000000a8e00000|  0%| F|  |TAMS 0x00000000a8d00000, 0x00000000a8d00000| Untracked 
| 142|0x00000000a8e00000, 0x00000000a8e00000, 0x00000000a8f00000|  0%| F|  |TAMS 0x00000000a8e00000, 0x00000000a8e00000| Untracked 
| 143|0x00000000a8f00000, 0x00000000a8f00000, 0x00000000a9000000|  0%| F|  |TAMS 0x00000000a8f00000, 0x00000000a8f00000| Untracked 
| 144|0x00000000a9000000, 0x00000000a9000000, 0x00000000a9100000|  0%| F|  |TAMS 0x00000000a9000000, 0x00000000a9000000| Untracked 
| 145|0x00000000a9100000, 0x00000000a9100000, 0x00000000a9200000|  0%| F|  |TAMS 0x00000000a9100000, 0x00000000a9100000| Untracked 
| 146|0x00000000a9200000, 0x00000000a9200000, 0x00000000a9300000|  0%| F|  |TAMS 0x00000000a9200000, 0x00000000a9200000| Untracked 
| 147|0x00000000a9300000, 0x00000000a9300000, 0x00000000a9400000|  0%| F|  |TAMS 0x00000000a9300000, 0x00000000a9300000| Untracked 
| 148|0x00000000a9400000, 0x00000000a9400000, 0x00000000a9500000|  0%| F|  |TAMS 0x00000000a9400000, 0x00000000a9400000| Untracked 
| 149|0x00000000a9500000, 0x00000000a9500000, 0x00000000a9600000|  0%| F|  |TAMS 0x00000000a9500000, 0x00000000a9500000| Untracked 
| 150|0x00000000a9600000, 0x00000000a9600000, 0x00000000a9700000|  0%| F|  |TAMS 0x00000000a9600000, 0x00000000a9600000| Untracked 
| 151|0x00000000a9700000, 0x00000000a9700000, 0x00000000a9800000|  0%| F|  |TAMS 0x00000000a9700000, 0x00000000a9700000| Untracked 
| 152|0x00000000a9800000, 0x00000000a9800000, 0x00000000a9900000|  0%| F|  |TAMS 0x00000000a9800000, 0x00000000a9800000| Untracked 
| 153|0x00000000a9900000, 0x00000000a9900000, 0x00000000a9a00000|  0%| F|  |TAMS 0x00000000a9900000, 0x00000000a9900000| Untracked 
| 154|0x00000000a9a00000, 0x00000000a9a00000, 0x00000000a9b00000|  0%| F|  |TAMS 0x00000000a9a00000, 0x00000000a9a00000| Untracked 
| 155|0x00000000a9b00000, 0x00000000a9b00000, 0x00000000a9c00000|  0%| F|  |TAMS 0x00000000a9b00000, 0x00000000a9b00000| Untracked 
| 156|0x00000000a9c00000, 0x00000000a9c00000, 0x00000000a9d00000|  0%| F|  |TAMS 0x00000000a9c00000, 0x00000000a9c00000| Untracked 
| 157|0x00000000a9d00000, 0x00000000a9d00000, 0x00000000a9e00000|  0%| F|  |TAMS 0x00000000a9d00000, 0x00000000a9d00000| Untracked 
| 158|0x00000000a9e00000, 0x00000000a9e00000, 0x00000000a9f00000|  0%| F|  |TAMS 0x00000000a9e00000, 0x00000000a9e00000| Untracked 
| 159|0x00000000a9f00000, 0x00000000a9f00000, 0x00000000aa000000|  0%| F|  |TAMS 0x00000000a9f00000, 0x00000000a9f00000| Untracked 
| 160|0x00000000aa000000, 0x00000000aa000000, 0x00000000aa100000|  0%| F|  |TAMS 0x00000000aa000000, 0x00000000aa000000| Untracked 
| 161|0x00000000aa100000, 0x00000000aa100000, 0x00000000aa200000|  0%| F|  |TAMS 0x00000000aa100000, 0x00000000aa100000| Untracked 
| 162|0x00000000aa200000, 0x00000000aa200000, 0x00000000aa300000|  0%| F|  |TAMS 0x00000000aa200000, 0x00000000aa200000| Untracked 
| 163|0x00000000aa300000, 0x00000000aa300000, 0x00000000aa400000|  0%| F|  |TAMS 0x00000000aa300000, 0x00000000aa300000| Untracked 
| 164|0x00000000aa400000, 0x00000000aa400000, 0x00000000aa500000|  0%| F|  |TAMS 0x00000000aa400000, 0x00000000aa400000| Untracked 
| 165|0x00000000aa500000, 0x00000000aa500000, 0x00000000aa600000|  0%| F|  |TAMS 0x00000000aa500000, 0x00000000aa500000| Untracked 
| 166|0x00000000aa600000, 0x00000000aa600000, 0x00000000aa700000|  0%| F|  |TAMS 0x00000000aa600000, 0x00000000aa600000| Untracked 
| 167|0x00000000aa700000, 0x00000000aa700000, 0x00000000aa800000|  0%| F|  |TAMS 0x00000000aa700000, 0x00000000aa700000| Untracked 
| 168|0x00000000aa800000, 0x00000000aa800000, 0x00000000aa900000|  0%| F|  |TAMS 0x00000000aa800000, 0x00000000aa800000| Untracked 
| 169|0x00000000aa900000, 0x00000000aa900000, 0x00000000aaa00000|  0%| F|  |TAMS 0x00000000aa900000, 0x00000000aa900000| Untracked 
| 170|0x00000000aaa00000, 0x00000000aaa00000, 0x00000000aab00000|  0%| F|  |TAMS 0x00000000aaa00000, 0x00000000aaa00000| Untracked 
| 171|0x00000000aab00000, 0x00000000aab00000, 0x00000000aac00000|  0%| F|  |TAMS 0x00000000aab00000, 0x00000000aab00000| Untracked 
| 172|0x00000000aac00000, 0x00000000aac00000, 0x00000000aad00000|  0%| F|  |TAMS 0x00000000aac00000, 0x00000000aac00000| Untracked 
| 173|0x00000000aad00000, 0x00000000aad00000, 0x00000000aae00000|  0%| F|  |TAMS 0x00000000aad00000, 0x00000000aad00000| Untracked 
| 174|0x00000000aae00000, 0x00000000aae00000, 0x00000000aaf00000|  0%| F|  |TAMS 0x00000000aae00000, 0x00000000aae00000| Untracked 
| 175|0x00000000aaf00000, 0x00000000aaf00000, 0x00000000ab000000|  0%| F|  |TAMS 0x00000000aaf00000, 0x00000000aaf00000| Untracked 
| 176|0x00000000ab000000, 0x00000000ab000000, 0x00000000ab100000|  0%| F|  |TAMS 0x00000000ab000000, 0x00000000ab000000| Untracked 
| 177|0x00000000ab100000, 0x00000000ab100000, 0x00000000ab200000|  0%| F|  |TAMS 0x00000000ab100000, 0x00000000ab100000| Untracked 
| 178|0x00000000ab200000, 0x00000000ab200000, 0x00000000ab300000|  0%| F|  |TAMS 0x00000000ab200000, 0x00000000ab200000| Untracked 
| 179|0x00000000ab300000, 0x00000000ab300000, 0x00000000ab400000|  0%| F|  |TAMS 0x00000000ab300000, 0x00000000ab300000| Untracked 
| 180|0x00000000ab400000, 0x00000000ab400000, 0x00000000ab500000|  0%| F|  |TAMS 0x00000000ab400000, 0x00000000ab400000| Untracked 
| 181|0x00000000ab500000, 0x00000000ab500000, 0x00000000ab600000|  0%| F|  |TAMS 0x00000000ab500000, 0x00000000ab500000| Untracked 
| 182|0x00000000ab600000, 0x00000000ab600000, 0x00000000ab700000|  0%| F|  |TAMS 0x00000000ab600000, 0x00000000ab600000| Untracked 
| 183|0x00000000ab700000, 0x00000000ab700000, 0x00000000ab800000|  0%| F|  |TAMS 0x00000000ab700000, 0x00000000ab700000| Untracked 
| 184|0x00000000ab800000, 0x00000000ab800000, 0x00000000ab900000|  0%| F|  |TAMS 0x00000000ab800000, 0x00000000ab800000| Untracked 
| 185|0x00000000ab900000, 0x00000000ab900000, 0x00000000aba00000|  0%| F|  |TAMS 0x00000000ab900000, 0x00000000ab900000| Untracked 
| 186|0x00000000aba00000, 0x00000000aba00000, 0x00000000abb00000|  0%| F|  |TAMS 0x00000000aba00000, 0x00000000aba00000| Untracked 
| 187|0x00000000abb00000, 0x00000000abb00000, 0x00000000abc00000|  0%| F|  |TAMS 0x00000000abb00000, 0x00000000abb00000| Untracked 
| 188|0x00000000abc00000, 0x00000000abc00000, 0x00000000abd00000|  0%| F|  |TAMS 0x00000000abc00000, 0x00000000abc00000| Untracked 
| 189|0x00000000abd00000, 0x00000000abd00000, 0x00000000abe00000|  0%| F|  |TAMS 0x00000000abd00000, 0x00000000abd00000| Untracked 
| 190|0x00000000abe00000, 0x00000000abe00000, 0x00000000abf00000|  0%| F|  |TAMS 0x00000000abe00000, 0x00000000abe00000| Untracked 
| 191|0x00000000abf00000, 0x00000000abf00000, 0x00000000ac000000|  0%| F|  |TAMS 0x00000000abf00000, 0x00000000abf00000| Untracked 
| 192|0x00000000ac000000, 0x00000000ac000000, 0x00000000ac100000|  0%| F|  |TAMS 0x00000000ac000000, 0x00000000ac000000| Untracked 
| 193|0x00000000ac100000, 0x00000000ac100000, 0x00000000ac200000|  0%| F|  |TAMS 0x00000000ac100000, 0x00000000ac100000| Untracked 
| 194|0x00000000ac200000, 0x00000000ac200000, 0x00000000ac300000|  0%| F|  |TAMS 0x00000000ac200000, 0x00000000ac200000| Untracked 
| 195|0x00000000ac300000, 0x00000000ac300000, 0x00000000ac400000|  0%| F|  |TAMS 0x00000000ac300000, 0x00000000ac300000| Untracked 
| 196|0x00000000ac400000, 0x00000000ac400000, 0x00000000ac500000|  0%| F|  |TAMS 0x00000000ac400000, 0x00000000ac400000| Untracked 
| 197|0x00000000ac500000, 0x00000000ac500000, 0x00000000ac600000|  0%| F|  |TAMS 0x00000000ac500000, 0x00000000ac500000| Untracked 
| 198|0x00000000ac600000, 0x00000000ac600000, 0x00000000ac700000|  0%| F|  |TAMS 0x00000000ac600000, 0x00000000ac600000| Untracked 
| 199|0x00000000ac700000, 0x00000000ac700000, 0x00000000ac800000|  0%| F|  |TAMS 0x00000000ac700000, 0x00000000ac700000| Untracked 
| 200|0x00000000ac800000, 0x00000000ac800000, 0x00000000ac900000|  0%| F|  |TAMS 0x00000000ac800000, 0x00000000ac800000| Untracked 
| 201|0x00000000ac900000, 0x00000000ac900000, 0x00000000aca00000|  0%| F|  |TAMS 0x00000000ac900000, 0x00000000ac900000| Untracked 
| 202|0x00000000aca00000, 0x00000000aca00000, 0x00000000acb00000|  0%| F|  |TAMS 0x00000000aca00000, 0x00000000aca00000| Untracked 
| 203|0x00000000acb00000, 0x00000000acb00000, 0x00000000acc00000|  0%| F|  |TAMS 0x00000000acb00000, 0x00000000acb00000| Untracked 
| 204|0x00000000acc00000, 0x00000000acd00000, 0x00000000acd00000|100%| E|  |TAMS 0x00000000acc00000, 0x00000000acc00000| Complete 
| 205|0x00000000acd00000, 0x00000000ace00000, 0x00000000ace00000|100%| E|CS|TAMS 0x00000000acd00000, 0x00000000acd00000| Complete 
| 206|0x00000000ace00000, 0x00000000acf00000, 0x00000000acf00000|100%| E|CS|TAMS 0x00000000ace00000, 0x00000000ace00000| Complete 
| 207|0x00000000acf00000, 0x00000000ad000000, 0x00000000ad000000|100%| E|CS|TAMS 0x00000000acf00000, 0x00000000acf00000| Complete 
| 208|0x00000000ad000000, 0x00000000ad100000, 0x00000000ad100000|100%| E|CS|TAMS 0x00000000ad000000, 0x00000000ad000000| Complete 
| 209|0x00000000ad100000, 0x00000000ad200000, 0x00000000ad200000|100%| E|CS|TAMS 0x00000000ad100000, 0x00000000ad100000| Complete 
| 210|0x00000000ad200000, 0x00000000ad300000, 0x00000000ad300000|100%| E|CS|TAMS 0x00000000ad200000, 0x00000000ad200000| Complete 
| 211|0x00000000ad300000, 0x00000000ad400000, 0x00000000ad400000|100%| E|CS|TAMS 0x00000000ad300000, 0x00000000ad300000| Complete 
| 212|0x00000000ad400000, 0x00000000ad500000, 0x00000000ad500000|100%| E|CS|TAMS 0x00000000ad400000, 0x00000000ad400000| Complete 
| 213|0x00000000ad500000, 0x00000000ad600000, 0x00000000ad600000|100%| E|CS|TAMS 0x00000000ad500000, 0x00000000ad500000| Complete 
| 214|0x00000000ad600000, 0x00000000ad700000, 0x00000000ad700000|100%| E|CS|TAMS 0x00000000ad600000, 0x00000000ad600000| Complete 
| 215|0x00000000ad700000, 0x00000000ad800000, 0x00000000ad800000|100%| E|CS|TAMS 0x00000000ad700000, 0x00000000ad700000| Complete 
| 216|0x00000000ad800000, 0x00000000ad900000, 0x00000000ad900000|100%| E|CS|TAMS 0x00000000ad800000, 0x00000000ad800000| Complete 
| 217|0x00000000ad900000, 0x00000000ada00000, 0x00000000ada00000|100%| E|CS|TAMS 0x00000000ad900000, 0x00000000ad900000| Complete 
| 218|0x00000000ada00000, 0x00000000adb00000, 0x00000000adb00000|100%| E|CS|TAMS 0x00000000ada00000, 0x00000000ada00000| Complete 
| 219|0x00000000adb00000, 0x00000000adc00000, 0x00000000adc00000|100%| E|CS|TAMS 0x00000000adb00000, 0x00000000adb00000| Complete 
| 220|0x00000000adc00000, 0x00000000add00000, 0x00000000add00000|100%| E|CS|TAMS 0x00000000adc00000, 0x00000000adc00000| Complete 
| 221|0x00000000add00000, 0x00000000ade00000, 0x00000000ade00000|100%| E|CS|TAMS 0x00000000add00000, 0x00000000add00000| Complete 
| 222|0x00000000ade00000, 0x00000000adf00000, 0x00000000adf00000|100%| E|CS|TAMS 0x00000000ade00000, 0x00000000ade00000| Complete 
| 223|0x00000000adf00000, 0x00000000ae000000, 0x00000000ae000000|100%| E|CS|TAMS 0x00000000adf00000, 0x00000000adf00000| Complete 
| 224|0x00000000ae000000, 0x00000000ae100000, 0x00000000ae100000|100%| E|CS|TAMS 0x00000000ae000000, 0x00000000ae000000| Complete 
| 225|0x00000000ae100000, 0x00000000ae200000, 0x00000000ae200000|100%| E|CS|TAMS 0x00000000ae100000, 0x00000000ae100000| Complete 
| 226|0x00000000ae200000, 0x00000000ae300000, 0x00000000ae300000|100%| E|CS|TAMS 0x00000000ae200000, 0x00000000ae200000| Complete 
| 227|0x00000000ae300000, 0x00000000ae400000, 0x00000000ae400000|100%| E|CS|TAMS 0x00000000ae300000, 0x00000000ae300000| Complete 
| 228|0x00000000ae400000, 0x00000000ae500000, 0x00000000ae500000|100%| E|CS|TAMS 0x00000000ae400000, 0x00000000ae400000| Complete 
| 229|0x00000000ae500000, 0x00000000ae600000, 0x00000000ae600000|100%| E|CS|TAMS 0x00000000ae500000, 0x00000000ae500000| Complete 
| 230|0x00000000ae600000, 0x00000000ae700000, 0x00000000ae700000|100%| E|CS|TAMS 0x00000000ae600000, 0x00000000ae600000| Complete 
| 231|0x00000000ae700000, 0x00000000ae800000, 0x00000000ae800000|100%| E|CS|TAMS 0x00000000ae700000, 0x00000000ae700000| Complete 
| 232|0x00000000ae800000, 0x00000000ae900000, 0x00000000ae900000|100%| E|CS|TAMS 0x00000000ae800000, 0x00000000ae800000| Complete 
| 233|0x00000000ae900000, 0x00000000aea00000, 0x00000000aea00000|100%| E|CS|TAMS 0x00000000ae900000, 0x00000000ae900000| Complete 
| 234|0x00000000aea00000, 0x00000000aeb00000, 0x00000000aeb00000|100%| E|CS|TAMS 0x00000000aea00000, 0x00000000aea00000| Complete 
| 235|0x00000000aeb00000, 0x00000000aec00000, 0x00000000aec00000|100%| E|CS|TAMS 0x00000000aeb00000, 0x00000000aeb00000| Complete 
| 236|0x00000000aec00000, 0x00000000aed00000, 0x00000000aed00000|100%| E|CS|TAMS 0x00000000aec00000, 0x00000000aec00000| Complete 
| 237|0x00000000aed00000, 0x00000000aee00000, 0x00000000aee00000|100%| E|CS|TAMS 0x00000000aed00000, 0x00000000aed00000| Complete 
| 238|0x00000000aee00000, 0x00000000aef00000, 0x00000000aef00000|100%| E|CS|TAMS 0x00000000aee00000, 0x00000000aee00000| Complete 
| 239|0x00000000aef00000, 0x00000000af000000, 0x00000000af000000|100%| E|CS|TAMS 0x00000000aef00000, 0x00000000aef00000| Complete 
| 240|0x00000000af000000, 0x00000000af100000, 0x00000000af100000|100%| E|CS|TAMS 0x00000000af000000, 0x00000000af000000| Complete 
| 241|0x00000000af100000, 0x00000000af200000, 0x00000000af200000|100%| E|CS|TAMS 0x00000000af100000, 0x00000000af100000| Complete 
| 242|0x00000000af200000, 0x00000000af300000, 0x00000000af300000|100%| E|CS|TAMS 0x00000000af200000, 0x00000000af200000| Complete 
| 243|0x00000000af300000, 0x00000000af400000, 0x00000000af400000|100%| E|CS|TAMS 0x00000000af300000, 0x00000000af300000| Complete 
| 244|0x00000000af400000, 0x00000000af4e1a80, 0x00000000af500000| 88%| S|CS|TAMS 0x00000000af400000, 0x00000000af400000| Complete 
| 245|0x00000000af500000, 0x00000000af600000, 0x00000000af600000|100%| E|CS|TAMS 0x00000000af500000, 0x00000000af500000| Complete 
| 246|0x00000000af600000, 0x00000000af700000, 0x00000000af700000|100%| E|CS|TAMS 0x00000000af600000, 0x00000000af600000| Complete 
| 247|0x00000000af700000, 0x00000000af800000, 0x00000000af800000|100%| E|CS|TAMS 0x00000000af700000, 0x00000000af700000| Complete 
| 248|0x00000000af800000, 0x00000000af900000, 0x00000000af900000|100%| E|CS|TAMS 0x00000000af800000, 0x00000000af800000| Complete 
| 249|0x00000000af900000, 0x00000000afa00000, 0x00000000afa00000|100%| E|CS|TAMS 0x00000000af900000, 0x00000000af900000| Complete 
| 250|0x00000000afa00000, 0x00000000afb00000, 0x00000000afb00000|100%| E|CS|TAMS 0x00000000afa00000, 0x00000000afa00000| Complete 
| 251|0x00000000afb00000, 0x00000000afc00000, 0x00000000afc00000|100%| E|CS|TAMS 0x00000000afb00000, 0x00000000afb00000| Complete 
| 252|0x00000000afc00000, 0x00000000afd00000, 0x00000000afd00000|100%| E|CS|TAMS 0x00000000afc00000, 0x00000000afc00000| Complete 
| 253|0x00000000afd00000, 0x00000000afe00000, 0x00000000afe00000|100%| E|CS|TAMS 0x00000000afd00000, 0x00000000afd00000| Complete 
| 254|0x00000000afe00000, 0x00000000aff00000, 0x00000000aff00000|100%| E|CS|TAMS 0x00000000afe00000, 0x00000000afe00000| Complete 
| 255|0x00000000aff00000, 0x00000000b0000000, 0x00000000b0000000|100%| E|CS|TAMS 0x00000000aff00000, 0x00000000aff00000| Complete 

Card table byte_map: [0x000001dafd480000,0x000001dafd780000] _byte_map_base: 0x000001dafcf80000

Marking Bits (Prev, Next): (CMBitMap*) 0x000001dafcda81b0, (CMBitMap*) 0x000001dafcda8178
 Prev Bits: [0x000001da92a30000, 0x000001da94230000)
 Next Bits: [0x000001dafda80000, 0x000001daff280000)

Polling page: 0x000001dafad60000

Metaspace:

Usage:
  Non-class:     23.27 MB capacity,    22.87 MB ( 98%) used,   355.10 KB (  1%) free+waste,    52.06 KB ( <1%) overhead. 
      Class:      3.65 MB capacity,     3.43 MB ( 94%) used,   200.76 KB (  5%) free+waste,    26.31 KB ( <1%) overhead. 
       Both:     26.92 MB capacity,    26.31 MB ( 98%) used,   555.86 KB (  2%) free+waste,    78.38 KB ( <1%) overhead. 

Virtual space:
  Non-class space:       24.00 MB reserved,      23.50 MB ( 98%) committed 
      Class space:        1.00 GB reserved,       3.75 MB ( <1%) committed 
             Both:        1.02 GB reserved,      27.25 MB (  3%) committed 

Chunk freelists:
   Non-Class:  41.00 KB
       Class:  4.00 KB
        Both:  45.00 KB

MaxMetaspaceSize: 17179869184.00 GB
CompressedClassSpaceSize: 1.00 GB
Initial GC threshold: 20.80 MB
Current GC threshold: 35.20 MB
CDS: off

CodeHeap 'non-profiled nmethods': size=120000Kb used=1245Kb max_used=1245Kb free=118754Kb
 bounds [0x000001da8b500000, 0x000001da8b770000, 0x000001da92a30000]
CodeHeap 'profiled nmethods': size=120000Kb used=4771Kb max_used=4771Kb free=115228Kb
 bounds [0x000001da83fd0000, 0x000001da84480000, 0x000001da8b500000]
CodeHeap 'non-nmethods': size=5760Kb used=1230Kb max_used=1268Kb free=4529Kb
 bounds [0x000001da83a30000, 0x000001da83ca0000, 0x000001da83fd0000]
 total_blobs=2743 nmethods=2243 adapters=412
 compilation: enabled
              stopped_count=0, restarted_count=0
 full_count=0

Compilation events (20 events):
Event: 5.125 Thread 0x000001da96ad7800 2233       1       com.google.common.collect.ImmutableEntry::getValue (5 bytes)
Event: 5.125 Thread 0x000001da96ad7800 nmethod 2233 0x000001da8b635d10 code [0x000001da8b635ec0, 0x000001da8b635f78]
Event: 5.129 Thread 0x000001da96ad5000 2234       4       java.util.jar.Attributes::getValue (9 bytes)
Event: 5.135 Thread 0x000001da96ad5000 nmethod 2234 0x000001da8b636010 code [0x000001da8b6361e0, 0x000001da8b636458]
Event: 5.135 Thread 0x000001da96ad5000 2235       4       java.util.regex.Matcher::groupCount (10 bytes)
Event: 5.136 Thread 0x000001da96ad5000 nmethod 2235 0x000001da8b636710 code [0x000001da8b6368a0, 0x000001da8b636918]
Event: 5.137 Thread 0x000001da96ad5000 2236       4       java.util.HashMap$KeyIterator::next (8 bytes)
Event: 5.147 Thread 0x000001da96ad5000 nmethod 2236 0x000001da8b636a10 code [0x000001da8b636ba0, 0x000001da8b636f98]
Event: 5.175 Thread 0x000001da96ad7800 2237       3       jdk.internal.reflect.NativeMethodAccessorImpl::invoke (104 bytes)
Event: 5.178 Thread 0x000001da96ad7800 nmethod 2237 0x000001da8445f490 code [0x000001da8445f740, 0x000001da84460618]
Event: 5.184 Thread 0x000001da96ad7800 2239   !   3       org.gradle.internal.service.DefaultServiceRegistry$FactoryService::bind (283 bytes)
Event: 5.188 Thread 0x000001da96ad7800 nmethod 2239 0x000001da84460b10 code [0x000001da84461220, 0x000001da84465888]
Event: 5.201 Thread 0x000001da96ad7800 2240       3       java.util.Arrays::sort (24 bytes)
Event: 5.201 Thread 0x000001da96ad7800 nmethod 2240 0x000001da84466f90 code [0x000001da84467140, 0x000001da84467288]
Event: 5.205 Thread 0x000001da96ad7800 2241       3       java.util.TreeMap$Entry::<init> (25 bytes)
Event: 5.205 Thread 0x000001da96ad7800 nmethod 2241 0x000001da84467390 code [0x000001da84467540, 0x000001da844677b8]
Event: 5.209 Thread 0x000001da96ad7800 2242       3       org.gradle.internal.service.DefaultServiceRegistry$FactoryMethodService::getParameterTypes (10 bytes)
Event: 5.209 Thread 0x000001da96ad7800 nmethod 2242 0x000001da84467890 code [0x000001da84467a40, 0x000001da84467c18]
Event: 5.209 Thread 0x000001da96ad7800 2243       3       java.lang.ClassLoader::getBuiltinPlatformClassLoader (4 bytes)
Event: 5.209 Thread 0x000001da96ad7800 nmethod 2243 0x000001da84467d10 code [0x000001da84467ec0, 0x000001da84467ff8]

GC Heap History (6 events):
Event: 1.035 GC heap before
{Heap before GC invocations=0 (full 0):
 garbage-first heap   total 262144K, used 29696K [0x00000000a0000000, 0x0000000100000000)
  region size 1024K, 24 young (24576K), 0 survivors (0K)
 Metaspace       used 10183K, capacity 10423K, committed 10624K, reserved 1058816K
  class space    used 1065K, capacity 1138K, committed 1152K, reserved 1048576K
}
Event: 1.041 GC heap after
{Heap after GC invocations=1 (full 0):
 garbage-first heap   total 262144K, used 9216K [0x00000000a0000000, 0x0000000100000000)
  region size 1024K, 3 young (3072K), 3 survivors (3072K)
 Metaspace       used 10183K, capacity 10423K, committed 10624K, reserved 1058816K
  class space    used 1065K, capacity 1138K, committed 1152K, reserved 1048576K
}
Event: 3.944 GC heap before
{Heap before GC invocations=1 (full 0):
 garbage-first heap   total 262144K, used 106496K [0x00000000a0000000, 0x0000000100000000)
  region size 1024K, 99 young (101376K), 3 survivors (3072K)
 Metaspace       used 20639K, capacity 21165K, committed 21296K, reserved 1069056K
  class space    used 2518K, capacity 2662K, committed 2688K, reserved 1048576K
}
Event: 3.958 GC heap after
{Heap after GC invocations=2 (full 0):
 garbage-first heap   total 262144K, used 17148K [0x00000000a0000000, 0x0000000100000000)
  region size 1024K, 11 young (11264K), 11 survivors (11264K)
 Metaspace       used 20639K, capacity 21165K, committed 21296K, reserved 1069056K
  class space    used 2518K, capacity 2662K, committed 2688K, reserved 1048576K
}
Event: 4.163 GC heap before
{Heap before GC invocations=3 (full 0):
 garbage-first heap   total 262144K, used 28412K [0x00000000a0000000, 0x0000000100000000)
  region size 1024K, 22 young (22528K), 11 survivors (11264K)
 Metaspace       used 21967K, capacity 22524K, committed 22908K, reserved 1069056K
  class space    used 2755K, capacity 2968K, committed 3072K, reserved 1048576K
}
Event: 4.171 GC heap after
{Heap after GC invocations=4 (full 0):
 garbage-first heap   total 262144K, used 17387K [0x00000000a0000000, 0x0000000100000000)
  region size 1024K, 1 young (1024K), 1 survivors (1024K)
 Metaspace       used 21967K, capacity 22524K, committed 22908K, reserved 1069056K
  class space    used 2755K, capacity 2968K, committed 3072K, reserved 1048576K
}

Deoptimization events (20 events):
Event: 3.907 Thread 0x000001da9983a800 Uncommon trap: trap_request=0xffffff4d fr.pc=0x000001da8b582390 relative=0x0000000000000450
Event: 3.907 Thread 0x000001da9983a800 Uncommon trap: reason=unstable_if action=reinterpret pc=0x000001da8b582390 method=java.lang.String.substring(I)Ljava/lang/String; @ 34 c2
Event: 3.907 Thread 0x000001da9983a800 DEOPT PACKING pc=0x000001da8b582390 sp=0x00000093675fb010
Event: 3.907 Thread 0x000001da9983a800 DEOPT UNPACKING pc=0x000001da83a7a1af sp=0x00000093675fafe8 mode 2
Event: 4.066 Thread 0x000001da9983a800 Uncommon trap: trap_request=0xffffff4d fr.pc=0x000001da8b5ee430 relative=0x00000000000003b0
Event: 4.066 Thread 0x000001da9983a800 Uncommon trap: reason=unstable_if action=reinterpret pc=0x000001da8b5ee430 method=jdk.internal.org.objectweb.asm.Type.getArgumentsAndReturnSizes(Ljava/lang/String;)I @ 88 c2
Event: 4.066 Thread 0x000001da9983a800 DEOPT PACKING pc=0x000001da8b5ee430 sp=0x00000093675f9600
Event: 4.066 Thread 0x000001da9983a800 DEOPT UNPACKING pc=0x000001da83a7a1af sp=0x00000093675f9588 mode 2
Event: 4.357 Thread 0x000001da9983a800 Uncommon trap: trap_request=0xffffff4d fr.pc=0x000001da8b5ec2fc relative=0x000000000000023c
Event: 4.357 Thread 0x000001da9983a800 Uncommon trap: reason=unstable_if action=reinterpret pc=0x000001da8b5ec2fc method=java.util.concurrent.ConcurrentHashMap.get(Ljava/lang/Object;)Ljava/lang/Object; @ 76 c2
Event: 4.357 Thread 0x000001da9983a800 DEOPT PACKING pc=0x000001da8b5ec2fc sp=0x00000093675f87c0
Event: 4.357 Thread 0x000001da9983a800 DEOPT UNPACKING pc=0x000001da83a7a1af sp=0x00000093675f8728 mode 2
Event: 4.787 Thread 0x000001da9983a800 Uncommon trap: trap_request=0xffffffcc fr.pc=0x000001da8b61df78 relative=0x00000000000002b8
Event: 4.787 Thread 0x000001da9983a800 Uncommon trap: reason=intrinsic_or_type_checked_inlining action=make_not_entrant pc=0x000001da8b61df78 method=java.util.Arrays.copyOf([Ljava/lang/Object;ILjava/lang/Class;)[Ljava/lang/Object; @ 35 c2
Event: 4.787 Thread 0x000001da9983a800 DEOPT PACKING pc=0x000001da8b61df78 sp=0x00000093675f8d30
Event: 4.787 Thread 0x000001da9983a800 DEOPT UNPACKING pc=0x000001da83a7a1af sp=0x00000093675f8cc0 mode 2
Event: 4.954 Thread 0x000001da9983a800 Uncommon trap: trap_request=0xffffff7e fr.pc=0x000001da8b620410 relative=0x0000000000000150
Event: 4.954 Thread 0x000001da9983a800 Uncommon trap: reason=predicate action=maybe_recompile pc=0x000001da8b620410 method=com.google.common.base.CharMatcher.indexIn(Ljava/lang/CharSequence;I)I @ 19 c2
Event: 4.954 Thread 0x000001da9983a800 DEOPT PACKING pc=0x000001da8b620410 sp=0x00000093675fb480
Event: 4.954 Thread 0x000001da9983a800 DEOPT UNPACKING pc=0x000001da83a7a1af sp=0x00000093675fb410 mode 2

Classes redefined (0 events):
No events

Internal exceptions (20 events):
Event: 3.827 Thread 0x000001da9983a800 Exception <a 'java/lang/NoSuchMethodError'{0x00000000aa204620}: 'java.lang.Object java.lang.invoke.DirectMethodHandle$Holder.invokeStatic(java.lang.Object, java.lang.Object, java.lang.Object, int)'> (0x00000000aa204620) thrown at [./src/hotspot/share/interpreter/linkResolver.cpp, line 773]
Event: 3.828 Thread 0x000001da9983a800 Exception <a 'java/lang/NoSuchMethodError'{0x00000000aa208d38}: 'java.lang.Object java.lang.invoke.DirectMethodHandle$Holder.invokeSpecial(java.lang.Object, java.lang.Object, java.lang.Object, java.lang.Object, int)'> (0x00000000aa208d38) thrown at [./src/hotspot/share/interpreter/linkResolver.cpp, line 773]
Event: 3.828 Thread 0x000001da9983a800 Exception <a 'java/lang/NoSuchMethodError'{0x00000000aa20cc70}: 'java.lang.Object java.lang.invoke.Invokers$Holder.linkToTargetMethod(java.lang.Object, java.lang.Object, int, java.lang.Object)'> (0x00000000aa20cc70) thrown at [./src/hotspot/share/interpreter/linkResolver.cpp, line 773]
Event: 3.983 Thread 0x000001da9983a800 Exception <a 'java/lang/NoSuchMethodError'{0x00000000affc3610}: 'int java.lang.invoke.DirectMethodHandle$Holder.invokeSpecialIFC(java.lang.Object, java.lang.Object, java.lang.Object, java.lang.Object)'> (0x00000000affc3610) thrown at [./src/hotspot/share/interpreter/linkResolver.cpp, line 773]
Event: 3.986 Thread 0x000001da9983a800 Exception <a 'java/lang/NoSuchMethodError'{0x00000000affd15c8}: 'java.lang.Object java.lang.invoke.DirectMethodHandle$Holder.invokeInterface(java.lang.Object, java.lang.Object, java.lang.Object)'> (0x00000000affd15c8) thrown at [./src/hotspot/share/interpreter/linkResolver.cpp, line 773]
Event: 3.986 Thread 0x000001da9983a800 Exception <a 'java/lang/IncompatibleClassChangeError'{0x00000000affd4aa0}: Found class java.lang.Object, but interface was expected> (0x00000000affd4aa0) thrown at [./src/hotspot/share/interpreter/linkResolver.cpp, line 839]
Event: 4.126 Thread 0x000001da9983a800 Exception <a 'java/lang/NoSuchMethodError'{0x00000000af7b5418}: 'void java.lang.invoke.DirectMethodHandle$Holder.invokeSpecial(java.lang.Object, java.lang.Object, java.lang.Object, java.lang.Object, java.lang.Object)'> (0x00000000af7b5418) thrown at [./src/hotspot/share/interpreter/linkResolver.cpp, line 773]
Event: 4.172 Thread 0x000001da9983a800 Exception <a 'java/lang/NoSuchMethodError'{0x00000000aff03f98}: 'java.lang.Object java.lang.invoke.DirectMethodHandle$Holder.invokeSpecial(java.lang.Object, java.lang.Object, java.lang.Object, java.lang.Object, java.lang.Object, java.lang.Object, java.lang.Object, java.lang.Object, java.lang.Object)'> (0x00000000aff03f98) thrown at [./src/hotspot/share/interpreter/linkResolver.cpp, line 773]
Event: 4.273 Thread 0x000001da9983a800 Exception <a 'java/lang/NoSuchMethodError'{0x00000000af5b85e8}: 'java.lang.Object java.lang.invoke.DirectMethodHandle$Holder.invokeVirtual(java.lang.Object, java.lang.Object, java.lang.Object, java.lang.Object)'> (0x00000000af5b85e8) thrown at [./src/hotspot/share/interpreter/linkResolver.cpp, line 773]
Event: 4.413 Thread 0x000001da9983a800 Exception <a 'java/lang/NoSuchMethodError'{0x00000000aeee1f38}: 'void java.lang.invoke.DirectMethodHandle$Holder.invokeSpecial(java.lang.Object, java.lang.Object, java.lang.Object, java.lang.Object, java.lang.Object, java.lang.Object)'> (0x00000000aeee1f38) thrown at [./src/hotspot/share/interpreter/linkResolver.cpp, line 773]
Event: 4.431 Thread 0x000001da9983a800 Exception <a 'java/lang/NoSuchMethodError'{0x00000000aed51300}: 'void java.lang.invoke.DirectMethodHandle$Holder.invokeSpecial(java.lang.Object, java.lang.Object, java.lang.Object, java.lang.Object, java.lang.Object, java.lang.Object, java.lang.Object)'> (0x00000000aed51300) thrown at [./src/hotspot/share/interpreter/linkResolver.cpp, line 773]
Event: 4.432 Thread 0x000001da9983a800 Exception <a 'java/lang/NoSuchMethodError'{0x00000000aed597f0}: 'java.lang.Object java.lang.invoke.Invokers$Holder.linkToTargetMethod(java.lang.Object, java.lang.Object, java.lang.Object, java.lang.Object, java.lang.Object, java.lang.Object)'> (0x00000000aed597f0) thrown at [./src/hotspot/share/interpreter/linkResolver.cpp, line 773]
Event: 4.487 Thread 0x000001da9983a800 Exception <a 'java/lang/NoSuchMethodError'{0x00000000aeb22f20}: 'java.lang.Object java.lang.invoke.DirectMethodHandle$Holder.invokeVirtual(java.lang.Object, java.lang.Object, java.lang.Object, java.lang.Object, java.lang.Object, java.lang.Object, java.lang.Object, java.lang.Object, java.lang.Object, java.lang.Object, java.lang.Object, java.lang.Object, java.lang.Object, java.lang.Object, java.lang.Object, java.lang.Object, java.lang.Object, java.lang.Object, java.lang.Object, java.lang.Object, java.lang.Ob
Event: 4.631 Thread 0x000001da9983a800 Exception <a 'java/lang/NoSuchMethodError'{0x00000000ae346f38}: 'int java.lang.invoke.DirectMethodHandle$Holder.invokeStaticInit(java.lang.Object, java.lang.Object, java.lang.Object)'> (0x00000000ae346f38) thrown at [./src/hotspot/share/interpreter/linkResolver.cpp, line 773]
Event: 4.849 Thread 0x000001da9983a800 Exception <a 'java/lang/NoSuchMethodError'{0x00000000ade24a38}: 'void java.lang.invoke.DirectMethodHandle$Holder.invokeStaticInit(java.lang.Object, java.lang.Object)'> (0x00000000ade24a38) thrown at [./src/hotspot/share/interpreter/linkResolver.cpp, line 773]
Event: 5.032 Thread 0x000001da9983a800 Exception <a 'java/lang/NoSuchMethodError'{0x00000000ad9e4708}: 'void java.lang.invoke.DirectMethodHandle$Holder.invokeStatic(java.lang.Object, java.lang.Object, java.lang.Object, java.lang.Object)'> (0x00000000ad9e4708) thrown at [./src/hotspot/share/interpreter/linkResolver.cpp, line 773]
Event: 5.035 Thread 0x000001da9983a800 Exception <a 'java/lang/NoSuchMethodError'{0x00000000ad804300}: 'int java.lang.invoke.DirectMethodHandle$Holder.invokeVirtual(java.lang.Object, java.lang.Object)'> (0x00000000ad804300) thrown at [./src/hotspot/share/interpreter/linkResolver.cpp, line 773]
Event: 5.039 Thread 0x000001da9983a800 Exception <a 'java/lang/NoSuchMethodError'{0x00000000ad81ce38}: 'java.lang.Object java.lang.invoke.DirectMethodHandle$Holder.invokeVirtual(java.lang.Object, java.lang.Object, java.lang.Object)'> (0x00000000ad81ce38) thrown at [./src/hotspot/share/interpreter/linkResolver.cpp, line 773]
Event: 5.053 Thread 0x000001da9983a800 Exception <a 'java/lang/NoSuchMethodError'{0x00000000ad849240}: 'int java.lang.invoke.DirectMethodHandle$Holder.invokeVirtual(java.lang.Object, java.lang.Object, java.lang.Object)'> (0x00000000ad849240) thrown at [./src/hotspot/share/interpreter/linkResolver.cpp, line 773]
Event: 5.095 Thread 0x000001da9983a800 Exception <a 'java/lang/NoSuchMethodError'{0x00000000ad7e09d0}: 'void java.lang.invoke.DirectMethodHandle$Holder.invokeSpecial(java.lang.Object, java.lang.Object)'> (0x00000000ad7e09d0) thrown at [./src/hotspot/share/interpreter/linkResolver.cpp, line 773]

Events (20 events):
Event: 5.201 loading class org/gradle/api/internal/artifacts/ivyservice/resolveengine/result/ComponentSelectionDescriptorSerializer
Event: 5.201 loading class org/gradle/api/internal/artifacts/ivyservice/resolveengine/result/ComponentSelectionDescriptorSerializer done
Event: 5.202 loading class org/gradle/api/internal/artifacts/ivyservice/resolveengine/result/ComponentSelectionReasonSerializer
Event: 5.202 loading class org/gradle/api/internal/artifacts/ivyservice/resolveengine/result/ComponentSelectionReasonSerializer done
Event: 5.202 loading class org/gradle/api/internal/artifacts/ivyservice/resolveengine/result/ComponentSelectorSerializer
Event: 5.202 loading class org/gradle/api/internal/artifacts/ivyservice/resolveengine/result/ComponentSelectorSerializer done
Event: 5.203 loading class org/gradle/api/internal/artifacts/ImmutableVersionConstraint
Event: 5.203 loading class org/gradle/api/internal/artifacts/ImmutableVersionConstraint done
Event: 5.204 loading class org/gradle/api/internal/artifacts/ivyservice/resolveengine/result/ComponentSelectorSerializer$OptimizingAttributeContainerSerializer
Event: 5.204 loading class org/gradle/api/internal/artifacts/ivyservice/resolveengine/result/ComponentSelectorSerializer$OptimizingAttributeContainerSerializer done
Event: 5.205 loading class org/gradle/api/internal/artifacts/ivyservice/resolveengine/result/ResolvedComponentResultSerializer
Event: 5.205 loading class org/gradle/api/internal/artifacts/ivyservice/resolveengine/result/ResolvedComponentResultSerializer done
Event: 5.206 loading class org/gradle/composite/internal/CompositeBuildsValueSnapshotterSerializerRegistry
Event: 5.206 loading class org/gradle/composite/internal/CompositeBuildsValueSnapshotterSerializerRegistry done
Event: 5.206 loading class org/gradle/composite/internal/CompositeProjectComponentArtifactMetadata
Event: 5.206 loading class org/gradle/composite/internal/CompositeProjectComponentArtifactMetadata done
Event: 5.207 loading class org/gradle/composite/internal/CompositeProjectComponentArtifactMetadataSerializer
Event: 5.207 loading class org/gradle/composite/internal/CompositeProjectComponentArtifactMetadataSerializer done
Event: 5.209 loading class org/gradle/internal/resource/transport/file/FileConnectorFactory
Event: 5.209 loading class org/gradle/internal/resource/transport/file/FileConnectorFactory done


Dynamic libraries:
0x00007ff754c30000 - 0x00007ff754c3a000 	C:\Program Files\Android\Android Studio\jre\bin\java.exe
0x00007ff84a870000 - 0x00007ff84aa68000 	C:\WINDOWS\SYSTEM32\ntdll.dll
0x00007ff848a80000 - 0x00007ff848b3f000 	C:\WINDOWS\System32\KERNEL32.DLL
0x00007ff848240000 - 0x00007ff848512000 	C:\WINDOWS\System32\KERNELBASE.dll
0x00007ff847fe0000 - 0x00007ff8480e0000 	C:\WINDOWS\System32\ucrtbase.dll
0x00007ff8381d0000 - 0x00007ff8381e9000 	C:\Program Files\Android\Android Studio\jre\bin\jli.dll
0x00007ff839220000 - 0x00007ff839237000 	C:\Program Files\Android\Android Studio\jre\bin\VCRUNTIME140.dll
0x00007ff848b40000 - 0x00007ff848ce1000 	C:\WINDOWS\System32\USER32.dll
0x00007ff8480e0000 - 0x00007ff848102000 	C:\WINDOWS\System32\win32u.dll
0x00007ff834e10000 - 0x00007ff8350aa000 	C:\WINDOWS\WinSxS\amd64_microsoft.windows.common-controls_6595b64144ccf1df_6.0.19041.1110_none_60b5254171f9507e\COMCTL32.dll
0x00007ff84a4c0000 - 0x00007ff84a4eb000 	C:\WINDOWS\System32\GDI32.dll
0x00007ff849e40000 - 0x00007ff849ede000 	C:\WINDOWS\System32\msvcrt.dll
0x00007ff848520000 - 0x00007ff84862f000 	C:\WINDOWS\System32\gdi32full.dll
0x00007ff848110000 - 0x00007ff8481ad000 	C:\WINDOWS\System32\msvcp_win.dll
0x00007ff8490c0000 - 0x00007ff8490f0000 	C:\WINDOWS\System32\IMM32.DLL
0x00007ff836bc0000 - 0x00007ff836c5d000 	C:\Program Files\Android\Android Studio\jre\bin\msvcp140.dll
0x00007ffffcef0000 - 0x00007ffffd9d5000 	C:\Program Files\Android\Android Studio\jre\bin\server\jvm.dll
0x00007ff8492c0000 - 0x00007ff84936e000 	C:\WINDOWS\System32\ADVAPI32.dll
0x00007ff849500000 - 0x00007ff84959c000 	C:\WINDOWS\System32\sechost.dll
0x00007ff84a6f0000 - 0x00007ff84a814000 	C:\WINDOWS\System32\RPCRT4.dll
0x00007ff84a820000 - 0x00007ff84a828000 	C:\WINDOWS\System32\PSAPI.DLL
0x00007ff82b4f0000 - 0x00007ff82b517000 	C:\WINDOWS\SYSTEM32\WINMM.dll
0x00007ff840f90000 - 0x00007ff840f9a000 	C:\WINDOWS\SYSTEM32\VERSION.dll
0x00007ff834320000 - 0x00007ff834329000 	C:\WINDOWS\SYSTEM32\WSOCK32.dll
0x00007ff8495a0000 - 0x00007ff84960b000 	C:\WINDOWS\System32\WS2_32.dll
0x00007ff8467b0000 - 0x00007ff8467c2000 	C:\WINDOWS\SYSTEM32\kernel.appcore.dll
0x00007ff836c80000 - 0x00007ff836c91000 	C:\Program Files\Android\Android Studio\jre\bin\verify.dll
0x00007ff845ce0000 - 0x00007ff845ec4000 	C:\WINDOWS\SYSTEM32\DBGHELP.DLL
0x00007ff831ca0000 - 0x00007ff831cd5000 	C:\WINDOWS\SYSTEM32\dbgcore.DLL
0x00007ff8481b0000 - 0x00007ff848232000 	C:\WINDOWS\System32\bcryptPrimitives.dll
0x00007ff835570000 - 0x00007ff835599000 	C:\Program Files\Android\Android Studio\jre\bin\java.dll
0x00007ff836c70000 - 0x00007ff836c7b000 	C:\Program Files\Android\Android Studio\jre\bin\jimage.dll
0x00007ff835d20000 - 0x00007ff835d38000 	C:\Program Files\Android\Android Studio\jre\bin\zip.dll
0x00007ff849610000 - 0x00007ff849d55000 	C:\WINDOWS\System32\SHELL32.dll
0x00007ff846010000 - 0x00007ff8467a2000 	C:\WINDOWS\SYSTEM32\windows.storage.dll
0x00007ff848d50000 - 0x00007ff8490a5000 	C:\WINDOWS\System32\combase.dll
0x00007ff8479d0000 - 0x00007ff847a00000 	C:\WINDOWS\SYSTEM32\Wldp.dll
0x00007ff849450000 - 0x00007ff8494fd000 	C:\WINDOWS\System32\SHCORE.dll
0x00007ff849de0000 - 0x00007ff849e35000 	C:\WINDOWS\System32\shlwapi.dll
0x00007ff847eb0000 - 0x00007ff847ecf000 	C:\WINDOWS\SYSTEM32\profapi.dll
0x00007ff835c00000 - 0x00007ff835c1a000 	C:\Program Files\Android\Android Studio\jre\bin\net.dll
0x00007ff83f110000 - 0x00007ff83f21a000 	C:\WINDOWS\SYSTEM32\WINHTTP.dll
0x00007ff847730000 - 0x00007ff84779a000 	C:\WINDOWS\system32\mswsock.dll
0x00007ff8231a0000 - 0x00007ff8231b4000 	C:\Program Files\Android\Android Studio\jre\bin\nio.dll
0x00007ff837eb0000 - 0x00007ff837ed7000 	C:\Users\ASUS\.gradle\native\e1d6ef7f7dcc3fd88c89a11ec53ec762bb8ba0a96d01ffa2cd45eb1d1d8dd5c5\windows-amd64\native-platform.dll
0x00007ff812d70000 - 0x00007ff812eb4000 	C:\Users\ASUS\.gradle\native\0d407fdbe67a94daf76414ababcb853783967236a71b16ec16e742cd7a986fd3\windows-amd64\native-platform-file-events.dll
0x00007ff836c60000 - 0x00007ff836c6a000 	C:\Program Files\Android\Android Studio\jre\bin\management.dll
0x00007ff8310d0000 - 0x00007ff8310dd000 	C:\Program Files\Android\Android Studio\jre\bin\management_ext.dll
0x00007ff847930000 - 0x00007ff847948000 	C:\WINDOWS\SYSTEM32\CRYPTSP.dll
0x00007ff846fe0000 - 0x00007ff847014000 	C:\WINDOWS\system32\rsaenh.dll
0x00007ff848890000 - 0x00007ff8488b7000 	C:\WINDOWS\System32\bcrypt.dll
0x00007ff847e70000 - 0x00007ff847e9e000 	C:\WINDOWS\SYSTEM32\USERENV.dll
0x00007ff847920000 - 0x00007ff84792c000 	C:\WINDOWS\SYSTEM32\CRYPTBASE.dll
0x00007ff8473d0000 - 0x00007ff84740b000 	C:\WINDOWS\SYSTEM32\IPHLPAPI.DLL
0x00007ff8488c0000 - 0x00007ff8488c8000 	C:\WINDOWS\System32\NSI.dll
0x00007ff840610000 - 0x00007ff840627000 	C:\WINDOWS\SYSTEM32\dhcpcsvc6.DLL
0x00007ff842070000 - 0x00007ff84208d000 	C:\WINDOWS\SYSTEM32\dhcpcsvc.DLL
0x00007ff847420000 - 0x00007ff8474eb000 	C:\WINDOWS\SYSTEM32\DNSAPI.dll

dbghelp: loaded successfully - version: 4.0.5 - missing functions: none
symbol engine: initialized successfully - sym options: 0x614 - pdb path: .;C:\Program Files\Android\Android Studio\jre\bin;C:\WINDOWS\SYSTEM32;C:\WINDOWS\WinSxS\amd64_microsoft.windows.common-controls_6595b64144ccf1df_6.0.19041.1110_none_60b5254171f9507e;C:\Program Files\Android\Android Studio\jre\bin\server;C:\Users\ASUS\.gradle\native\e1d6ef7f7dcc3fd88c89a11ec53ec762bb8ba0a96d01ffa2cd45eb1d1d8dd5c5\windows-amd64;C:\Users\ASUS\.gradle\native\0d407fdbe67a94daf76414ababcb853783967236a71b16ec16e742cd7a986fd3\windows-amd64

VM Arguments:
jvm_args: --add-opens=java.base/java.util=ALL-UNNAMED --add-opens=java.base/java.lang=ALL-UNNAMED --add-opens=java.base/java.lang.invoke=ALL-UNNAMED --add-opens=java.base/java.util=ALL-UNNAMED --add-opens=java.prefs/java.util.prefs=ALL-UNNAMED --add-opens=java.prefs/java.util.prefs=ALL-UNNAMED --add-opens=java.base/java.nio.charset=ALL-UNNAMED --add-opens=java.base/java.net=ALL-UNNAMED --add-opens=java.base/java.util.concurrent.atomic=ALL-UNNAMED -Xmx1536M -Dfile.encoding=windows-1252 -Duser.country=TR -Duser.language=tr -Duser.variant 
java_command: org.gradle.launcher.daemon.bootstrap.GradleDaemon 7.4
java_class_path (initial): C:\Users\ASUS\.gradle\wrapper\dists\gradle-7.4-all\aadb4xli5jkdsnukm30eibyiu\gradle-7.4\lib\gradle-launcher-7.4.jar
Launcher Type: SUN_STANDARD

[Global flags]
     intx CICompilerCount                          = 4                                         {product} {ergonomic}
     uint ConcGCThreads                            = 2                                         {product} {ergonomic}
     uint G1ConcRefinementThreads                  = 8                                         {product} {ergonomic}
   size_t G1HeapRegionSize                         = 1048576                                   {product} {ergonomic}
    uintx GCDrainStackTargetSize                   = 64                                        {product} {ergonomic}
   size_t InitialHeapSize                          = 268435456                                 {product} {ergonomic}
   size_t MarkStackSize                            = 4194304                                   {product} {ergonomic}
   size_t MaxHeapSize                              = 1610612736                                {product} {command line}
   size_t MaxNewSize                               = 965738496                                 {product} {ergonomic}
   size_t MinHeapDeltaBytes                        = 1048576                                   {product} {ergonomic}
    uintx NonNMethodCodeHeapSize                   = 5836300                                {pd product} {ergonomic}
    uintx NonProfiledCodeHeapSize                  = 122910970                              {pd product} {ergonomic}
    uintx ProfiledCodeHeapSize                     = 122910970                              {pd product} {ergonomic}
    uintx ReservedCodeCacheSize                    = 251658240                              {pd product} {ergonomic}
     bool SegmentedCodeCache                       = true                                      {product} {ergonomic}
     bool UseCompressedClassPointers               = true                                 {lp64_product} {ergonomic}
     bool UseCompressedOops                        = true                                 {lp64_product} {ergonomic}
     bool UseG1GC                                  = true                                      {product} {ergonomic}
     bool UseLargePagesIndividualAllocation        = false                                  {pd product} {ergonomic}

Logging:
Log output configuration:
 #0: stdout all=warning uptime,level,tags
 #1: stderr all=off uptime,level,tags

Environment Variables:
JAVA_HOME=C:\Program Files\Android\Android Studio\jre
CLASSPATH=C:\Users\ASUS\AndroidStudioProjects\beklenenYasamSuresiHesaplama\android\\gradle\wrapper\gradle-wrapper.jar
PATH=C:\Program Files\Common Files\Oracle\Java\javapath;C:\Program Files (x86)\Common Files\Oracle\Java\javapath;C:\Program Files (x86)\Intel\iCLS Client\;C:\Program Files\Intel\iCLS Client\;C:\Windows\system32;C:\Windows;C:\Windows\System32\Wbem;C:\Windows\System32\WindowsPowerShell\v1.0\;C:\Program Files (x86)\NVIDIA Corporation\PhysX\Common;C:\Program Files (x86)\Intel\Intel(R) Management Engine Components\DAL;C:\Program Files\Intel\Intel(R) Management Engine Components\DAL;C:\Program Files (x86)\Intel\Intel(R) Management Engine Components\IPT;C:\Program Files\Intel\Intel(R) Management Engine Components\IPT;C:\WINDOWS\system32;C:\WINDOWS;C:\WINDOWS\System32\Wbem;C:\WINDOWS\System32\WindowsPowerShell\v1.0\;C:\WINDOWS\System32\OpenSSH\;C:\Program Files\Intel\WiFi\bin\;C:\Program Files\Common Files\Intel\WirelessCommon\;C:\Program Files\NVIDIA Corporation\NVIDIA NvDLISR;C:\WINDOWS\system32;C:\WINDOWS;C:\WINDOWS\System32\Wbem;C:\WINDOWS\System32\WindowsPowerShell\v1.0\;C:\WINDOWS\System32\OpenSSH\;C:\Program Files\dotnet\;C:\Program Files\Microsoft SQL Server\Client SDK\ODBC\170\Tools\Binn\;C:\Program Files (x86)\Microsoft SQL Server\150\Tools\Binn\;C:\Program Files\Microsoft SQL Server\150\Tools\Binn\;C:\Program Files\Microsoft SQL Server\150\DTS\Binn\;C:\Program Files\Azure Data Studio\bin;C:\Program Files\Microsoft SQL Server\130\Tools\Binn\;C:\src\flutter\bin;C:\Program Files\Git\cmd;C:\Users\ASUS\Desktop\flutter\bin;C:\Users\ASUS\.dotnet\tools;C:\Users\ASUS\AppData\Local\GitHubDesktop\bin;C:\Program Files\Azure Data Studio\bin;C:\Users\ASUS\AppData\Local\Programs\Microsoft VS Code\bin;C:\Users\ASUS\Desktop\flutter\bin;C:\src\flutter\bin;C:\src\flutter\bin;C:\Program Files\Java\jdk-11.0.15\bin;;C:\src\flutter\bin\mingit\cmd
USERNAME=ASUS
OS=Windows_NT
PROCESSOR_IDENTIFIER=Intel64 Family 6 Model 158 Stepping 9, GenuineIntel



---------------  S Y S T E M  ---------------

OS: Windows 10 , 64 bit Build 19041 (10.0.19041.2546)
OS uptime: 14 days 1:56 hours

CPU:total 8 (initial active 8) (4 cores per cpu, 2 threads per core) family 6 model 158 stepping 9 microcode 0xb4, cmov, cx8, fxsr, mmx, sse, sse2, sse3, ssse3, sse4.1, sse4.2, popcnt, avx, avx2, aes, clmul, erms, 3dnowpref, lzcnt, ht, tsc, tscinvbit, bmi1, bmi2, adx, fma

Memory: 4k page, system-wide physical 16268M (2450M free)
TotalPageFile size 16268M (AvailPageFile size 5M)
current process WorkingSet (physical memory assigned to process): 253M, peak: 254M
current process commit charge ("private bytes"): 426M, peak: 427M

vm_info: OpenJDK 64-Bit Server VM (11.0.12+7-b1504.28-7817840) for windows-amd64 JRE (11.0.12+7-b1504.28-7817840), built on Oct 13 2021 22:12:33 by "builder" with MS VC++ 14.0 (VS2015)

END.
